{"C:\\Users\\matth\\OneDrive\\Desktop\\WMC-Projekt_5a\\Project\\backend\\routes\\api.js": {"path":"C:\\Users\\matth\\OneDrive\\Desktop\\WMC-Projekt_5a\\Project\\backend\\routes\\api.js","statementMap":{"0":{"start":{"line":1,"column":16},"end":{"line":1,"column":34}},"1":{"start":{"line":2,"column":15},"end":{"line":2,"column":31}},"2":{"start":{"line":3,"column":18},"end":{"line":3,"column":50}},"3":{"start":{"line":4,"column":23},"end":{"line":4,"column":60}},"4":{"start":{"line":5,"column":110},"end":{"line":5,"column":149}},"5":{"start":{"line":6,"column":67},"end":{"line":6,"column":106}},"6":{"start":{"line":7,"column":90},"end":{"line":7,"column":130}},"7":{"start":{"line":8,"column":69},"end":{"line":8,"column":109}},"8":{"start":{"line":9,"column":12},"end":{"line":9,"column":35}},"9":{"start":{"line":12,"column":19},"end":{"line":12,"column":75}},"10":{"start":{"line":19,"column":26},"end":{"line":48,"column":1}},"11":{"start":{"line":20,"column":23},"end":{"line":20,"column":51}},"12":{"start":{"line":21,"column":18},"end":{"line":21,"column":56}},"13":{"start":{"line":23,"column":4},"end":{"line":25,"column":5}},"14":{"start":{"line":24,"column":8},"end":{"line":24,"column":42}},"15":{"start":{"line":28,"column":4},"end":{"line":30,"column":5}},"16":{"start":{"line":29,"column":8},"end":{"line":29,"column":47}},"17":{"start":{"line":32,"column":4},"end":{"line":47,"column":7}},"18":{"start":{"line":33,"column":8},"end":{"line":44,"column":9}},"19":{"start":{"line":35,"column":12},"end":{"line":37,"column":13}},"20":{"start":{"line":36,"column":16},"end":{"line":36,"column":85}},"21":{"start":{"line":39,"column":12},"end":{"line":41,"column":13}},"22":{"start":{"line":40,"column":16},"end":{"line":40,"column":55}},"23":{"start":{"line":43,"column":12},"end":{"line":43,"column":51}},"24":{"start":{"line":45,"column":8},"end":{"line":45,"column":24}},"25":{"start":{"line":46,"column":8},"end":{"line":46,"column":15}},"26":{"start":{"line":56,"column":0},"end":{"line":94,"column":3}},"27":{"start":{"line":57,"column":4},"end":{"line":93,"column":5}},"28":{"start":{"line":58,"column":46},"end":{"line":58,"column":54}},"29":{"start":{"line":61,"column":33},"end":{"line":61,"column":81}},"30":{"start":{"line":62,"column":8},"end":{"line":64,"column":9}},"31":{"start":{"line":63,"column":12},"end":{"line":63,"column":82}},"32":{"start":{"line":66,"column":23},"end":{"line":66,"column":76}},"33":{"start":{"line":69,"column":22},"end":{"line":73,"column":9}},"34":{"start":{"line":76,"column":24},"end":{"line":76,"column":70}},"35":{"start":{"line":78,"column":8},"end":{"line":90,"column":11}},"36":{"start":{"line":92,"column":8},"end":{"line":92,"column":58}},"37":{"start":{"line":100,"column":0},"end":{"line":152,"column":3}},"38":{"start":{"line":101,"column":4},"end":{"line":151,"column":5}},"39":{"start":{"line":102,"column":36},"end":{"line":102,"column":44}},"40":{"start":{"line":105,"column":33},"end":{"line":105,"column":68}},"41":{"start":{"line":106,"column":8},"end":{"line":108,"column":9}},"42":{"start":{"line":107,"column":12},"end":{"line":107,"column":82}},"43":{"start":{"line":110,"column":21},"end":{"line":110,"column":58}},"44":{"start":{"line":112,"column":8},"end":{"line":114,"column":9}},"45":{"start":{"line":113,"column":12},"end":{"line":113,"column":57}},"46":{"start":{"line":116,"column":32},"end":{"line":116,"column":92}},"47":{"start":{"line":118,"column":8},"end":{"line":120,"column":9}},"48":{"start":{"line":119,"column":12},"end":{"line":119,"column":57}},"49":{"start":{"line":123,"column":22},"end":{"line":127,"column":9}},"50":{"start":{"line":130,"column":24},"end":{"line":130,"column":68}},"51":{"start":{"line":133,"column":58},"end":{"line":133,"column":62}},"52":{"start":{"line":135,"column":8},"end":{"line":148,"column":11}},"53":{"start":{"line":150,"column":8},"end":{"line":150,"column":51}},"54":{"start":{"line":158,"column":0},"end":{"line":192,"column":3}},"55":{"start":{"line":159,"column":4},"end":{"line":191,"column":5}},"56":{"start":{"line":160,"column":27},"end":{"line":160,"column":55}},"57":{"start":{"line":161,"column":22},"end":{"line":161,"column":60}},"58":{"start":{"line":163,"column":8},"end":{"line":165,"column":9}},"59":{"start":{"line":164,"column":12},"end":{"line":164,"column":46}},"60":{"start":{"line":168,"column":8},"end":{"line":188,"column":11}},"61":{"start":{"line":169,"column":12},"end":{"line":171,"column":13}},"62":{"start":{"line":170,"column":16},"end":{"line":170,"column":55}},"63":{"start":{"line":174,"column":29},"end":{"line":178,"column":13}},"64":{"start":{"line":180,"column":12},"end":{"line":187,"column":15}},"65":{"start":{"line":190,"column":8},"end":{"line":190,"column":53}},"66":{"start":{"line":198,"column":0},"end":{"line":217,"column":3}},"67":{"start":{"line":199,"column":4},"end":{"line":216,"column":5}},"68":{"start":{"line":200,"column":27},"end":{"line":200,"column":55}},"69":{"start":{"line":201,"column":22},"end":{"line":201,"column":60}},"70":{"start":{"line":204,"column":8},"end":{"line":204,"column":46}},"71":{"start":{"line":206,"column":8},"end":{"line":213,"column":11}},"72":{"start":{"line":215,"column":8},"end":{"line":215,"column":52}},"73":{"start":{"line":223,"column":0},"end":{"line":240,"column":3}},"74":{"start":{"line":224,"column":4},"end":{"line":239,"column":5}},"75":{"start":{"line":225,"column":23},"end":{"line":225,"column":38}},"76":{"start":{"line":226,"column":25},"end":{"line":226,"column":63}},"77":{"start":{"line":228,"column":8},"end":{"line":236,"column":11}},"78":{"start":{"line":238,"column":8},"end":{"line":238,"column":54}},"79":{"start":{"line":248,"column":0},"end":{"line":260,"column":3}},"80":{"start":{"line":249,"column":4},"end":{"line":259,"column":5}},"81":{"start":{"line":250,"column":21},"end":{"line":250,"column":65}},"82":{"start":{"line":252,"column":8},"end":{"line":256,"column":11}},"83":{"start":{"line":258,"column":8},"end":{"line":258,"column":47}},"84":{"start":{"line":266,"column":0},"end":{"line":279,"column":3}},"85":{"start":{"line":267,"column":4},"end":{"line":278,"column":5}},"86":{"start":{"line":268,"column":24},"end":{"line":268,"column":32}},"87":{"start":{"line":269,"column":23},"end":{"line":269,"column":75}},"88":{"start":{"line":271,"column":8},"end":{"line":275,"column":11}},"89":{"start":{"line":277,"column":8},"end":{"line":277,"column":50}},"90":{"start":{"line":285,"column":0},"end":{"line":297,"column":3}},"91":{"start":{"line":286,"column":4},"end":{"line":296,"column":5}},"92":{"start":{"line":287,"column":23},"end":{"line":287,"column":66}},"93":{"start":{"line":289,"column":8},"end":{"line":293,"column":11}},"94":{"start":{"line":295,"column":8},"end":{"line":295,"column":50}},"95":{"start":{"line":305,"column":0},"end":{"line":319,"column":3}},"96":{"start":{"line":306,"column":4},"end":{"line":318,"column":5}},"97":{"start":{"line":307,"column":26},"end":{"line":307,"column":34}},"98":{"start":{"line":308,"column":23},"end":{"line":308,"column":78}},"99":{"start":{"line":310,"column":8},"end":{"line":315,"column":11}},"100":{"start":{"line":317,"column":8},"end":{"line":317,"column":52}},"101":{"start":{"line":326,"column":0},"end":{"line":340,"column":3}},"102":{"start":{"line":327,"column":4},"end":{"line":339,"column":5}},"103":{"start":{"line":328,"column":27},"end":{"line":328,"column":36}},"104":{"start":{"line":329,"column":23},"end":{"line":329,"column":81}},"105":{"start":{"line":331,"column":8},"end":{"line":336,"column":11}},"106":{"start":{"line":338,"column":8},"end":{"line":338,"column":50}},"107":{"start":{"line":346,"column":0},"end":{"line":363,"column":3}},"108":{"start":{"line":347,"column":4},"end":{"line":362,"column":5}},"109":{"start":{"line":348,"column":22},"end":{"line":348,"column":65}},"110":{"start":{"line":351,"column":8},"end":{"line":353,"column":9}},"111":{"start":{"line":352,"column":12},"end":{"line":352,"column":57}},"112":{"start":{"line":355,"column":8},"end":{"line":359,"column":11}},"113":{"start":{"line":361,"column":8},"end":{"line":361,"column":49}},"114":{"start":{"line":369,"column":0},"end":{"line":388,"column":3}},"115":{"start":{"line":370,"column":4},"end":{"line":387,"column":5}},"116":{"start":{"line":371,"column":22},"end":{"line":371,"column":65}},"117":{"start":{"line":374,"column":8},"end":{"line":376,"column":9}},"118":{"start":{"line":375,"column":12},"end":{"line":375,"column":57}},"119":{"start":{"line":378,"column":23},"end":{"line":378,"column":75}},"120":{"start":{"line":380,"column":8},"end":{"line":384,"column":11}},"121":{"start":{"line":386,"column":8},"end":{"line":386,"column":52}},"122":{"start":{"line":394,"column":0},"end":{"line":412,"column":3}},"123":{"start":{"line":395,"column":4},"end":{"line":411,"column":5}},"124":{"start":{"line":396,"column":36},"end":{"line":396,"column":50}},"125":{"start":{"line":397,"column":23},"end":{"line":401,"column":9}},"126":{"start":{"line":403,"column":8},"end":{"line":408,"column":11}},"127":{"start":{"line":410,"column":8},"end":{"line":410,"column":54}},"128":{"start":{"line":418,"column":0},"end":{"line":437,"column":3}},"129":{"start":{"line":419,"column":4},"end":{"line":436,"column":5}},"130":{"start":{"line":420,"column":22},"end":{"line":420,"column":65}},"131":{"start":{"line":423,"column":8},"end":{"line":425,"column":9}},"132":{"start":{"line":424,"column":12},"end":{"line":424,"column":57}},"133":{"start":{"line":427,"column":23},"end":{"line":427,"column":65}},"134":{"start":{"line":429,"column":8},"end":{"line":433,"column":11}},"135":{"start":{"line":435,"column":8},"end":{"line":435,"column":52}},"136":{"start":{"line":445,"column":0},"end":{"line":458,"column":3}},"137":{"start":{"line":446,"column":4},"end":{"line":457,"column":5}},"138":{"start":{"line":447,"column":24},"end":{"line":447,"column":32}},"139":{"start":{"line":448,"column":23},"end":{"line":448,"column":80}},"140":{"start":{"line":450,"column":8},"end":{"line":454,"column":11}},"141":{"start":{"line":456,"column":8},"end":{"line":456,"column":52}},"142":{"start":{"line":460,"column":0},"end":{"line":460,"column":24}}},"fnMap":{"0":{"name":"(anonymous_0)","decl":{"start":{"line":19,"column":26},"end":{"line":19,"column":27}},"loc":{"start":{"line":19,"column":46},"end":{"line":48,"column":1}},"line":19},"1":{"name":"(anonymous_1)","decl":{"start":{"line":32,"column":34},"end":{"line":32,"column":35}},"loc":{"start":{"line":32,"column":49},"end":{"line":47,"column":5}},"line":32},"2":{"name":"(anonymous_2)","decl":{"start":{"line":56,"column":30},"end":{"line":56,"column":31}},"loc":{"start":{"line":56,"column":50},"end":{"line":94,"column":1}},"line":56},"3":{"name":"(anonymous_3)","decl":{"start":{"line":100,"column":27},"end":{"line":100,"column":28}},"loc":{"start":{"line":100,"column":47},"end":{"line":152,"column":1}},"line":100},"4":{"name":"(anonymous_4)","decl":{"start":{"line":158,"column":29},"end":{"line":158,"column":30}},"loc":{"start":{"line":158,"column":43},"end":{"line":192,"column":1}},"line":158},"5":{"name":"(anonymous_5)","decl":{"start":{"line":168,"column":66},"end":{"line":168,"column":67}},"loc":{"start":{"line":168,"column":81},"end":{"line":188,"column":9}},"line":168},"6":{"name":"(anonymous_6)","decl":{"start":{"line":198,"column":47},"end":{"line":198,"column":48}},"loc":{"start":{"line":198,"column":61},"end":{"line":217,"column":1}},"line":198},"7":{"name":"(anonymous_7)","decl":{"start":{"line":223,"column":48},"end":{"line":223,"column":49}},"loc":{"start":{"line":223,"column":62},"end":{"line":240,"column":1}},"line":223},"8":{"name":"(anonymous_8)","decl":{"start":{"line":248,"column":43},"end":{"line":248,"column":44}},"loc":{"start":{"line":248,"column":63},"end":{"line":260,"column":1}},"line":248},"9":{"name":"(anonymous_9)","decl":{"start":{"line":266,"column":43},"end":{"line":266,"column":44}},"loc":{"start":{"line":266,"column":63},"end":{"line":279,"column":1}},"line":266},"10":{"name":"(anonymous_10)","decl":{"start":{"line":285,"column":46},"end":{"line":285,"column":47}},"loc":{"start":{"line":285,"column":66},"end":{"line":297,"column":1}},"line":285},"11":{"name":"(anonymous_11)","decl":{"start":{"line":305,"column":42},"end":{"line":305,"column":43}},"loc":{"start":{"line":305,"column":62},"end":{"line":319,"column":1}},"line":305},"12":{"name":"(anonymous_12)","decl":{"start":{"line":326,"column":41},"end":{"line":326,"column":42}},"loc":{"start":{"line":326,"column":61},"end":{"line":340,"column":1}},"line":326},"13":{"name":"(anonymous_13)","decl":{"start":{"line":346,"column":45},"end":{"line":346,"column":46}},"loc":{"start":{"line":346,"column":65},"end":{"line":363,"column":1}},"line":346},"14":{"name":"(anonymous_14)","decl":{"start":{"line":369,"column":45},"end":{"line":369,"column":46}},"loc":{"start":{"line":369,"column":65},"end":{"line":388,"column":1}},"line":369},"15":{"name":"(anonymous_15)","decl":{"start":{"line":394,"column":55},"end":{"line":394,"column":56}},"loc":{"start":{"line":394,"column":75},"end":{"line":412,"column":1}},"line":394},"16":{"name":"(anonymous_16)","decl":{"start":{"line":418,"column":48},"end":{"line":418,"column":49}},"loc":{"start":{"line":418,"column":68},"end":{"line":437,"column":1}},"line":418},"17":{"name":"(anonymous_17)","decl":{"start":{"line":445,"column":40},"end":{"line":445,"column":41}},"loc":{"start":{"line":445,"column":60},"end":{"line":458,"column":1}},"line":445}},"branchMap":{"0":{"loc":{"start":{"line":12,"column":19},"end":{"line":12,"column":75}},"type":"binary-expr","locations":[{"start":{"line":12,"column":19},"end":{"line":12,"column":41}},{"start":{"line":12,"column":45},"end":{"line":12,"column":75}}],"line":12},"1":{"loc":{"start":{"line":21,"column":18},"end":{"line":21,"column":56}},"type":"binary-expr","locations":[{"start":{"line":21,"column":18},"end":{"line":21,"column":28}},{"start":{"line":21,"column":32},"end":{"line":21,"column":56}}],"line":21},"2":{"loc":{"start":{"line":23,"column":4},"end":{"line":25,"column":5}},"type":"if","locations":[{"start":{"line":23,"column":4},"end":{"line":25,"column":5}},{"start":{},"end":{}}],"line":23},"3":{"loc":{"start":{"line":28,"column":4},"end":{"line":30,"column":5}},"type":"if","locations":[{"start":{"line":28,"column":4},"end":{"line":30,"column":5}},{"start":{},"end":{}}],"line":28},"4":{"loc":{"start":{"line":33,"column":8},"end":{"line":44,"column":9}},"type":"if","locations":[{"start":{"line":33,"column":8},"end":{"line":44,"column":9}},{"start":{},"end":{}}],"line":33},"5":{"loc":{"start":{"line":35,"column":12},"end":{"line":37,"column":13}},"type":"if","locations":[{"start":{"line":35,"column":12},"end":{"line":37,"column":13}},{"start":{},"end":{}}],"line":35},"6":{"loc":{"start":{"line":39,"column":12},"end":{"line":41,"column":13}},"type":"if","locations":[{"start":{"line":39,"column":12},"end":{"line":41,"column":13}},{"start":{},"end":{}}],"line":39},"7":{"loc":{"start":{"line":62,"column":8},"end":{"line":64,"column":9}},"type":"if","locations":[{"start":{"line":62,"column":8},"end":{"line":64,"column":9}},{"start":{},"end":{}}],"line":62},"8":{"loc":{"start":{"line":106,"column":8},"end":{"line":108,"column":9}},"type":"if","locations":[{"start":{"line":106,"column":8},"end":{"line":108,"column":9}},{"start":{},"end":{}}],"line":106},"9":{"loc":{"start":{"line":112,"column":8},"end":{"line":114,"column":9}},"type":"if","locations":[{"start":{"line":112,"column":8},"end":{"line":114,"column":9}},{"start":{},"end":{}}],"line":112},"10":{"loc":{"start":{"line":118,"column":8},"end":{"line":120,"column":9}},"type":"if","locations":[{"start":{"line":118,"column":8},"end":{"line":120,"column":9}},{"start":{},"end":{}}],"line":118},"11":{"loc":{"start":{"line":161,"column":22},"end":{"line":161,"column":60}},"type":"binary-expr","locations":[{"start":{"line":161,"column":22},"end":{"line":161,"column":32}},{"start":{"line":161,"column":36},"end":{"line":161,"column":60}}],"line":161},"12":{"loc":{"start":{"line":163,"column":8},"end":{"line":165,"column":9}},"type":"if","locations":[{"start":{"line":163,"column":8},"end":{"line":165,"column":9}},{"start":{},"end":{}}],"line":163},"13":{"loc":{"start":{"line":169,"column":12},"end":{"line":171,"column":13}},"type":"if","locations":[{"start":{"line":169,"column":12},"end":{"line":171,"column":13}},{"start":{},"end":{}}],"line":169},"14":{"loc":{"start":{"line":201,"column":22},"end":{"line":201,"column":60}},"type":"binary-expr","locations":[{"start":{"line":201,"column":22},"end":{"line":201,"column":32}},{"start":{"line":201,"column":36},"end":{"line":201,"column":60}}],"line":201},"15":{"loc":{"start":{"line":351,"column":8},"end":{"line":353,"column":9}},"type":"if","locations":[{"start":{"line":351,"column":8},"end":{"line":353,"column":9}},{"start":{},"end":{}}],"line":351},"16":{"loc":{"start":{"line":374,"column":8},"end":{"line":376,"column":9}},"type":"if","locations":[{"start":{"line":374,"column":8},"end":{"line":376,"column":9}},{"start":{},"end":{}}],"line":374},"17":{"loc":{"start":{"line":396,"column":36},"end":{"line":396,"column":50}},"type":"binary-expr","locations":[{"start":{"line":396,"column":36},"end":{"line":396,"column":44}},{"start":{"line":396,"column":48},"end":{"line":396,"column":50}}],"line":396},"18":{"loc":{"start":{"line":423,"column":8},"end":{"line":425,"column":9}},"type":"if","locations":[{"start":{"line":423,"column":8},"end":{"line":425,"column":9}},{"start":{},"end":{}}],"line":423}},"s":{"0":1,"1":1,"2":1,"3":1,"4":1,"5":1,"6":1,"7":1,"8":1,"9":1,"10":1,"11":17,"12":17,"13":17,"14":2,"15":15,"16":1,"17":14,"18":14,"19":0,"20":0,"21":0,"22":0,"23":0,"24":14,"25":14,"26":1,"27":4,"28":4,"29":4,"30":4,"31":2,"32":2,"33":1,"34":1,"35":1,"36":1,"37":1,"38":4,"39":4,"40":4,"41":4,"42":1,"43":3,"44":3,"45":1,"46":2,"47":2,"48":1,"49":1,"50":1,"51":1,"52":1,"53":0,"54":1,"55":4,"56":4,"57":4,"58":4,"59":1,"60":3,"61":3,"62":1,"63":2,"64":2,"65":0,"66":1,"67":1,"68":1,"69":1,"70":1,"71":1,"72":0,"73":1,"74":0,"75":0,"76":0,"77":0,"78":0,"79":1,"80":1,"81":1,"82":1,"83":0,"84":1,"85":1,"86":1,"87":1,"88":1,"89":0,"90":1,"91":1,"92":1,"93":1,"94":0,"95":1,"96":2,"97":2,"98":2,"99":1,"100":1,"101":1,"102":1,"103":1,"104":1,"105":1,"106":0,"107":1,"108":1,"109":1,"110":1,"111":1,"112":0,"113":0,"114":1,"115":1,"116":1,"117":1,"118":0,"119":1,"120":1,"121":0,"122":1,"123":2,"124":2,"125":2,"126":1,"127":1,"128":1,"129":1,"130":1,"131":1,"132":0,"133":1,"134":1,"135":0,"136":1,"137":2,"138":2,"139":2,"140":1,"141":1,"142":1},"f":{"0":17,"1":14,"2":4,"3":4,"4":4,"5":3,"6":1,"7":0,"8":1,"9":1,"10":1,"11":2,"12":1,"13":1,"14":1,"15":2,"16":1,"17":2},"b":{"0":[1,1],"1":[17,15],"2":[2,15],"3":[1,14],"4":[0,14],"5":[0,0],"6":[0,0],"7":[2,2],"8":[1,3],"9":[1,2],"10":[1,1],"11":[4,3],"12":[1,3],"13":[1,2],"14":[1,1],"15":[1,0],"16":[0,1],"17":[2,2],"18":[0,1]},"_coverageSchema":"1a1c01bbd47fc00a2c39e90264f33305004495a9","hash":"bb5538ed08621eb64f7b46ae799b004f3ba7f55f"}
,"C:\\Users\\matth\\OneDrive\\Desktop\\WMC-Projekt_5a\\Project\\backend\\services\\authErrorHandler.js": {"path":"C:\\Users\\matth\\OneDrive\\Desktop\\WMC-Projekt_5a\\Project\\backend\\services\\authErrorHandler.js","statementMap":{"0":{"start":{"line":7,"column":20},"end":{"line":53,"column":1}},"1":{"start":{"line":59,"column":18},"end":{"line":59,"column":68}},"2":{"start":{"line":61,"column":21},"end":{"line":65,"column":5}},"3":{"start":{"line":67,"column":4},"end":{"line":69,"column":5}},"4":{"start":{"line":68,"column":8},"end":{"line":68,"column":35}},"5":{"start":{"line":71,"column":4},"end":{"line":71,"column":44}},"6":{"start":{"line":78,"column":4},"end":{"line":78,"column":63}},"7":{"start":{"line":80,"column":4},"end":{"line":83,"column":5}},"8":{"start":{"line":82,"column":8},"end":{"line":82,"column":90}},"9":{"start":{"line":85,"column":4},"end":{"line":85,"column":58}},"10":{"start":{"line":92,"column":19},"end":{"line":92,"column":21}},"11":{"start":{"line":94,"column":4},"end":{"line":96,"column":5}},"12":{"start":{"line":95,"column":8},"end":{"line":95,"column":53}},"13":{"start":{"line":98,"column":4},"end":{"line":100,"column":5}},"14":{"start":{"line":99,"column":8},"end":{"line":99,"column":68}},"15":{"start":{"line":102,"column":4},"end":{"line":104,"column":5}},"16":{"start":{"line":103,"column":8},"end":{"line":103,"column":48}},"17":{"start":{"line":106,"column":4},"end":{"line":106,"column":18}},"18":{"start":{"line":113,"column":19},"end":{"line":113,"column":21}},"19":{"start":{"line":115,"column":4},"end":{"line":117,"column":5}},"20":{"start":{"line":116,"column":8},"end":{"line":116,"column":61}},"21":{"start":{"line":119,"column":4},"end":{"line":119,"column":18}},"22":{"start":{"line":122,"column":0},"end":{"line":128,"column":2}}},"fnMap":{"0":{"name":"sendError","decl":{"start":{"line":58,"column":9},"end":{"line":58,"column":18}},"loc":{"start":{"line":58,"column":51},"end":{"line":72,"column":1}},"line":58},"1":{"name":"handleCatchError","decl":{"start":{"line":77,"column":9},"end":{"line":77,"column":25}},"loc":{"start":{"line":77,"column":66},"end":{"line":86,"column":1}},"line":77},"2":{"name":"validateRegisterInput","decl":{"start":{"line":91,"column":9},"end":{"line":91,"column":30}},"loc":{"start":{"line":91,"column":58},"end":{"line":107,"column":1}},"line":91},"3":{"name":"validateLoginInput","decl":{"start":{"line":112,"column":9},"end":{"line":112,"column":27}},"loc":{"start":{"line":112,"column":45},"end":{"line":120,"column":1}},"line":112}},"branchMap":{"0":{"loc":{"start":{"line":58,"column":35},"end":{"line":58,"column":49}},"type":"default-arg","locations":[{"start":{"line":58,"column":45},"end":{"line":58,"column":49}}],"line":58},"1":{"loc":{"start":{"line":59,"column":18},"end":{"line":59,"column":68}},"type":"binary-expr","locations":[{"start":{"line":59,"column":18},"end":{"line":59,"column":40}},{"start":{"line":59,"column":44},"end":{"line":59,"column":68}}],"line":59},"2":{"loc":{"start":{"line":67,"column":4},"end":{"line":69,"column":5}},"type":"if","locations":[{"start":{"line":67,"column":4},"end":{"line":69,"column":5}},{"start":{},"end":{}}],"line":67},"3":{"loc":{"start":{"line":77,"column":38},"end":{"line":77,"column":64}},"type":"default-arg","locations":[{"start":{"line":77,"column":50},"end":{"line":77,"column":64}}],"line":77},"4":{"loc":{"start":{"line":80,"column":4},"end":{"line":83,"column":5}},"type":"if","locations":[{"start":{"line":80,"column":4},"end":{"line":83,"column":5}},{"start":{},"end":{}}],"line":80},"5":{"loc":{"start":{"line":94,"column":4},"end":{"line":96,"column":5}},"type":"if","locations":[{"start":{"line":94,"column":4},"end":{"line":96,"column":5}},{"start":{},"end":{}}],"line":94},"6":{"loc":{"start":{"line":94,"column":8},"end":{"line":94,"column":40}},"type":"binary-expr","locations":[{"start":{"line":94,"column":8},"end":{"line":94,"column":17}},{"start":{"line":94,"column":21},"end":{"line":94,"column":27}},{"start":{"line":94,"column":31},"end":{"line":94,"column":40}}],"line":94},"7":{"loc":{"start":{"line":98,"column":4},"end":{"line":100,"column":5}},"type":"if","locations":[{"start":{"line":98,"column":4},"end":{"line":100,"column":5}},{"start":{},"end":{}}],"line":98},"8":{"loc":{"start":{"line":98,"column":8},"end":{"line":98,"column":39}},"type":"binary-expr","locations":[{"start":{"line":98,"column":8},"end":{"line":98,"column":16}},{"start":{"line":98,"column":20},"end":{"line":98,"column":39}}],"line":98},"9":{"loc":{"start":{"line":102,"column":4},"end":{"line":104,"column":5}},"type":"if","locations":[{"start":{"line":102,"column":4},"end":{"line":104,"column":5}},{"start":{},"end":{}}],"line":102},"10":{"loc":{"start":{"line":102,"column":8},"end":{"line":102,"column":59}},"type":"binary-expr","locations":[{"start":{"line":102,"column":8},"end":{"line":102,"column":13}},{"start":{"line":102,"column":17},"end":{"line":102,"column":59}}],"line":102},"11":{"loc":{"start":{"line":115,"column":4},"end":{"line":117,"column":5}},"type":"if","locations":[{"start":{"line":115,"column":4},"end":{"line":117,"column":5}},{"start":{},"end":{}}],"line":115},"12":{"loc":{"start":{"line":115,"column":8},"end":{"line":115,"column":27}},"type":"binary-expr","locations":[{"start":{"line":115,"column":8},"end":{"line":115,"column":14}},{"start":{"line":115,"column":18},"end":{"line":115,"column":27}}],"line":115}},"s":{"0":1,"1":11,"2":11,"3":11,"4":4,"5":11,"6":1,"7":1,"8":0,"9":1,"10":4,"11":4,"12":1,"13":4,"14":0,"15":4,"16":1,"17":4,"18":4,"19":4,"20":1,"21":4,"22":1},"f":{"0":11,"1":1,"2":4,"3":4},"b":{"0":[7],"1":[11,1],"2":[4,7],"3":[0],"4":[0,1],"5":[1,3],"6":[4,4,3],"7":[0,4],"8":[4,3],"9":[1,3],"10":[4,3],"11":[1,3],"12":[4,4]},"_coverageSchema":"1a1c01bbd47fc00a2c39e90264f33305004495a9","hash":"960ceb8217088cb5269ef8818eed7df5ff749a91"}
,"C:\\Users\\matth\\OneDrive\\Desktop\\WMC-Projekt_5a\\Project\\backend\\services\\dbService.js": {"path":"C:\\Users\\matth\\OneDrive\\Desktop\\WMC-Projekt_5a\\Project\\backend\\services\\dbService.js","statementMap":{"0":{"start":{"line":1,"column":15},"end":{"line":1,"column":43}},"1":{"start":{"line":2,"column":15},"end":{"line":2,"column":34}},"2":{"start":{"line":9,"column":19},"end":{"line":44,"column":1}},"3":{"start":{"line":10,"column":4},"end":{"line":43,"column":7}},"4":{"start":{"line":11,"column":8},"end":{"line":42,"column":9}},"5":{"start":{"line":13,"column":33},"end":{"line":13,"column":64}},"6":{"start":{"line":15,"column":24},"end":{"line":18,"column":13}},"7":{"start":{"line":20,"column":12},"end":{"line":39,"column":15}},"8":{"start":{"line":21,"column":16},"end":{"line":38,"column":17}},"9":{"start":{"line":22,"column":20},"end":{"line":26,"column":21}},"10":{"start":{"line":23,"column":24},"end":{"line":23,"column":83}},"11":{"start":{"line":25,"column":24},"end":{"line":25,"column":36}},"12":{"start":{"line":29,"column":37},"end":{"line":29,"column":82}},"13":{"start":{"line":30,"column":20},"end":{"line":30,"column":52}},"14":{"start":{"line":32,"column":20},"end":{"line":37,"column":23}},"15":{"start":{"line":41,"column":12},"end":{"line":41,"column":26}},"16":{"start":{"line":49,"column":23},"end":{"line":76,"column":1}},"17":{"start":{"line":50,"column":4},"end":{"line":75,"column":7}},"18":{"start":{"line":51,"column":20},"end":{"line":66,"column":9}},"19":{"start":{"line":68,"column":8},"end":{"line":74,"column":11}},"20":{"start":{"line":69,"column":12},"end":{"line":73,"column":13}},"21":{"start":{"line":70,"column":16},"end":{"line":70,"column":28}},"22":{"start":{"line":72,"column":16},"end":{"line":72,"column":29}},"23":{"start":{"line":81,"column":20},"end":{"line":102,"column":1}},"24":{"start":{"line":82,"column":4},"end":{"line":101,"column":7}},"25":{"start":{"line":83,"column":20},"end":{"line":88,"column":9}},"26":{"start":{"line":90,"column":8},"end":{"line":100,"column":11}},"27":{"start":{"line":91,"column":12},"end":{"line":99,"column":13}},"28":{"start":{"line":92,"column":16},"end":{"line":92,"column":28}},"29":{"start":{"line":93,"column":19},"end":{"line":99,"column":13}},"30":{"start":{"line":94,"column":16},"end":{"line":94,"column":57}},"31":{"start":{"line":97,"column":66},"end":{"line":97,"column":69}},"32":{"start":{"line":98,"column":16},"end":{"line":98,"column":45}},"33":{"start":{"line":107,"column":19},"end":{"line":141,"column":1}},"34":{"start":{"line":108,"column":4},"end":{"line":140,"column":7}},"35":{"start":{"line":109,"column":30},"end":{"line":109,"column":100}},"36":{"start":{"line":110,"column":23},"end":{"line":110,"column":25}},"37":{"start":{"line":111,"column":23},"end":{"line":111,"column":25}},"38":{"start":{"line":114,"column":8},"end":{"line":119,"column":11}},"39":{"start":{"line":115,"column":12},"end":{"line":118,"column":13}},"40":{"start":{"line":116,"column":16},"end":{"line":116,"column":42}},"41":{"start":{"line":117,"column":16},"end":{"line":117,"column":42}},"42":{"start":{"line":121,"column":8},"end":{"line":124,"column":9}},"43":{"start":{"line":122,"column":12},"end":{"line":122,"column":62}},"44":{"start":{"line":123,"column":12},"end":{"line":123,"column":19}},"45":{"start":{"line":126,"column":8},"end":{"line":126,"column":54}},"46":{"start":{"line":127,"column":8},"end":{"line":127,"column":24}},"47":{"start":{"line":129,"column":20},"end":{"line":129,"column":72}},"48":{"start":{"line":131,"column":8},"end":{"line":139,"column":11}},"49":{"start":{"line":132,"column":12},"end":{"line":138,"column":13}},"50":{"start":{"line":133,"column":16},"end":{"line":133,"column":28}},"51":{"start":{"line":134,"column":19},"end":{"line":138,"column":13}},"52":{"start":{"line":135,"column":16},"end":{"line":135,"column":57}},"53":{"start":{"line":137,"column":16},"end":{"line":137,"column":93}},"54":{"start":{"line":147,"column":19},"end":{"line":161,"column":1}},"55":{"start":{"line":148,"column":4},"end":{"line":160,"column":7}},"56":{"start":{"line":149,"column":20},"end":{"line":149,"column":52}},"57":{"start":{"line":151,"column":8},"end":{"line":159,"column":11}},"58":{"start":{"line":152,"column":12},"end":{"line":158,"column":13}},"59":{"start":{"line":153,"column":16},"end":{"line":153,"column":28}},"60":{"start":{"line":154,"column":19},"end":{"line":158,"column":13}},"61":{"start":{"line":155,"column":16},"end":{"line":155,"column":57}},"62":{"start":{"line":157,"column":16},"end":{"line":157,"column":89}},"63":{"start":{"line":166,"column":23},"end":{"line":168,"column":1}},"64":{"start":{"line":167,"column":4},"end":{"line":167,"column":63}},"65":{"start":{"line":175,"column":20},"end":{"line":197,"column":1}},"66":{"start":{"line":176,"column":4},"end":{"line":196,"column":7}},"67":{"start":{"line":177,"column":89},"end":{"line":177,"column":98}},"68":{"start":{"line":179,"column":20},"end":{"line":182,"column":9}},"69":{"start":{"line":184,"column":8},"end":{"line":195,"column":11}},"70":{"start":{"line":185,"column":12},"end":{"line":194,"column":13}},"71":{"start":{"line":186,"column":16},"end":{"line":186,"column":28}},"72":{"start":{"line":188,"column":16},"end":{"line":193,"column":19}},"73":{"start":{"line":202,"column":26},"end":{"line":222,"column":1}},"74":{"start":{"line":203,"column":4},"end":{"line":221,"column":7}},"75":{"start":{"line":204,"column":18},"end":{"line":204,"column":58}},"76":{"start":{"line":205,"column":23},"end":{"line":205,"column":31}},"77":{"start":{"line":207,"column":8},"end":{"line":210,"column":9}},"78":{"start":{"line":208,"column":12},"end":{"line":208,"column":37}},"79":{"start":{"line":209,"column":12},"end":{"line":209,"column":32}},"80":{"start":{"line":212,"column":8},"end":{"line":212,"column":43}},"81":{"start":{"line":214,"column":8},"end":{"line":220,"column":11}},"82":{"start":{"line":215,"column":12},"end":{"line":219,"column":13}},"83":{"start":{"line":216,"column":16},"end":{"line":216,"column":28}},"84":{"start":{"line":218,"column":16},"end":{"line":218,"column":36}},"85":{"start":{"line":227,"column":21},"end":{"line":241,"column":1}},"86":{"start":{"line":228,"column":4},"end":{"line":240,"column":7}},"87":{"start":{"line":229,"column":20},"end":{"line":229,"column":55}},"88":{"start":{"line":231,"column":8},"end":{"line":239,"column":11}},"89":{"start":{"line":232,"column":12},"end":{"line":238,"column":13}},"90":{"start":{"line":233,"column":16},"end":{"line":233,"column":28}},"91":{"start":{"line":234,"column":19},"end":{"line":238,"column":13}},"92":{"start":{"line":235,"column":16},"end":{"line":235,"column":58}},"93":{"start":{"line":237,"column":16},"end":{"line":237,"column":29}},"94":{"start":{"line":246,"column":20},"end":{"line":277,"column":1}},"95":{"start":{"line":247,"column":4},"end":{"line":276,"column":7}},"96":{"start":{"line":248,"column":30},"end":{"line":248,"column":113}},"97":{"start":{"line":249,"column":23},"end":{"line":249,"column":25}},"98":{"start":{"line":250,"column":23},"end":{"line":250,"column":25}},"99":{"start":{"line":252,"column":8},"end":{"line":257,"column":11}},"100":{"start":{"line":253,"column":12},"end":{"line":256,"column":13}},"101":{"start":{"line":254,"column":16},"end":{"line":254,"column":42}},"102":{"start":{"line":255,"column":16},"end":{"line":255,"column":42}},"103":{"start":{"line":259,"column":8},"end":{"line":262,"column":9}},"104":{"start":{"line":260,"column":12},"end":{"line":260,"column":62}},"105":{"start":{"line":261,"column":12},"end":{"line":261,"column":19}},"106":{"start":{"line":264,"column":8},"end":{"line":264,"column":29}},"107":{"start":{"line":265,"column":20},"end":{"line":265,"column":73}},"108":{"start":{"line":267,"column":8},"end":{"line":275,"column":11}},"109":{"start":{"line":268,"column":12},"end":{"line":274,"column":13}},"110":{"start":{"line":269,"column":16},"end":{"line":269,"column":28}},"111":{"start":{"line":270,"column":19},"end":{"line":274,"column":13}},"112":{"start":{"line":271,"column":16},"end":{"line":271,"column":58}},"113":{"start":{"line":273,"column":16},"end":{"line":273,"column":94}},"114":{"start":{"line":282,"column":22},"end":{"line":335,"column":1}},"115":{"start":{"line":283,"column":4},"end":{"line":334,"column":7}},"116":{"start":{"line":284,"column":8},"end":{"line":333,"column":9}},"117":{"start":{"line":286,"column":26},"end":{"line":286,"column":53}},"118":{"start":{"line":288,"column":12},"end":{"line":291,"column":13}},"119":{"start":{"line":289,"column":16},"end":{"line":289,"column":55}},"120":{"start":{"line":290,"column":16},"end":{"line":290,"column":23}},"121":{"start":{"line":293,"column":12},"end":{"line":296,"column":13}},"122":{"start":{"line":294,"column":16},"end":{"line":294,"column":65}},"123":{"start":{"line":295,"column":16},"end":{"line":295,"column":23}},"124":{"start":{"line":299,"column":12},"end":{"line":303,"column":15}},"125":{"start":{"line":306,"column":25},"end":{"line":306,"column":50}},"126":{"start":{"line":307,"column":26},"end":{"line":307,"column":51}},"127":{"start":{"line":308,"column":29},"end":{"line":308,"column":57}},"128":{"start":{"line":310,"column":12},"end":{"line":313,"column":15}},"129":{"start":{"line":316,"column":29},"end":{"line":321,"column":13}},"130":{"start":{"line":322,"column":12},"end":{"line":322,"column":39}},"131":{"start":{"line":324,"column":12},"end":{"line":329,"column":15}},"132":{"start":{"line":332,"column":12},"end":{"line":332,"column":26}},"133":{"start":{"line":340,"column":20},"end":{"line":354,"column":1}},"134":{"start":{"line":341,"column":4},"end":{"line":353,"column":7}},"135":{"start":{"line":342,"column":20},"end":{"line":342,"column":53}},"136":{"start":{"line":344,"column":8},"end":{"line":352,"column":11}},"137":{"start":{"line":345,"column":12},"end":{"line":351,"column":13}},"138":{"start":{"line":346,"column":16},"end":{"line":346,"column":28}},"139":{"start":{"line":347,"column":19},"end":{"line":351,"column":13}},"140":{"start":{"line":348,"column":16},"end":{"line":348,"column":58}},"141":{"start":{"line":350,"column":16},"end":{"line":350,"column":90}},"142":{"start":{"line":361,"column":24},"end":{"line":392,"column":1}},"143":{"start":{"line":362,"column":4},"end":{"line":391,"column":7}},"144":{"start":{"line":363,"column":30},"end":{"line":363,"column":84}},"145":{"start":{"line":364,"column":23},"end":{"line":364,"column":25}},"146":{"start":{"line":365,"column":23},"end":{"line":365,"column":25}},"147":{"start":{"line":367,"column":8},"end":{"line":372,"column":11}},"148":{"start":{"line":368,"column":12},"end":{"line":371,"column":13}},"149":{"start":{"line":369,"column":16},"end":{"line":369,"column":42}},"150":{"start":{"line":370,"column":16},"end":{"line":370,"column":42}},"151":{"start":{"line":374,"column":8},"end":{"line":377,"column":9}},"152":{"start":{"line":375,"column":12},"end":{"line":375,"column":62}},"153":{"start":{"line":376,"column":12},"end":{"line":376,"column":19}},"154":{"start":{"line":379,"column":8},"end":{"line":379,"column":54}},"155":{"start":{"line":380,"column":8},"end":{"line":380,"column":28}},"156":{"start":{"line":382,"column":20},"end":{"line":382,"column":82}},"157":{"start":{"line":384,"column":8},"end":{"line":390,"column":11}},"158":{"start":{"line":385,"column":12},"end":{"line":389,"column":13}},"159":{"start":{"line":386,"column":16},"end":{"line":386,"column":28}},"160":{"start":{"line":388,"column":16},"end":{"line":388,"column":82}},"161":{"start":{"line":394,"column":0},"end":{"line":413,"column":2}}},"fnMap":{"0":{"name":"(anonymous_0)","decl":{"start":{"line":9,"column":19},"end":{"line":9,"column":20}},"loc":{"start":{"line":9,"column":50},"end":{"line":44,"column":1}},"line":9},"1":{"name":"(anonymous_1)","decl":{"start":{"line":10,"column":23},"end":{"line":10,"column":24}},"loc":{"start":{"line":10,"column":50},"end":{"line":43,"column":5}},"line":10},"2":{"name":"(anonymous_2)","decl":{"start":{"line":20,"column":57},"end":{"line":20,"column":58}},"loc":{"start":{"line":20,"column":72},"end":{"line":39,"column":13}},"line":20},"3":{"name":"(anonymous_3)","decl":{"start":{"line":49,"column":23},"end":{"line":49,"column":24}},"loc":{"start":{"line":49,"column":34},"end":{"line":76,"column":1}},"line":49},"4":{"name":"(anonymous_4)","decl":{"start":{"line":50,"column":23},"end":{"line":50,"column":24}},"loc":{"start":{"line":50,"column":44},"end":{"line":75,"column":5}},"line":50},"5":{"name":"(anonymous_5)","decl":{"start":{"line":68,"column":29},"end":{"line":68,"column":30}},"loc":{"start":{"line":68,"column":43},"end":{"line":74,"column":9}},"line":68},"6":{"name":"(anonymous_6)","decl":{"start":{"line":81,"column":20},"end":{"line":81,"column":21}},"loc":{"start":{"line":81,"column":28},"end":{"line":102,"column":1}},"line":81},"7":{"name":"(anonymous_7)","decl":{"start":{"line":82,"column":23},"end":{"line":82,"column":24}},"loc":{"start":{"line":82,"column":44},"end":{"line":101,"column":5}},"line":82},"8":{"name":"(anonymous_8)","decl":{"start":{"line":90,"column":26},"end":{"line":90,"column":27}},"loc":{"start":{"line":90,"column":40},"end":{"line":100,"column":9}},"line":90},"9":{"name":"(anonymous_9)","decl":{"start":{"line":107,"column":19},"end":{"line":107,"column":20}},"loc":{"start":{"line":107,"column":36},"end":{"line":141,"column":1}},"line":107},"10":{"name":"(anonymous_10)","decl":{"start":{"line":108,"column":23},"end":{"line":108,"column":24}},"loc":{"start":{"line":108,"column":44},"end":{"line":140,"column":5}},"line":108},"11":{"name":"(anonymous_11)","decl":{"start":{"line":114,"column":37},"end":{"line":114,"column":38}},"loc":{"start":{"line":114,"column":44},"end":{"line":119,"column":9}},"line":114},"12":{"name":"(anonymous_12)","decl":{"start":{"line":131,"column":28},"end":{"line":131,"column":29}},"loc":{"start":{"line":131,"column":43},"end":{"line":139,"column":9}},"line":131},"13":{"name":"(anonymous_13)","decl":{"start":{"line":147,"column":19},"end":{"line":147,"column":20}},"loc":{"start":{"line":147,"column":27},"end":{"line":161,"column":1}},"line":147},"14":{"name":"(anonymous_14)","decl":{"start":{"line":148,"column":23},"end":{"line":148,"column":24}},"loc":{"start":{"line":148,"column":44},"end":{"line":160,"column":5}},"line":148},"15":{"name":"(anonymous_15)","decl":{"start":{"line":151,"column":26},"end":{"line":151,"column":27}},"loc":{"start":{"line":151,"column":41},"end":{"line":159,"column":9}},"line":151},"16":{"name":"(anonymous_16)","decl":{"start":{"line":166,"column":23},"end":{"line":166,"column":24}},"loc":{"start":{"line":166,"column":64},"end":{"line":168,"column":1}},"line":166},"17":{"name":"(anonymous_17)","decl":{"start":{"line":175,"column":20},"end":{"line":175,"column":21}},"loc":{"start":{"line":175,"column":43},"end":{"line":197,"column":1}},"line":175},"18":{"name":"(anonymous_18)","decl":{"start":{"line":176,"column":23},"end":{"line":176,"column":24}},"loc":{"start":{"line":176,"column":44},"end":{"line":196,"column":5}},"line":176},"19":{"name":"(anonymous_19)","decl":{"start":{"line":184,"column":83},"end":{"line":184,"column":84}},"loc":{"start":{"line":184,"column":98},"end":{"line":195,"column":9}},"line":184},"20":{"name":"(anonymous_20)","decl":{"start":{"line":202,"column":26},"end":{"line":202,"column":27}},"loc":{"start":{"line":202,"column":53},"end":{"line":222,"column":1}},"line":202},"21":{"name":"(anonymous_21)","decl":{"start":{"line":203,"column":23},"end":{"line":203,"column":24}},"loc":{"start":{"line":203,"column":44},"end":{"line":221,"column":5}},"line":203},"22":{"name":"(anonymous_22)","decl":{"start":{"line":214,"column":28},"end":{"line":214,"column":29}},"loc":{"start":{"line":214,"column":43},"end":{"line":220,"column":9}},"line":214},"23":{"name":"(anonymous_23)","decl":{"start":{"line":227,"column":21},"end":{"line":227,"column":22}},"loc":{"start":{"line":227,"column":34},"end":{"line":241,"column":1}},"line":227},"24":{"name":"(anonymous_24)","decl":{"start":{"line":228,"column":23},"end":{"line":228,"column":24}},"loc":{"start":{"line":228,"column":44},"end":{"line":240,"column":5}},"line":228},"25":{"name":"(anonymous_25)","decl":{"start":{"line":231,"column":31},"end":{"line":231,"column":32}},"loc":{"start":{"line":231,"column":45},"end":{"line":239,"column":9}},"line":231},"26":{"name":"(anonymous_26)","decl":{"start":{"line":246,"column":20},"end":{"line":246,"column":21}},"loc":{"start":{"line":246,"column":42},"end":{"line":277,"column":1}},"line":246},"27":{"name":"(anonymous_27)","decl":{"start":{"line":247,"column":23},"end":{"line":247,"column":24}},"loc":{"start":{"line":247,"column":44},"end":{"line":276,"column":5}},"line":247},"28":{"name":"(anonymous_28)","decl":{"start":{"line":252,"column":37},"end":{"line":252,"column":38}},"loc":{"start":{"line":252,"column":44},"end":{"line":257,"column":9}},"line":252},"29":{"name":"(anonymous_29)","decl":{"start":{"line":267,"column":28},"end":{"line":267,"column":29}},"loc":{"start":{"line":267,"column":43},"end":{"line":275,"column":9}},"line":267},"30":{"name":"(anonymous_30)","decl":{"start":{"line":282,"column":22},"end":{"line":282,"column":23}},"loc":{"start":{"line":282,"column":66},"end":{"line":335,"column":1}},"line":282},"31":{"name":"(anonymous_31)","decl":{"start":{"line":283,"column":23},"end":{"line":283,"column":24}},"loc":{"start":{"line":283,"column":50},"end":{"line":334,"column":5}},"line":283},"32":{"name":"(anonymous_32)","decl":{"start":{"line":340,"column":20},"end":{"line":340,"column":21}},"loc":{"start":{"line":340,"column":33},"end":{"line":354,"column":1}},"line":340},"33":{"name":"(anonymous_33)","decl":{"start":{"line":341,"column":23},"end":{"line":341,"column":24}},"loc":{"start":{"line":341,"column":44},"end":{"line":353,"column":5}},"line":341},"34":{"name":"(anonymous_34)","decl":{"start":{"line":344,"column":31},"end":{"line":344,"column":32}},"loc":{"start":{"line":344,"column":46},"end":{"line":352,"column":9}},"line":344},"35":{"name":"(anonymous_35)","decl":{"start":{"line":361,"column":24},"end":{"line":361,"column":25}},"loc":{"start":{"line":361,"column":45},"end":{"line":392,"column":1}},"line":361},"36":{"name":"(anonymous_36)","decl":{"start":{"line":362,"column":23},"end":{"line":362,"column":24}},"loc":{"start":{"line":362,"column":44},"end":{"line":391,"column":5}},"line":362},"37":{"name":"(anonymous_37)","decl":{"start":{"line":367,"column":37},"end":{"line":367,"column":38}},"loc":{"start":{"line":367,"column":44},"end":{"line":372,"column":9}},"line":367},"38":{"name":"(anonymous_38)","decl":{"start":{"line":384,"column":28},"end":{"line":384,"column":29}},"loc":{"start":{"line":384,"column":43},"end":{"line":390,"column":9}},"line":384}},"branchMap":{"0":{"loc":{"start":{"line":21,"column":16},"end":{"line":38,"column":17}},"type":"if","locations":[{"start":{"line":21,"column":16},"end":{"line":38,"column":17}},{"start":{"line":27,"column":23},"end":{"line":38,"column":17}}],"line":21},"1":{"loc":{"start":{"line":22,"column":20},"end":{"line":26,"column":21}},"type":"if","locations":[{"start":{"line":22,"column":20},"end":{"line":26,"column":21}},{"start":{"line":24,"column":27},"end":{"line":26,"column":21}}],"line":22},"2":{"loc":{"start":{"line":69,"column":12},"end":{"line":73,"column":13}},"type":"if","locations":[{"start":{"line":69,"column":12},"end":{"line":73,"column":13}},{"start":{"line":71,"column":19},"end":{"line":73,"column":13}}],"line":69},"3":{"loc":{"start":{"line":91,"column":12},"end":{"line":99,"column":13}},"type":"if","locations":[{"start":{"line":91,"column":12},"end":{"line":99,"column":13}},{"start":{"line":93,"column":19},"end":{"line":99,"column":13}}],"line":91},"4":{"loc":{"start":{"line":93,"column":19},"end":{"line":99,"column":13}},"type":"if","locations":[{"start":{"line":93,"column":19},"end":{"line":99,"column":13}},{"start":{"line":95,"column":19},"end":{"line":99,"column":13}}],"line":93},"5":{"loc":{"start":{"line":115,"column":12},"end":{"line":118,"column":13}},"type":"if","locations":[{"start":{"line":115,"column":12},"end":{"line":118,"column":13}},{"start":{},"end":{}}],"line":115},"6":{"loc":{"start":{"line":121,"column":8},"end":{"line":124,"column":9}},"type":"if","locations":[{"start":{"line":121,"column":8},"end":{"line":124,"column":9}},{"start":{},"end":{}}],"line":121},"7":{"loc":{"start":{"line":132,"column":12},"end":{"line":138,"column":13}},"type":"if","locations":[{"start":{"line":132,"column":12},"end":{"line":138,"column":13}},{"start":{"line":134,"column":19},"end":{"line":138,"column":13}}],"line":132},"8":{"loc":{"start":{"line":134,"column":19},"end":{"line":138,"column":13}},"type":"if","locations":[{"start":{"line":134,"column":19},"end":{"line":138,"column":13}},{"start":{"line":136,"column":19},"end":{"line":138,"column":13}}],"line":134},"9":{"loc":{"start":{"line":152,"column":12},"end":{"line":158,"column":13}},"type":"if","locations":[{"start":{"line":152,"column":12},"end":{"line":158,"column":13}},{"start":{"line":154,"column":19},"end":{"line":158,"column":13}}],"line":152},"10":{"loc":{"start":{"line":154,"column":19},"end":{"line":158,"column":13}},"type":"if","locations":[{"start":{"line":154,"column":19},"end":{"line":158,"column":13}},{"start":{"line":156,"column":19},"end":{"line":158,"column":13}}],"line":154},"11":{"loc":{"start":{"line":177,"column":46},"end":{"line":177,"column":67}},"type":"default-arg","locations":[{"start":{"line":177,"column":59},"end":{"line":177,"column":67}}],"line":177},"12":{"loc":{"start":{"line":177,"column":69},"end":{"line":177,"column":84}},"type":"default-arg","locations":[{"start":{"line":177,"column":81},"end":{"line":177,"column":84}}],"line":177},"13":{"loc":{"start":{"line":185,"column":12},"end":{"line":194,"column":13}},"type":"if","locations":[{"start":{"line":185,"column":12},"end":{"line":194,"column":13}},{"start":{"line":187,"column":19},"end":{"line":194,"column":13}}],"line":185},"14":{"loc":{"start":{"line":202,"column":35},"end":{"line":202,"column":48}},"type":"default-arg","locations":[{"start":{"line":202,"column":44},"end":{"line":202,"column":48}}],"line":202},"15":{"loc":{"start":{"line":207,"column":8},"end":{"line":210,"column":9}},"type":"if","locations":[{"start":{"line":207,"column":8},"end":{"line":210,"column":9}},{"start":{},"end":{}}],"line":207},"16":{"loc":{"start":{"line":215,"column":12},"end":{"line":219,"column":13}},"type":"if","locations":[{"start":{"line":215,"column":12},"end":{"line":219,"column":13}},{"start":{"line":217,"column":19},"end":{"line":219,"column":13}}],"line":215},"17":{"loc":{"start":{"line":218,"column":24},"end":{"line":218,"column":34}},"type":"binary-expr","locations":[{"start":{"line":218,"column":24},"end":{"line":218,"column":28}},{"start":{"line":218,"column":32},"end":{"line":218,"column":34}}],"line":218},"18":{"loc":{"start":{"line":232,"column":12},"end":{"line":238,"column":13}},"type":"if","locations":[{"start":{"line":232,"column":12},"end":{"line":238,"column":13}},{"start":{"line":234,"column":19},"end":{"line":238,"column":13}}],"line":232},"19":{"loc":{"start":{"line":234,"column":19},"end":{"line":238,"column":13}},"type":"if","locations":[{"start":{"line":234,"column":19},"end":{"line":238,"column":13}},{"start":{"line":236,"column":19},"end":{"line":238,"column":13}}],"line":234},"20":{"loc":{"start":{"line":253,"column":12},"end":{"line":256,"column":13}},"type":"if","locations":[{"start":{"line":253,"column":12},"end":{"line":256,"column":13}},{"start":{},"end":{}}],"line":253},"21":{"loc":{"start":{"line":259,"column":8},"end":{"line":262,"column":9}},"type":"if","locations":[{"start":{"line":259,"column":8},"end":{"line":262,"column":9}},{"start":{},"end":{}}],"line":259},"22":{"loc":{"start":{"line":268,"column":12},"end":{"line":274,"column":13}},"type":"if","locations":[{"start":{"line":268,"column":12},"end":{"line":274,"column":13}},{"start":{"line":270,"column":19},"end":{"line":274,"column":13}}],"line":268},"23":{"loc":{"start":{"line":270,"column":19},"end":{"line":274,"column":13}},"type":"if","locations":[{"start":{"line":270,"column":19},"end":{"line":274,"column":13}},{"start":{"line":272,"column":19},"end":{"line":274,"column":13}}],"line":270},"24":{"loc":{"start":{"line":282,"column":40},"end":{"line":282,"column":61}},"type":"default-arg","locations":[{"start":{"line":282,"column":57},"end":{"line":282,"column":61}}],"line":282},"25":{"loc":{"start":{"line":288,"column":12},"end":{"line":291,"column":13}},"type":"if","locations":[{"start":{"line":288,"column":12},"end":{"line":291,"column":13}},{"start":{},"end":{}}],"line":288},"26":{"loc":{"start":{"line":293,"column":12},"end":{"line":296,"column":13}},"type":"if","locations":[{"start":{"line":293,"column":12},"end":{"line":296,"column":13}},{"start":{},"end":{}}],"line":293},"27":{"loc":{"start":{"line":345,"column":12},"end":{"line":351,"column":13}},"type":"if","locations":[{"start":{"line":345,"column":12},"end":{"line":351,"column":13}},{"start":{"line":347,"column":19},"end":{"line":351,"column":13}}],"line":345},"28":{"loc":{"start":{"line":347,"column":19},"end":{"line":351,"column":13}},"type":"if","locations":[{"start":{"line":347,"column":19},"end":{"line":351,"column":13}},{"start":{"line":349,"column":19},"end":{"line":351,"column":13}}],"line":347},"29":{"loc":{"start":{"line":368,"column":12},"end":{"line":371,"column":13}},"type":"if","locations":[{"start":{"line":368,"column":12},"end":{"line":371,"column":13}},{"start":{},"end":{}}],"line":368},"30":{"loc":{"start":{"line":374,"column":8},"end":{"line":377,"column":9}},"type":"if","locations":[{"start":{"line":374,"column":8},"end":{"line":377,"column":9}},{"start":{},"end":{}}],"line":374},"31":{"loc":{"start":{"line":385,"column":12},"end":{"line":389,"column":13}},"type":"if","locations":[{"start":{"line":385,"column":12},"end":{"line":389,"column":13}},{"start":{"line":387,"column":19},"end":{"line":389,"column":13}}],"line":385}},"s":{"0":2,"1":2,"2":2,"3":3,"4":3,"5":3,"6":3,"7":3,"8":3,"9":1,"10":1,"11":0,"12":2,"13":2,"14":2,"15":0,"16":2,"17":2,"18":2,"19":2,"20":2,"21":0,"22":2,"23":2,"24":3,"25":3,"26":3,"27":3,"28":0,"29":3,"30":1,"31":2,"32":2,"33":2,"34":2,"35":2,"36":2,"37":2,"38":2,"39":3,"40":2,"41":2,"42":2,"43":1,"44":1,"45":1,"46":1,"47":1,"48":1,"49":1,"50":0,"51":1,"52":0,"53":1,"54":2,"55":2,"56":2,"57":2,"58":2,"59":0,"60":2,"61":1,"62":1,"63":2,"64":0,"65":2,"66":1,"67":1,"68":1,"69":1,"70":1,"71":0,"72":1,"73":2,"74":2,"75":2,"76":2,"77":2,"78":0,"79":0,"80":2,"81":2,"82":2,"83":0,"84":2,"85":2,"86":2,"87":2,"88":2,"89":2,"90":0,"91":2,"92":0,"93":2,"94":2,"95":2,"96":2,"97":2,"98":2,"99":2,"100":4,"101":3,"102":3,"103":2,"104":1,"105":1,"106":1,"107":1,"108":1,"109":1,"110":0,"111":1,"112":0,"113":1,"114":2,"115":2,"116":2,"117":2,"118":2,"119":1,"120":1,"121":1,"122":0,"123":0,"124":1,"125":1,"126":1,"127":1,"128":1,"129":1,"130":1,"131":1,"132":0,"133":2,"134":1,"135":1,"136":1,"137":1,"138":0,"139":1,"140":0,"141":1,"142":2,"143":2,"144":2,"145":2,"146":2,"147":2,"148":2,"149":1,"150":1,"151":2,"152":1,"153":1,"154":1,"155":1,"156":1,"157":1,"158":1,"159":0,"160":1,"161":2},"f":{"0":3,"1":3,"2":3,"3":2,"4":2,"5":2,"6":3,"7":3,"8":3,"9":2,"10":2,"11":3,"12":1,"13":2,"14":2,"15":2,"16":0,"17":1,"18":1,"19":1,"20":2,"21":2,"22":2,"23":2,"24":2,"25":2,"26":2,"27":2,"28":4,"29":1,"30":2,"31":2,"32":1,"33":1,"34":1,"35":2,"36":2,"37":2,"38":1},"b":{"0":[1,2],"1":[1,0],"2":[0,2],"3":[0,3],"4":[1,2],"5":[2,1],"6":[1,1],"7":[0,1],"8":[0,1],"9":[0,2],"10":[1,1],"11":[0],"12":[0],"13":[0,1],"14":[2],"15":[0,2],"16":[0,2],"17":[2,0],"18":[0,2],"19":[0,2],"20":[3,1],"21":[1,1],"22":[0,1],"23":[0,1],"24":[1],"25":[1,1],"26":[0,1],"27":[0,1],"28":[0,1],"29":[1,1],"30":[1,1],"31":[0,1]},"_coverageSchema":"1a1c01bbd47fc00a2c39e90264f33305004495a9","hash":"2f12090909473be49e6966b4498c6d4f7cd43610"}
,"C:\\Users\\matth\\OneDrive\\Desktop\\WMC-Projekt_5a\\Project\\backend\\services\\questErrorHandler.js": {"path":"C:\\Users\\matth\\OneDrive\\Desktop\\WMC-Projekt_5a\\Project\\backend\\services\\questErrorHandler.js","statementMap":{"0":{"start":{"line":6,"column":21},"end":{"line":42,"column":1}},"1":{"start":{"line":45,"column":18},"end":{"line":45,"column":70}},"2":{"start":{"line":47,"column":21},"end":{"line":51,"column":5}},"3":{"start":{"line":53,"column":4},"end":{"line":55,"column":5}},"4":{"start":{"line":54,"column":8},"end":{"line":54,"column":35}},"5":{"start":{"line":57,"column":4},"end":{"line":57,"column":44}},"6":{"start":{"line":61,"column":4},"end":{"line":61,"column":64}},"7":{"start":{"line":62,"column":4},"end":{"line":62,"column":63}},"8":{"start":{"line":66,"column":4},"end":{"line":66,"column":41}},"9":{"start":{"line":69,"column":0},"end":{"line":74,"column":2}}},"fnMap":{"0":{"name":"sendError","decl":{"start":{"line":44,"column":9},"end":{"line":44,"column":18}},"loc":{"start":{"line":44,"column":51},"end":{"line":58,"column":1}},"line":44},"1":{"name":"handleCatchError","decl":{"start":{"line":60,"column":9},"end":{"line":60,"column":25}},"loc":{"start":{"line":60,"column":69},"end":{"line":63,"column":1}},"line":60},"2":{"name":"checkQuestOwnership","decl":{"start":{"line":65,"column":9},"end":{"line":65,"column":28}},"loc":{"start":{"line":65,"column":57},"end":{"line":67,"column":1}},"line":65}},"branchMap":{"0":{"loc":{"start":{"line":44,"column":35},"end":{"line":44,"column":49}},"type":"default-arg","locations":[{"start":{"line":44,"column":45},"end":{"line":44,"column":49}}],"line":44},"1":{"loc":{"start":{"line":45,"column":18},"end":{"line":45,"column":70}},"type":"binary-expr","locations":[{"start":{"line":45,"column":18},"end":{"line":45,"column":41}},{"start":{"line":45,"column":45},"end":{"line":45,"column":70}}],"line":45},"2":{"loc":{"start":{"line":53,"column":4},"end":{"line":55,"column":5}},"type":"if","locations":[{"start":{"line":53,"column":4},"end":{"line":55,"column":5}},{"start":{},"end":{}}],"line":53},"3":{"loc":{"start":{"line":60,"column":38},"end":{"line":60,"column":67}},"type":"default-arg","locations":[{"start":{"line":60,"column":50},"end":{"line":60,"column":67}}],"line":60}},"s":{"0":1,"1":3,"2":3,"3":3,"4":2,"5":3,"6":2,"7":2,"8":3,"9":1},"f":{"0":3,"1":2,"2":3},"b":{"0":[1],"1":[3,0],"2":[2,1],"3":[0]},"_coverageSchema":"1a1c01bbd47fc00a2c39e90264f33305004495a9","hash":"50e79ca2f7ef6c5360e94dc7c40a5cfd2cf1c6f3"}
,"C:\\Users\\matth\\OneDrive\\Desktop\\WMC-Projekt_5a\\Project\\backend\\services\\sessionService.js": {"path":"C:\\Users\\matth\\OneDrive\\Desktop\\WMC-Projekt_5a\\Project\\backend\\services\\sessionService.js","statementMap":{"0":{"start":{"line":8,"column":23},"end":{"line":8,"column":32}},"1":{"start":{"line":11,"column":23},"end":{"line":11,"column":32}},"2":{"start":{"line":17,"column":4},"end":{"line":19,"column":5}},"3":{"start":{"line":18,"column":8},"end":{"line":18,"column":39}},"4":{"start":{"line":21,"column":20},"end":{"line":25,"column":5}},"5":{"start":{"line":27,"column":4},"end":{"line":27,"column":45}},"6":{"start":{"line":30,"column":4},"end":{"line":32,"column":5}},"7":{"start":{"line":31,"column":8},"end":{"line":31,"column":43}},"8":{"start":{"line":34,"column":4},"end":{"line":34,"column":19}},"9":{"start":{"line":41,"column":4},"end":{"line":41,"column":30}},"10":{"start":{"line":48,"column":4},"end":{"line":48,"column":37}},"11":{"start":{"line":55,"column":4},"end":{"line":57,"column":5}},"12":{"start":{"line":56,"column":8},"end":{"line":56,"column":38}},"13":{"start":{"line":64,"column":4},"end":{"line":64,"column":44}},"14":{"start":{"line":71,"column":4},"end":{"line":75,"column":6}},"15":{"start":{"line":72,"column":91},"end":{"line":72,"column":112}},"16":{"start":{"line":82,"column":4},"end":{"line":82,"column":27}},"17":{"start":{"line":83,"column":4},"end":{"line":83,"column":27}},"18":{"start":{"line":86,"column":0},"end":{"line":94,"column":2}}},"fnMap":{"0":{"name":"createSession","decl":{"start":{"line":16,"column":9},"end":{"line":16,"column":22}},"loc":{"start":{"line":16,"column":38},"end":{"line":35,"column":1}},"line":16},"1":{"name":"invalidateToken","decl":{"start":{"line":40,"column":9},"end":{"line":40,"column":24}},"loc":{"start":{"line":40,"column":32},"end":{"line":42,"column":1}},"line":40},"2":{"name":"isTokenBlacklisted","decl":{"start":{"line":47,"column":9},"end":{"line":47,"column":27}},"loc":{"start":{"line":47,"column":35},"end":{"line":49,"column":1}},"line":47},"3":{"name":"invalidateUserSessions","decl":{"start":{"line":54,"column":9},"end":{"line":54,"column":31}},"loc":{"start":{"line":54,"column":40},"end":{"line":58,"column":1}},"line":54},"4":{"name":"getUserSessions","decl":{"start":{"line":63,"column":9},"end":{"line":63,"column":24}},"loc":{"start":{"line":63,"column":33},"end":{"line":65,"column":1}},"line":63},"5":{"name":"getSessionStats","decl":{"start":{"line":70,"column":9},"end":{"line":70,"column":24}},"loc":{"start":{"line":70,"column":27},"end":{"line":76,"column":1}},"line":70},"6":{"name":"(anonymous_6)","decl":{"start":{"line":72,"column":72},"end":{"line":72,"column":73}},"loc":{"start":{"line":72,"column":91},"end":{"line":72,"column":112}},"line":72},"7":{"name":"resetState","decl":{"start":{"line":81,"column":9},"end":{"line":81,"column":19}},"loc":{"start":{"line":81,"column":22},"end":{"line":84,"column":1}},"line":81}},"branchMap":{"0":{"loc":{"start":{"line":17,"column":4},"end":{"line":19,"column":5}},"type":"if","locations":[{"start":{"line":17,"column":4},"end":{"line":19,"column":5}},{"start":{},"end":{}}],"line":17},"1":{"loc":{"start":{"line":30,"column":4},"end":{"line":32,"column":5}},"type":"if","locations":[{"start":{"line":30,"column":4},"end":{"line":32,"column":5}},{"start":{},"end":{}}],"line":30},"2":{"loc":{"start":{"line":55,"column":4},"end":{"line":57,"column":5}},"type":"if","locations":[{"start":{"line":55,"column":4},"end":{"line":57,"column":5}},{"start":{},"end":{}}],"line":55},"3":{"loc":{"start":{"line":64,"column":11},"end":{"line":64,"column":43}},"type":"binary-expr","locations":[{"start":{"line":64,"column":11},"end":{"line":64,"column":37}},{"start":{"line":64,"column":41},"end":{"line":64,"column":43}}],"line":64}},"s":{"0":2,"1":2,"2":26,"3":13,"4":26,"5":26,"6":26,"7":5,"8":26,"9":6,"10":7,"11":3,"12":3,"13":13,"14":2,"15":2,"16":16,"17":16,"18":2},"f":{"0":26,"1":6,"2":7,"3":3,"4":13,"5":2,"6":2,"7":16},"b":{"0":[13,13],"1":[5,21],"2":[3,0],"3":[13,4]},"_coverageSchema":"1a1c01bbd47fc00a2c39e90264f33305004495a9","hash":"25563348f4037af7628fab9ed5c2616877ecd0b5"}
,"C:\\Users\\matth\\OneDrive\\Desktop\\WMC-Projekt_5a\\Project\\backend\\services\\statsErrorHandler.js": {"path":"C:\\Users\\matth\\OneDrive\\Desktop\\WMC-Projekt_5a\\Project\\backend\\services\\statsErrorHandler.js","statementMap":{"0":{"start":{"line":6,"column":21},"end":{"line":27,"column":1}},"1":{"start":{"line":30,"column":18},"end":{"line":30,"column":70}},"2":{"start":{"line":32,"column":21},"end":{"line":36,"column":5}},"3":{"start":{"line":38,"column":4},"end":{"line":40,"column":5}},"4":{"start":{"line":39,"column":8},"end":{"line":39,"column":35}},"5":{"start":{"line":42,"column":4},"end":{"line":42,"column":44}},"6":{"start":{"line":46,"column":4},"end":{"line":46,"column":64}},"7":{"start":{"line":47,"column":4},"end":{"line":47,"column":63}},"8":{"start":{"line":50,"column":0},"end":{"line":54,"column":2}}},"fnMap":{"0":{"name":"sendError","decl":{"start":{"line":29,"column":9},"end":{"line":29,"column":18}},"loc":{"start":{"line":29,"column":51},"end":{"line":43,"column":1}},"line":29},"1":{"name":"handleCatchError","decl":{"start":{"line":45,"column":9},"end":{"line":45,"column":25}},"loc":{"start":{"line":45,"column":69},"end":{"line":48,"column":1}},"line":45}},"branchMap":{"0":{"loc":{"start":{"line":29,"column":35},"end":{"line":29,"column":49}},"type":"default-arg","locations":[{"start":{"line":29,"column":45},"end":{"line":29,"column":49}}],"line":29},"1":{"loc":{"start":{"line":30,"column":18},"end":{"line":30,"column":70}},"type":"binary-expr","locations":[{"start":{"line":30,"column":18},"end":{"line":30,"column":41}},{"start":{"line":30,"column":45},"end":{"line":30,"column":70}}],"line":30},"2":{"loc":{"start":{"line":38,"column":4},"end":{"line":40,"column":5}},"type":"if","locations":[{"start":{"line":38,"column":4},"end":{"line":40,"column":5}},{"start":{},"end":{}}],"line":38},"3":{"loc":{"start":{"line":45,"column":38},"end":{"line":45,"column":67}},"type":"default-arg","locations":[{"start":{"line":45,"column":50},"end":{"line":45,"column":67}}],"line":45}},"s":{"0":1,"1":1,"2":1,"3":1,"4":1,"5":1,"6":1,"7":1,"8":1},"f":{"0":1,"1":1},"b":{"0":[0],"1":[1,0],"2":[1,0],"3":[0]},"_coverageSchema":"1a1c01bbd47fc00a2c39e90264f33305004495a9","hash":"5cb1801b34128c543db10aec459baf594ff18141"}
,"C:\\Users\\matth\\OneDrive\\Desktop\\WMC-Projekt_5a\\Project\\backend\\services\\userErrorHandler.js": {"path":"C:\\Users\\matth\\OneDrive\\Desktop\\WMC-Projekt_5a\\Project\\backend\\services\\userErrorHandler.js","statementMap":{"0":{"start":{"line":6,"column":20},"end":{"line":32,"column":1}},"1":{"start":{"line":35,"column":18},"end":{"line":35,"column":68}},"2":{"start":{"line":37,"column":21},"end":{"line":41,"column":5}},"3":{"start":{"line":43,"column":4},"end":{"line":45,"column":5}},"4":{"start":{"line":44,"column":8},"end":{"line":44,"column":35}},"5":{"start":{"line":47,"column":4},"end":{"line":47,"column":44}},"6":{"start":{"line":51,"column":4},"end":{"line":51,"column":63}},"7":{"start":{"line":52,"column":4},"end":{"line":52,"column":63}},"8":{"start":{"line":55,"column":0},"end":{"line":59,"column":2}}},"fnMap":{"0":{"name":"sendError","decl":{"start":{"line":34,"column":9},"end":{"line":34,"column":18}},"loc":{"start":{"line":34,"column":51},"end":{"line":48,"column":1}},"line":34},"1":{"name":"handleCatchError","decl":{"start":{"line":50,"column":9},"end":{"line":50,"column":25}},"loc":{"start":{"line":50,"column":68},"end":{"line":53,"column":1}},"line":50}},"branchMap":{"0":{"loc":{"start":{"line":34,"column":35},"end":{"line":34,"column":49}},"type":"default-arg","locations":[{"start":{"line":34,"column":45},"end":{"line":34,"column":49}}],"line":34},"1":{"loc":{"start":{"line":35,"column":18},"end":{"line":35,"column":68}},"type":"binary-expr","locations":[{"start":{"line":35,"column":18},"end":{"line":35,"column":40}},{"start":{"line":35,"column":44},"end":{"line":35,"column":68}}],"line":35},"2":{"loc":{"start":{"line":43,"column":4},"end":{"line":45,"column":5}},"type":"if","locations":[{"start":{"line":43,"column":4},"end":{"line":45,"column":5}},{"start":{},"end":{}}],"line":43},"3":{"loc":{"start":{"line":50,"column":38},"end":{"line":50,"column":66}},"type":"default-arg","locations":[{"start":{"line":50,"column":50},"end":{"line":50,"column":66}}],"line":50}},"s":{"0":1,"1":0,"2":0,"3":0,"4":0,"5":0,"6":0,"7":0,"8":1},"f":{"0":0,"1":0},"b":{"0":[0],"1":[0,0],"2":[0,0],"3":[0]},"_coverageSchema":"1a1c01bbd47fc00a2c39e90264f33305004495a9","hash":"18907a82b3c54ba4326c9635f864bb637c7dabe2"}
}
