{"C:\\Users\\matth\\OneDrive\\Desktop\\WMC-Projekt_5a\\Project\\backend\\routes\\api.js": {"path":"C:\\Users\\matth\\OneDrive\\Desktop\\WMC-Projekt_5a\\Project\\backend\\routes\\api.js","statementMap":{"0":{"start":{"line":1,"column":16},"end":{"line":1,"column":34}},"1":{"start":{"line":2,"column":15},"end":{"line":2,"column":31}},"2":{"start":{"line":3,"column":18},"end":{"line":3,"column":50}},"3":{"start":{"line":4,"column":23},"end":{"line":4,"column":60}},"4":{"start":{"line":5,"column":110},"end":{"line":5,"column":149}},"5":{"start":{"line":6,"column":67},"end":{"line":6,"column":106}},"6":{"start":{"line":7,"column":90},"end":{"line":7,"column":130}},"7":{"start":{"line":8,"column":69},"end":{"line":8,"column":109}},"8":{"start":{"line":9,"column":22},"end":{"line":9,"column":58}},"9":{"start":{"line":10,"column":15},"end":{"line":10,"column":32}},"10":{"start":{"line":11,"column":12},"end":{"line":11,"column":35}},"11":{"start":{"line":14,"column":19},"end":{"line":14,"column":75}},"12":{"start":{"line":16,"column":15},"end":{"line":19,"column":2}},"13":{"start":{"line":26,"column":26},"end":{"line":55,"column":1}},"14":{"start":{"line":27,"column":23},"end":{"line":27,"column":51}},"15":{"start":{"line":28,"column":18},"end":{"line":28,"column":56}},"16":{"start":{"line":30,"column":4},"end":{"line":32,"column":5}},"17":{"start":{"line":31,"column":8},"end":{"line":31,"column":42}},"18":{"start":{"line":35,"column":4},"end":{"line":37,"column":5}},"19":{"start":{"line":36,"column":8},"end":{"line":36,"column":47}},"20":{"start":{"line":39,"column":4},"end":{"line":54,"column":7}},"21":{"start":{"line":40,"column":8},"end":{"line":51,"column":9}},"22":{"start":{"line":42,"column":12},"end":{"line":44,"column":13}},"23":{"start":{"line":43,"column":16},"end":{"line":43,"column":85}},"24":{"start":{"line":46,"column":12},"end":{"line":48,"column":13}},"25":{"start":{"line":47,"column":16},"end":{"line":47,"column":55}},"26":{"start":{"line":50,"column":12},"end":{"line":50,"column":51}},"27":{"start":{"line":52,"column":8},"end":{"line":52,"column":24}},"28":{"start":{"line":53,"column":8},"end":{"line":53,"column":15}},"29":{"start":{"line":63,"column":0},"end":{"line":101,"column":3}},"30":{"start":{"line":64,"column":4},"end":{"line":100,"column":5}},"31":{"start":{"line":65,"column":46},"end":{"line":65,"column":54}},"32":{"start":{"line":68,"column":33},"end":{"line":68,"column":81}},"33":{"start":{"line":69,"column":8},"end":{"line":71,"column":9}},"34":{"start":{"line":70,"column":12},"end":{"line":70,"column":82}},"35":{"start":{"line":73,"column":23},"end":{"line":73,"column":76}},"36":{"start":{"line":76,"column":22},"end":{"line":80,"column":9}},"37":{"start":{"line":83,"column":24},"end":{"line":83,"column":70}},"38":{"start":{"line":85,"column":8},"end":{"line":97,"column":11}},"39":{"start":{"line":99,"column":8},"end":{"line":99,"column":58}},"40":{"start":{"line":107,"column":0},"end":{"line":190,"column":3}},"41":{"start":{"line":108,"column":4},"end":{"line":189,"column":5}},"42":{"start":{"line":109,"column":46},"end":{"line":109,"column":54}},"43":{"start":{"line":111,"column":30},"end":{"line":128,"column":9}},"44":{"start":{"line":112,"column":12},"end":{"line":112,"column":38}},"45":{"start":{"line":112,"column":26},"end":{"line":112,"column":38}},"46":{"start":{"line":113,"column":12},"end":{"line":127,"column":14}},"47":{"start":{"line":131,"column":8},"end":{"line":133,"column":9}},"48":{"start":{"line":132,"column":12},"end":{"line":132,"column":95}},"49":{"start":{"line":135,"column":8},"end":{"line":137,"column":9}},"50":{"start":{"line":136,"column":12},"end":{"line":136,"column":106}},"51":{"start":{"line":141,"column":8},"end":{"line":145,"column":9}},"52":{"start":{"line":142,"column":12},"end":{"line":142,"column":57}},"53":{"start":{"line":144,"column":12},"end":{"line":144,"column":63}},"54":{"start":{"line":147,"column":8},"end":{"line":147,"column":35}},"55":{"start":{"line":149,"column":8},"end":{"line":151,"column":9}},"56":{"start":{"line":150,"column":12},"end":{"line":150,"column":57}},"57":{"start":{"line":154,"column":32},"end":{"line":154,"column":92}},"58":{"start":{"line":156,"column":8},"end":{"line":158,"column":9}},"59":{"start":{"line":157,"column":12},"end":{"line":157,"column":57}},"60":{"start":{"line":161,"column":22},"end":{"line":165,"column":9}},"61":{"start":{"line":168,"column":24},"end":{"line":168,"column":68}},"62":{"start":{"line":171,"column":58},"end":{"line":171,"column":62}},"63":{"start":{"line":173,"column":8},"end":{"line":186,"column":11}},"64":{"start":{"line":188,"column":8},"end":{"line":188,"column":51}},"65":{"start":{"line":196,"column":0},"end":{"line":230,"column":3}},"66":{"start":{"line":197,"column":4},"end":{"line":229,"column":5}},"67":{"start":{"line":198,"column":27},"end":{"line":198,"column":55}},"68":{"start":{"line":199,"column":22},"end":{"line":199,"column":60}},"69":{"start":{"line":201,"column":8},"end":{"line":203,"column":9}},"70":{"start":{"line":202,"column":12},"end":{"line":202,"column":46}},"71":{"start":{"line":206,"column":8},"end":{"line":226,"column":11}},"72":{"start":{"line":207,"column":12},"end":{"line":209,"column":13}},"73":{"start":{"line":208,"column":16},"end":{"line":208,"column":55}},"74":{"start":{"line":212,"column":29},"end":{"line":216,"column":13}},"75":{"start":{"line":218,"column":12},"end":{"line":225,"column":15}},"76":{"start":{"line":228,"column":8},"end":{"line":228,"column":53}},"77":{"start":{"line":236,"column":0},"end":{"line":255,"column":3}},"78":{"start":{"line":237,"column":4},"end":{"line":254,"column":5}},"79":{"start":{"line":238,"column":27},"end":{"line":238,"column":55}},"80":{"start":{"line":239,"column":22},"end":{"line":239,"column":60}},"81":{"start":{"line":242,"column":8},"end":{"line":242,"column":46}},"82":{"start":{"line":244,"column":8},"end":{"line":251,"column":11}},"83":{"start":{"line":253,"column":8},"end":{"line":253,"column":52}},"84":{"start":{"line":263,"column":0},"end":{"line":311,"column":3}},"85":{"start":{"line":264,"column":4},"end":{"line":310,"column":5}},"86":{"start":{"line":265,"column":8},"end":{"line":271,"column":11}},"87":{"start":{"line":273,"column":8},"end":{"line":280,"column":9}},"88":{"start":{"line":274,"column":12},"end":{"line":274,"column":78}},"89":{"start":{"line":275,"column":12},"end":{"line":279,"column":15}},"90":{"start":{"line":282,"column":31},"end":{"line":282,"column":97}},"91":{"start":{"line":283,"column":26},"end":{"line":283,"column":96}},"92":{"start":{"line":285,"column":23},"end":{"line":288,"column":10}},"93":{"start":{"line":290,"column":8},"end":{"line":294,"column":11}},"94":{"start":{"line":296,"column":8},"end":{"line":301,"column":11}},"95":{"start":{"line":303,"column":8},"end":{"line":303,"column":56}},"96":{"start":{"line":304,"column":8},"end":{"line":309,"column":11}},"97":{"start":{"line":317,"column":0},"end":{"line":334,"column":3}},"98":{"start":{"line":318,"column":4},"end":{"line":333,"column":5}},"99":{"start":{"line":319,"column":23},"end":{"line":319,"column":38}},"100":{"start":{"line":320,"column":25},"end":{"line":320,"column":63}},"101":{"start":{"line":322,"column":8},"end":{"line":330,"column":11}},"102":{"start":{"line":332,"column":8},"end":{"line":332,"column":54}},"103":{"start":{"line":342,"column":0},"end":{"line":354,"column":3}},"104":{"start":{"line":343,"column":4},"end":{"line":353,"column":5}},"105":{"start":{"line":344,"column":21},"end":{"line":344,"column":65}},"106":{"start":{"line":346,"column":8},"end":{"line":350,"column":11}},"107":{"start":{"line":352,"column":8},"end":{"line":352,"column":47}},"108":{"start":{"line":360,"column":0},"end":{"line":373,"column":3}},"109":{"start":{"line":361,"column":4},"end":{"line":372,"column":5}},"110":{"start":{"line":362,"column":24},"end":{"line":362,"column":32}},"111":{"start":{"line":363,"column":23},"end":{"line":363,"column":75}},"112":{"start":{"line":365,"column":8},"end":{"line":369,"column":11}},"113":{"start":{"line":371,"column":8},"end":{"line":371,"column":50}},"114":{"start":{"line":379,"column":0},"end":{"line":391,"column":3}},"115":{"start":{"line":380,"column":4},"end":{"line":390,"column":5}},"116":{"start":{"line":381,"column":23},"end":{"line":381,"column":66}},"117":{"start":{"line":383,"column":8},"end":{"line":387,"column":11}},"118":{"start":{"line":389,"column":8},"end":{"line":389,"column":50}},"119":{"start":{"line":399,"column":0},"end":{"line":413,"column":3}},"120":{"start":{"line":400,"column":4},"end":{"line":412,"column":5}},"121":{"start":{"line":401,"column":26},"end":{"line":401,"column":34}},"122":{"start":{"line":402,"column":23},"end":{"line":402,"column":78}},"123":{"start":{"line":404,"column":8},"end":{"line":409,"column":11}},"124":{"start":{"line":411,"column":8},"end":{"line":411,"column":52}},"125":{"start":{"line":420,"column":0},"end":{"line":434,"column":3}},"126":{"start":{"line":421,"column":4},"end":{"line":433,"column":5}},"127":{"start":{"line":422,"column":27},"end":{"line":422,"column":36}},"128":{"start":{"line":423,"column":23},"end":{"line":423,"column":81}},"129":{"start":{"line":425,"column":8},"end":{"line":430,"column":11}},"130":{"start":{"line":432,"column":8},"end":{"line":432,"column":50}},"131":{"start":{"line":440,"column":0},"end":{"line":457,"column":3}},"132":{"start":{"line":441,"column":4},"end":{"line":456,"column":5}},"133":{"start":{"line":442,"column":22},"end":{"line":442,"column":65}},"134":{"start":{"line":445,"column":8},"end":{"line":447,"column":9}},"135":{"start":{"line":446,"column":12},"end":{"line":446,"column":57}},"136":{"start":{"line":449,"column":8},"end":{"line":453,"column":11}},"137":{"start":{"line":455,"column":8},"end":{"line":455,"column":49}},"138":{"start":{"line":463,"column":0},"end":{"line":482,"column":3}},"139":{"start":{"line":464,"column":4},"end":{"line":481,"column":5}},"140":{"start":{"line":465,"column":22},"end":{"line":465,"column":65}},"141":{"start":{"line":468,"column":8},"end":{"line":470,"column":9}},"142":{"start":{"line":469,"column":12},"end":{"line":469,"column":57}},"143":{"start":{"line":472,"column":23},"end":{"line":472,"column":75}},"144":{"start":{"line":474,"column":8},"end":{"line":478,"column":11}},"145":{"start":{"line":480,"column":8},"end":{"line":480,"column":52}},"146":{"start":{"line":488,"column":0},"end":{"line":506,"column":3}},"147":{"start":{"line":489,"column":4},"end":{"line":505,"column":5}},"148":{"start":{"line":490,"column":36},"end":{"line":490,"column":50}},"149":{"start":{"line":491,"column":23},"end":{"line":495,"column":9}},"150":{"start":{"line":497,"column":8},"end":{"line":502,"column":11}},"151":{"start":{"line":504,"column":8},"end":{"line":504,"column":54}},"152":{"start":{"line":512,"column":0},"end":{"line":531,"column":3}},"153":{"start":{"line":513,"column":4},"end":{"line":530,"column":5}},"154":{"start":{"line":514,"column":22},"end":{"line":514,"column":65}},"155":{"start":{"line":517,"column":8},"end":{"line":519,"column":9}},"156":{"start":{"line":518,"column":12},"end":{"line":518,"column":57}},"157":{"start":{"line":521,"column":23},"end":{"line":521,"column":65}},"158":{"start":{"line":523,"column":8},"end":{"line":527,"column":11}},"159":{"start":{"line":529,"column":8},"end":{"line":529,"column":52}},"160":{"start":{"line":539,"column":0},"end":{"line":552,"column":3}},"161":{"start":{"line":540,"column":4},"end":{"line":551,"column":5}},"162":{"start":{"line":541,"column":24},"end":{"line":541,"column":32}},"163":{"start":{"line":542,"column":23},"end":{"line":542,"column":80}},"164":{"start":{"line":544,"column":8},"end":{"line":548,"column":11}},"165":{"start":{"line":550,"column":8},"end":{"line":550,"column":52}},"166":{"start":{"line":559,"column":21},"end":{"line":588,"column":1}},"167":{"start":{"line":560,"column":4},"end":{"line":566,"column":5}},"168":{"start":{"line":561,"column":8},"end":{"line":565,"column":11}},"169":{"start":{"line":569,"column":18},"end":{"line":569,"column":61}},"170":{"start":{"line":570,"column":4},"end":{"line":576,"column":5}},"171":{"start":{"line":571,"column":8},"end":{"line":575,"column":11}},"172":{"start":{"line":578,"column":4},"end":{"line":587,"column":7}},"173":{"start":{"line":579,"column":8},"end":{"line":585,"column":9}},"174":{"start":{"line":580,"column":12},"end":{"line":584,"column":15}},"175":{"start":{"line":586,"column":8},"end":{"line":586,"column":15}},"176":{"start":{"line":596,"column":0},"end":{"line":617,"column":3}},"177":{"start":{"line":597,"column":4},"end":{"line":616,"column":5}},"178":{"start":{"line":598,"column":22},"end":{"line":598,"column":51}},"179":{"start":{"line":600,"column":8},"end":{"line":608,"column":11}},"180":{"start":{"line":610,"column":8},"end":{"line":615,"column":11}},"181":{"start":{"line":623,"column":0},"end":{"line":661,"column":3}},"182":{"start":{"line":624,"column":4},"end":{"line":660,"column":5}},"183":{"start":{"line":625,"column":23},"end":{"line":625,"column":46}},"184":{"start":{"line":626,"column":24},"end":{"line":626,"column":32}},"185":{"start":{"line":629,"column":31},"end":{"line":629,"column":88}},"186":{"start":{"line":630,"column":29},"end":{"line":630,"column":31}},"187":{"start":{"line":632,"column":8},"end":{"line":636,"column":11}},"188":{"start":{"line":633,"column":12},"end":{"line":635,"column":13}},"189":{"start":{"line":634,"column":16},"end":{"line":634,"column":49}},"190":{"start":{"line":638,"column":8},"end":{"line":644,"column":9}},"191":{"start":{"line":639,"column":12},"end":{"line":643,"column":15}},"192":{"start":{"line":646,"column":23},"end":{"line":646,"column":71}},"193":{"start":{"line":648,"column":8},"end":{"line":652,"column":11}},"194":{"start":{"line":654,"column":8},"end":{"line":659,"column":11}},"195":{"start":{"line":667,"column":0},"end":{"line":695,"column":3}},"196":{"start":{"line":668,"column":4},"end":{"line":694,"column":5}},"197":{"start":{"line":669,"column":23},"end":{"line":669,"column":46}},"198":{"start":{"line":672,"column":8},"end":{"line":678,"column":9}},"199":{"start":{"line":673,"column":12},"end":{"line":677,"column":15}},"200":{"start":{"line":680,"column":23},"end":{"line":680,"column":57}},"201":{"start":{"line":682,"column":8},"end":{"line":686,"column":11}},"202":{"start":{"line":688,"column":8},"end":{"line":693,"column":11}},"203":{"start":{"line":697,"column":0},"end":{"line":697,"column":24}}},"fnMap":{"0":{"name":"(anonymous_0)","decl":{"start":{"line":26,"column":26},"end":{"line":26,"column":27}},"loc":{"start":{"line":26,"column":46},"end":{"line":55,"column":1}},"line":26},"1":{"name":"(anonymous_1)","decl":{"start":{"line":39,"column":34},"end":{"line":39,"column":35}},"loc":{"start":{"line":39,"column":49},"end":{"line":54,"column":5}},"line":39},"2":{"name":"(anonymous_2)","decl":{"start":{"line":63,"column":30},"end":{"line":63,"column":31}},"loc":{"start":{"line":63,"column":50},"end":{"line":101,"column":1}},"line":63},"3":{"name":"(anonymous_3)","decl":{"start":{"line":107,"column":27},"end":{"line":107,"column":28}},"loc":{"start":{"line":107,"column":47},"end":{"line":190,"column":1}},"line":107},"4":{"name":"(anonymous_4)","decl":{"start":{"line":111,"column":30},"end":{"line":111,"column":31}},"loc":{"start":{"line":111,"column":43},"end":{"line":128,"column":9}},"line":111},"5":{"name":"(anonymous_5)","decl":{"start":{"line":196,"column":29},"end":{"line":196,"column":30}},"loc":{"start":{"line":196,"column":43},"end":{"line":230,"column":1}},"line":196},"6":{"name":"(anonymous_6)","decl":{"start":{"line":206,"column":66},"end":{"line":206,"column":67}},"loc":{"start":{"line":206,"column":81},"end":{"line":226,"column":9}},"line":206},"7":{"name":"(anonymous_7)","decl":{"start":{"line":236,"column":47},"end":{"line":236,"column":48}},"loc":{"start":{"line":236,"column":61},"end":{"line":255,"column":1}},"line":236},"8":{"name":"(anonymous_8)","decl":{"start":{"line":263,"column":73},"end":{"line":263,"column":74}},"loc":{"start":{"line":263,"column":93},"end":{"line":311,"column":1}},"line":263},"9":{"name":"(anonymous_9)","decl":{"start":{"line":317,"column":48},"end":{"line":317,"column":49}},"loc":{"start":{"line":317,"column":62},"end":{"line":334,"column":1}},"line":317},"10":{"name":"(anonymous_10)","decl":{"start":{"line":342,"column":43},"end":{"line":342,"column":44}},"loc":{"start":{"line":342,"column":63},"end":{"line":354,"column":1}},"line":342},"11":{"name":"(anonymous_11)","decl":{"start":{"line":360,"column":43},"end":{"line":360,"column":44}},"loc":{"start":{"line":360,"column":63},"end":{"line":373,"column":1}},"line":360},"12":{"name":"(anonymous_12)","decl":{"start":{"line":379,"column":46},"end":{"line":379,"column":47}},"loc":{"start":{"line":379,"column":66},"end":{"line":391,"column":1}},"line":379},"13":{"name":"(anonymous_13)","decl":{"start":{"line":399,"column":42},"end":{"line":399,"column":43}},"loc":{"start":{"line":399,"column":62},"end":{"line":413,"column":1}},"line":399},"14":{"name":"(anonymous_14)","decl":{"start":{"line":420,"column":41},"end":{"line":420,"column":42}},"loc":{"start":{"line":420,"column":61},"end":{"line":434,"column":1}},"line":420},"15":{"name":"(anonymous_15)","decl":{"start":{"line":440,"column":45},"end":{"line":440,"column":46}},"loc":{"start":{"line":440,"column":65},"end":{"line":457,"column":1}},"line":440},"16":{"name":"(anonymous_16)","decl":{"start":{"line":463,"column":45},"end":{"line":463,"column":46}},"loc":{"start":{"line":463,"column":65},"end":{"line":482,"column":1}},"line":463},"17":{"name":"(anonymous_17)","decl":{"start":{"line":488,"column":55},"end":{"line":488,"column":56}},"loc":{"start":{"line":488,"column":75},"end":{"line":506,"column":1}},"line":488},"18":{"name":"(anonymous_18)","decl":{"start":{"line":512,"column":48},"end":{"line":512,"column":49}},"loc":{"start":{"line":512,"column":68},"end":{"line":531,"column":1}},"line":512},"19":{"name":"(anonymous_19)","decl":{"start":{"line":539,"column":40},"end":{"line":539,"column":41}},"loc":{"start":{"line":539,"column":60},"end":{"line":552,"column":1}},"line":539},"20":{"name":"(anonymous_20)","decl":{"start":{"line":559,"column":21},"end":{"line":559,"column":22}},"loc":{"start":{"line":559,"column":41},"end":{"line":588,"column":1}},"line":559},"21":{"name":"(anonymous_21)","decl":{"start":{"line":578,"column":34},"end":{"line":578,"column":35}},"loc":{"start":{"line":578,"column":52},"end":{"line":587,"column":5}},"line":578},"22":{"name":"(anonymous_22)","decl":{"start":{"line":596,"column":60},"end":{"line":596,"column":61}},"loc":{"start":{"line":596,"column":80},"end":{"line":617,"column":1}},"line":596},"23":{"name":"(anonymous_23)","decl":{"start":{"line":623,"column":64},"end":{"line":623,"column":65}},"loc":{"start":{"line":623,"column":84},"end":{"line":661,"column":1}},"line":623},"24":{"name":"(anonymous_24)","decl":{"start":{"line":632,"column":37},"end":{"line":632,"column":38}},"loc":{"start":{"line":632,"column":44},"end":{"line":636,"column":9}},"line":632},"25":{"name":"(anonymous_25)","decl":{"start":{"line":667,"column":67},"end":{"line":667,"column":68}},"loc":{"start":{"line":667,"column":87},"end":{"line":695,"column":1}},"line":667}},"branchMap":{"0":{"loc":{"start":{"line":14,"column":19},"end":{"line":14,"column":75}},"type":"binary-expr","locations":[{"start":{"line":14,"column":19},"end":{"line":14,"column":41}},{"start":{"line":14,"column":45},"end":{"line":14,"column":75}}],"line":14},"1":{"loc":{"start":{"line":28,"column":18},"end":{"line":28,"column":56}},"type":"binary-expr","locations":[{"start":{"line":28,"column":18},"end":{"line":28,"column":28}},{"start":{"line":28,"column":32},"end":{"line":28,"column":56}}],"line":28},"2":{"loc":{"start":{"line":30,"column":4},"end":{"line":32,"column":5}},"type":"if","locations":[{"start":{"line":30,"column":4},"end":{"line":32,"column":5}},{"start":{},"end":{}}],"line":30},"3":{"loc":{"start":{"line":35,"column":4},"end":{"line":37,"column":5}},"type":"if","locations":[{"start":{"line":35,"column":4},"end":{"line":37,"column":5}},{"start":{},"end":{}}],"line":35},"4":{"loc":{"start":{"line":40,"column":8},"end":{"line":51,"column":9}},"type":"if","locations":[{"start":{"line":40,"column":8},"end":{"line":51,"column":9}},{"start":{},"end":{}}],"line":40},"5":{"loc":{"start":{"line":42,"column":12},"end":{"line":44,"column":13}},"type":"if","locations":[{"start":{"line":42,"column":12},"end":{"line":44,"column":13}},{"start":{},"end":{}}],"line":42},"6":{"loc":{"start":{"line":46,"column":12},"end":{"line":48,"column":13}},"type":"if","locations":[{"start":{"line":46,"column":12},"end":{"line":48,"column":13}},{"start":{},"end":{}}],"line":46},"7":{"loc":{"start":{"line":69,"column":8},"end":{"line":71,"column":9}},"type":"if","locations":[{"start":{"line":69,"column":8},"end":{"line":71,"column":9}},{"start":{},"end":{}}],"line":69},"8":{"loc":{"start":{"line":112,"column":12},"end":{"line":112,"column":38}},"type":"if","locations":[{"start":{"line":112,"column":12},"end":{"line":112,"column":38}},{"start":{},"end":{}}],"line":112},"9":{"loc":{"start":{"line":114,"column":20},"end":{"line":114,"column":44}},"type":"binary-expr","locations":[{"start":{"line":114,"column":20},"end":{"line":114,"column":30}},{"start":{"line":114,"column":34},"end":{"line":114,"column":44}}],"line":114},"10":{"loc":{"start":{"line":115,"column":26},"end":{"line":115,"column":62}},"type":"binary-expr","locations":[{"start":{"line":115,"column":26},"end":{"line":115,"column":42}},{"start":{"line":115,"column":46},"end":{"line":115,"column":62}}],"line":115},"11":{"loc":{"start":{"line":116,"column":23},"end":{"line":116,"column":53}},"type":"binary-expr","locations":[{"start":{"line":116,"column":23},"end":{"line":116,"column":36}},{"start":{"line":116,"column":40},"end":{"line":116,"column":53}}],"line":116},"12":{"loc":{"start":{"line":117,"column":31},"end":{"line":117,"column":77}},"type":"binary-expr","locations":[{"start":{"line":117,"column":31},"end":{"line":117,"column":52}},{"start":{"line":117,"column":56},"end":{"line":117,"column":77}}],"line":117},"13":{"loc":{"start":{"line":118,"column":23},"end":{"line":118,"column":58}},"type":"binary-expr","locations":[{"start":{"line":118,"column":23},"end":{"line":118,"column":36}},{"start":{"line":118,"column":40},"end":{"line":118,"column":53}},{"start":{"line":118,"column":57},"end":{"line":118,"column":58}}],"line":118},"14":{"loc":{"start":{"line":119,"column":20},"end":{"line":119,"column":49}},"type":"binary-expr","locations":[{"start":{"line":119,"column":20},"end":{"line":119,"column":30}},{"start":{"line":119,"column":34},"end":{"line":119,"column":44}},{"start":{"line":119,"column":48},"end":{"line":119,"column":49}}],"line":119},"15":{"loc":{"start":{"line":120,"column":29},"end":{"line":120,"column":76}},"type":"binary-expr","locations":[{"start":{"line":120,"column":29},"end":{"line":120,"column":48}},{"start":{"line":120,"column":52},"end":{"line":120,"column":71}},{"start":{"line":120,"column":75},"end":{"line":120,"column":76}}],"line":120},"16":{"loc":{"start":{"line":121,"column":33},"end":{"line":121,"column":91}},"type":"binary-expr","locations":[{"start":{"line":121,"column":33},"end":{"line":121,"column":56}},{"start":{"line":121,"column":60},"end":{"line":121,"column":83}},{"start":{"line":121,"column":87},"end":{"line":121,"column":91}}],"line":121},"17":{"loc":{"start":{"line":122,"column":23},"end":{"line":122,"column":66}},"type":"binary-expr","locations":[{"start":{"line":122,"column":23},"end":{"line":122,"column":36}},{"start":{"line":122,"column":40},"end":{"line":122,"column":53}},{"start":{"line":122,"column":57},"end":{"line":122,"column":66}}],"line":122},"18":{"loc":{"start":{"line":123,"column":22},"end":{"line":123,"column":60}},"type":"binary-expr","locations":[{"start":{"line":123,"column":22},"end":{"line":123,"column":34}},{"start":{"line":123,"column":38},"end":{"line":123,"column":50}},{"start":{"line":123,"column":54},"end":{"line":123,"column":60}}],"line":123},"19":{"loc":{"start":{"line":124,"column":27},"end":{"line":124,"column":70}},"type":"binary-expr","locations":[{"start":{"line":124,"column":27},"end":{"line":124,"column":44}},{"start":{"line":124,"column":48},"end":{"line":124,"column":65}},{"start":{"line":124,"column":69},"end":{"line":124,"column":70}}],"line":124},"20":{"loc":{"start":{"line":125,"column":28},"end":{"line":125,"column":68}},"type":"binary-expr","locations":[{"start":{"line":125,"column":28},"end":{"line":125,"column":46}},{"start":{"line":125,"column":50},"end":{"line":125,"column":68}}],"line":125},"21":{"loc":{"start":{"line":126,"column":28},"end":{"line":126,"column":68}},"type":"binary-expr","locations":[{"start":{"line":126,"column":28},"end":{"line":126,"column":46}},{"start":{"line":126,"column":50},"end":{"line":126,"column":68}}],"line":126},"22":{"loc":{"start":{"line":131,"column":8},"end":{"line":133,"column":9}},"type":"if","locations":[{"start":{"line":131,"column":8},"end":{"line":133,"column":9}},{"start":{},"end":{}}],"line":131},"23":{"loc":{"start":{"line":135,"column":8},"end":{"line":137,"column":9}},"type":"if","locations":[{"start":{"line":135,"column":8},"end":{"line":137,"column":9}},{"start":{},"end":{}}],"line":135},"24":{"loc":{"start":{"line":135,"column":12},"end":{"line":135,"column":31}},"type":"binary-expr","locations":[{"start":{"line":135,"column":12},"end":{"line":135,"column":18}},{"start":{"line":135,"column":22},"end":{"line":135,"column":31}}],"line":135},"25":{"loc":{"start":{"line":141,"column":8},"end":{"line":145,"column":9}},"type":"if","locations":[{"start":{"line":141,"column":8},"end":{"line":145,"column":9}},{"start":{"line":143,"column":15},"end":{"line":145,"column":9}}],"line":141},"26":{"loc":{"start":{"line":149,"column":8},"end":{"line":151,"column":9}},"type":"if","locations":[{"start":{"line":149,"column":8},"end":{"line":151,"column":9}},{"start":{},"end":{}}],"line":149},"27":{"loc":{"start":{"line":156,"column":8},"end":{"line":158,"column":9}},"type":"if","locations":[{"start":{"line":156,"column":8},"end":{"line":158,"column":9}},{"start":{},"end":{}}],"line":156},"28":{"loc":{"start":{"line":199,"column":22},"end":{"line":199,"column":60}},"type":"binary-expr","locations":[{"start":{"line":199,"column":22},"end":{"line":199,"column":32}},{"start":{"line":199,"column":36},"end":{"line":199,"column":60}}],"line":199},"29":{"loc":{"start":{"line":201,"column":8},"end":{"line":203,"column":9}},"type":"if","locations":[{"start":{"line":201,"column":8},"end":{"line":203,"column":9}},{"start":{},"end":{}}],"line":201},"30":{"loc":{"start":{"line":207,"column":12},"end":{"line":209,"column":13}},"type":"if","locations":[{"start":{"line":207,"column":12},"end":{"line":209,"column":13}},{"start":{},"end":{}}],"line":207},"31":{"loc":{"start":{"line":239,"column":22},"end":{"line":239,"column":60}},"type":"binary-expr","locations":[{"start":{"line":239,"column":22},"end":{"line":239,"column":32}},{"start":{"line":239,"column":36},"end":{"line":239,"column":60}}],"line":239},"32":{"loc":{"start":{"line":273,"column":8},"end":{"line":280,"column":9}},"type":"if","locations":[{"start":{"line":273,"column":8},"end":{"line":280,"column":9}},{"start":{},"end":{}}],"line":273},"33":{"loc":{"start":{"line":282,"column":32},"end":{"line":282,"column":71}},"type":"binary-expr","locations":[{"start":{"line":282,"column":32},"end":{"line":282,"column":61}},{"start":{"line":282,"column":65},"end":{"line":282,"column":71}}],"line":282},"34":{"loc":{"start":{"line":283,"column":27},"end":{"line":283,"column":70}},"type":"binary-expr","locations":[{"start":{"line":283,"column":27},"end":{"line":283,"column":56}},{"start":{"line":283,"column":60},"end":{"line":283,"column":70}}],"line":283},"35":{"loc":{"start":{"line":445,"column":8},"end":{"line":447,"column":9}},"type":"if","locations":[{"start":{"line":445,"column":8},"end":{"line":447,"column":9}},{"start":{},"end":{}}],"line":445},"36":{"loc":{"start":{"line":468,"column":8},"end":{"line":470,"column":9}},"type":"if","locations":[{"start":{"line":468,"column":8},"end":{"line":470,"column":9}},{"start":{},"end":{}}],"line":468},"37":{"loc":{"start":{"line":490,"column":36},"end":{"line":490,"column":50}},"type":"binary-expr","locations":[{"start":{"line":490,"column":36},"end":{"line":490,"column":44}},{"start":{"line":490,"column":48},"end":{"line":490,"column":50}}],"line":490},"38":{"loc":{"start":{"line":517,"column":8},"end":{"line":519,"column":9}},"type":"if","locations":[{"start":{"line":517,"column":8},"end":{"line":519,"column":9}},{"start":{},"end":{}}],"line":517},"39":{"loc":{"start":{"line":560,"column":4},"end":{"line":566,"column":5}},"type":"if","locations":[{"start":{"line":560,"column":4},"end":{"line":566,"column":5}},{"start":{},"end":{}}],"line":560},"40":{"loc":{"start":{"line":570,"column":4},"end":{"line":576,"column":5}},"type":"if","locations":[{"start":{"line":570,"column":4},"end":{"line":576,"column":5}},{"start":{},"end":{}}],"line":570},"41":{"loc":{"start":{"line":579,"column":8},"end":{"line":585,"column":9}},"type":"if","locations":[{"start":{"line":579,"column":8},"end":{"line":585,"column":9}},{"start":{},"end":{}}],"line":579},"42":{"loc":{"start":{"line":579,"column":12},"end":{"line":579,"column":55}},"type":"binary-expr","locations":[{"start":{"line":579,"column":12},"end":{"line":579,"column":15}},{"start":{"line":579,"column":19},"end":{"line":579,"column":27}},{"start":{"line":579,"column":31},"end":{"line":579,"column":55}}],"line":579},"43":{"loc":{"start":{"line":633,"column":12},"end":{"line":635,"column":13}},"type":"if","locations":[{"start":{"line":633,"column":12},"end":{"line":635,"column":13}},{"start":{},"end":{}}],"line":633},"44":{"loc":{"start":{"line":638,"column":8},"end":{"line":644,"column":9}},"type":"if","locations":[{"start":{"line":638,"column":8},"end":{"line":644,"column":9}},{"start":{},"end":{}}],"line":638},"45":{"loc":{"start":{"line":672,"column":8},"end":{"line":678,"column":9}},"type":"if","locations":[{"start":{"line":672,"column":8},"end":{"line":678,"column":9}},{"start":{},"end":{}}],"line":672}},"s":{"0":1,"1":1,"2":1,"3":1,"4":1,"5":1,"6":1,"7":1,"8":1,"9":1,"10":1,"11":1,"12":1,"13":1,"14":17,"15":17,"16":17,"17":2,"18":15,"19":1,"20":14,"21":14,"22":0,"23":0,"24":0,"25":0,"26":0,"27":14,"28":14,"29":1,"30":4,"31":4,"32":4,"33":4,"34":2,"35":2,"36":1,"37":1,"38":1,"39":1,"40":1,"41":4,"42":4,"43":4,"44":3,"45":1,"46":2,"47":4,"48":1,"49":3,"50":0,"51":3,"52":3,"53":0,"54":3,"55":3,"56":1,"57":2,"58":2,"59":1,"60":1,"61":1,"62":1,"63":1,"64":0,"65":1,"66":4,"67":4,"68":4,"69":4,"70":1,"71":3,"72":3,"73":1,"74":2,"75":2,"76":0,"77":1,"78":1,"79":1,"80":1,"81":1,"82":1,"83":0,"84":1,"85":0,"86":0,"87":0,"88":0,"89":0,"90":0,"91":0,"92":0,"93":0,"94":0,"95":0,"96":0,"97":1,"98":0,"99":0,"100":0,"101":0,"102":0,"103":1,"104":1,"105":1,"106":1,"107":0,"108":1,"109":1,"110":1,"111":1,"112":1,"113":0,"114":1,"115":1,"116":1,"117":1,"118":0,"119":1,"120":2,"121":2,"122":2,"123":1,"124":1,"125":1,"126":1,"127":1,"128":1,"129":1,"130":0,"131":1,"132":1,"133":1,"134":1,"135":1,"136":0,"137":0,"138":1,"139":1,"140":1,"141":1,"142":0,"143":1,"144":1,"145":0,"146":1,"147":2,"148":2,"149":2,"150":1,"151":1,"152":1,"153":1,"154":1,"155":1,"156":0,"157":1,"158":1,"159":0,"160":1,"161":2,"162":2,"163":2,"164":1,"165":1,"166":1,"167":0,"168":0,"169":0,"170":0,"171":0,"172":0,"173":0,"174":0,"175":0,"176":1,"177":0,"178":0,"179":0,"180":0,"181":1,"182":0,"183":0,"184":0,"185":0,"186":0,"187":0,"188":0,"189":0,"190":0,"191":0,"192":0,"193":0,"194":0,"195":1,"196":0,"197":0,"198":0,"199":0,"200":0,"201":0,"202":0,"203":1},"f":{"0":17,"1":14,"2":4,"3":4,"4":3,"5":4,"6":3,"7":1,"8":0,"9":0,"10":1,"11":1,"12":1,"13":2,"14":1,"15":1,"16":1,"17":2,"18":1,"19":2,"20":0,"21":0,"22":0,"23":0,"24":0,"25":0},"b":{"0":[1,1],"1":[17,15],"2":[2,15],"3":[1,14],"4":[0,14],"5":[0,0],"6":[0,0],"7":[2,2],"8":[1,2],"9":[2,0],"10":[2,0],"11":[2,0],"12":[2,0],"13":[2,1,1],"14":[2,1,1],"15":[2,2,2],"16":[2,2,2],"17":[2,2,2],"18":[2,2,2],"19":[2,2,2],"20":[2,2],"21":[2,2],"22":[1,3],"23":[0,3],"24":[3,0],"25":[3,0],"26":[1,2],"27":[1,1],"28":[4,3],"29":[1,3],"30":[1,2],"31":[1,1],"32":[0,0],"33":[0,0],"34":[0,0],"35":[1,0],"36":[0,1],"37":[2,2],"38":[0,1],"39":[0,0],"40":[0,0],"41":[0,0],"42":[0,0,0],"43":[0,0],"44":[0,0],"45":[0,0]},"_coverageSchema":"1a1c01bbd47fc00a2c39e90264f33305004495a9","hash":"2bbaf67e244b8f7bc3d9473da2791fa5a811d4f0"}
,"C:\\Users\\matth\\OneDrive\\Desktop\\WMC-Projekt_5a\\Project\\backend\\services\\authErrorHandler.js": {"path":"C:\\Users\\matth\\OneDrive\\Desktop\\WMC-Projekt_5a\\Project\\backend\\services\\authErrorHandler.js","statementMap":{"0":{"start":{"line":7,"column":20},"end":{"line":53,"column":1}},"1":{"start":{"line":59,"column":18},"end":{"line":59,"column":68}},"2":{"start":{"line":61,"column":21},"end":{"line":65,"column":5}},"3":{"start":{"line":67,"column":4},"end":{"line":69,"column":5}},"4":{"start":{"line":68,"column":8},"end":{"line":68,"column":35}},"5":{"start":{"line":71,"column":4},"end":{"line":71,"column":44}},"6":{"start":{"line":78,"column":4},"end":{"line":78,"column":63}},"7":{"start":{"line":80,"column":4},"end":{"line":83,"column":5}},"8":{"start":{"line":82,"column":8},"end":{"line":82,"column":90}},"9":{"start":{"line":85,"column":4},"end":{"line":85,"column":58}},"10":{"start":{"line":92,"column":19},"end":{"line":92,"column":21}},"11":{"start":{"line":94,"column":4},"end":{"line":96,"column":5}},"12":{"start":{"line":95,"column":8},"end":{"line":95,"column":53}},"13":{"start":{"line":98,"column":4},"end":{"line":100,"column":5}},"14":{"start":{"line":99,"column":8},"end":{"line":99,"column":68}},"15":{"start":{"line":102,"column":4},"end":{"line":104,"column":5}},"16":{"start":{"line":103,"column":8},"end":{"line":103,"column":48}},"17":{"start":{"line":106,"column":4},"end":{"line":106,"column":18}},"18":{"start":{"line":113,"column":19},"end":{"line":113,"column":21}},"19":{"start":{"line":115,"column":4},"end":{"line":117,"column":5}},"20":{"start":{"line":116,"column":8},"end":{"line":116,"column":61}},"21":{"start":{"line":119,"column":4},"end":{"line":119,"column":18}},"22":{"start":{"line":122,"column":0},"end":{"line":128,"column":2}}},"fnMap":{"0":{"name":"sendError","decl":{"start":{"line":58,"column":9},"end":{"line":58,"column":18}},"loc":{"start":{"line":58,"column":51},"end":{"line":72,"column":1}},"line":58},"1":{"name":"handleCatchError","decl":{"start":{"line":77,"column":9},"end":{"line":77,"column":25}},"loc":{"start":{"line":77,"column":66},"end":{"line":86,"column":1}},"line":77},"2":{"name":"validateRegisterInput","decl":{"start":{"line":91,"column":9},"end":{"line":91,"column":30}},"loc":{"start":{"line":91,"column":58},"end":{"line":107,"column":1}},"line":91},"3":{"name":"validateLoginInput","decl":{"start":{"line":112,"column":9},"end":{"line":112,"column":27}},"loc":{"start":{"line":112,"column":45},"end":{"line":120,"column":1}},"line":112}},"branchMap":{"0":{"loc":{"start":{"line":58,"column":35},"end":{"line":58,"column":49}},"type":"default-arg","locations":[{"start":{"line":58,"column":45},"end":{"line":58,"column":49}}],"line":58},"1":{"loc":{"start":{"line":59,"column":18},"end":{"line":59,"column":68}},"type":"binary-expr","locations":[{"start":{"line":59,"column":18},"end":{"line":59,"column":40}},{"start":{"line":59,"column":44},"end":{"line":59,"column":68}}],"line":59},"2":{"loc":{"start":{"line":67,"column":4},"end":{"line":69,"column":5}},"type":"if","locations":[{"start":{"line":67,"column":4},"end":{"line":69,"column":5}},{"start":{},"end":{}}],"line":67},"3":{"loc":{"start":{"line":77,"column":38},"end":{"line":77,"column":64}},"type":"default-arg","locations":[{"start":{"line":77,"column":50},"end":{"line":77,"column":64}}],"line":77},"4":{"loc":{"start":{"line":80,"column":4},"end":{"line":83,"column":5}},"type":"if","locations":[{"start":{"line":80,"column":4},"end":{"line":83,"column":5}},{"start":{},"end":{}}],"line":80},"5":{"loc":{"start":{"line":94,"column":4},"end":{"line":96,"column":5}},"type":"if","locations":[{"start":{"line":94,"column":4},"end":{"line":96,"column":5}},{"start":{},"end":{}}],"line":94},"6":{"loc":{"start":{"line":94,"column":8},"end":{"line":94,"column":40}},"type":"binary-expr","locations":[{"start":{"line":94,"column":8},"end":{"line":94,"column":17}},{"start":{"line":94,"column":21},"end":{"line":94,"column":27}},{"start":{"line":94,"column":31},"end":{"line":94,"column":40}}],"line":94},"7":{"loc":{"start":{"line":98,"column":4},"end":{"line":100,"column":5}},"type":"if","locations":[{"start":{"line":98,"column":4},"end":{"line":100,"column":5}},{"start":{},"end":{}}],"line":98},"8":{"loc":{"start":{"line":98,"column":8},"end":{"line":98,"column":39}},"type":"binary-expr","locations":[{"start":{"line":98,"column":8},"end":{"line":98,"column":16}},{"start":{"line":98,"column":20},"end":{"line":98,"column":39}}],"line":98},"9":{"loc":{"start":{"line":102,"column":4},"end":{"line":104,"column":5}},"type":"if","locations":[{"start":{"line":102,"column":4},"end":{"line":104,"column":5}},{"start":{},"end":{}}],"line":102},"10":{"loc":{"start":{"line":102,"column":8},"end":{"line":102,"column":59}},"type":"binary-expr","locations":[{"start":{"line":102,"column":8},"end":{"line":102,"column":13}},{"start":{"line":102,"column":17},"end":{"line":102,"column":59}}],"line":102},"11":{"loc":{"start":{"line":115,"column":4},"end":{"line":117,"column":5}},"type":"if","locations":[{"start":{"line":115,"column":4},"end":{"line":117,"column":5}},{"start":{},"end":{}}],"line":115},"12":{"loc":{"start":{"line":115,"column":8},"end":{"line":115,"column":27}},"type":"binary-expr","locations":[{"start":{"line":115,"column":8},"end":{"line":115,"column":14}},{"start":{"line":115,"column":18},"end":{"line":115,"column":27}}],"line":115}},"s":{"0":1,"1":11,"2":11,"3":11,"4":4,"5":11,"6":1,"7":1,"8":0,"9":1,"10":4,"11":4,"12":1,"13":4,"14":0,"15":4,"16":1,"17":4,"18":0,"19":0,"20":0,"21":0,"22":1},"f":{"0":11,"1":1,"2":4,"3":0},"b":{"0":[7],"1":[11,1],"2":[4,7],"3":[0],"4":[0,1],"5":[1,3],"6":[4,4,3],"7":[0,4],"8":[4,3],"9":[1,3],"10":[4,3],"11":[0,0],"12":[0,0]},"_coverageSchema":"1a1c01bbd47fc00a2c39e90264f33305004495a9","hash":"960ceb8217088cb5269ef8818eed7df5ff749a91"}
,"C:\\Users\\matth\\OneDrive\\Desktop\\WMC-Projekt_5a\\Project\\backend\\services\\dbService.js": {"path":"C:\\Users\\matth\\OneDrive\\Desktop\\WMC-Projekt_5a\\Project\\backend\\services\\dbService.js","statementMap":{"0":{"start":{"line":1,"column":15},"end":{"line":1,"column":43}},"1":{"start":{"line":2,"column":15},"end":{"line":2,"column":34}},"2":{"start":{"line":9,"column":19},"end":{"line":44,"column":1}},"3":{"start":{"line":10,"column":4},"end":{"line":43,"column":7}},"4":{"start":{"line":11,"column":8},"end":{"line":42,"column":9}},"5":{"start":{"line":13,"column":33},"end":{"line":13,"column":64}},"6":{"start":{"line":15,"column":24},"end":{"line":18,"column":13}},"7":{"start":{"line":20,"column":12},"end":{"line":39,"column":15}},"8":{"start":{"line":21,"column":16},"end":{"line":38,"column":17}},"9":{"start":{"line":22,"column":20},"end":{"line":26,"column":21}},"10":{"start":{"line":23,"column":24},"end":{"line":23,"column":83}},"11":{"start":{"line":25,"column":24},"end":{"line":25,"column":36}},"12":{"start":{"line":29,"column":37},"end":{"line":29,"column":82}},"13":{"start":{"line":30,"column":20},"end":{"line":30,"column":52}},"14":{"start":{"line":32,"column":20},"end":{"line":37,"column":23}},"15":{"start":{"line":41,"column":12},"end":{"line":41,"column":26}},"16":{"start":{"line":49,"column":23},"end":{"line":78,"column":1}},"17":{"start":{"line":50,"column":4},"end":{"line":77,"column":7}},"18":{"start":{"line":51,"column":20},"end":{"line":68,"column":9}},"19":{"start":{"line":70,"column":8},"end":{"line":76,"column":11}},"20":{"start":{"line":71,"column":12},"end":{"line":75,"column":13}},"21":{"start":{"line":72,"column":16},"end":{"line":72,"column":28}},"22":{"start":{"line":74,"column":16},"end":{"line":74,"column":29}},"23":{"start":{"line":83,"column":26},"end":{"line":112,"column":1}},"24":{"start":{"line":84,"column":4},"end":{"line":111,"column":7}},"25":{"start":{"line":85,"column":20},"end":{"line":102,"column":9}},"26":{"start":{"line":104,"column":8},"end":{"line":110,"column":11}},"27":{"start":{"line":105,"column":12},"end":{"line":109,"column":13}},"28":{"start":{"line":106,"column":16},"end":{"line":106,"column":28}},"29":{"start":{"line":108,"column":16},"end":{"line":108,"column":29}},"30":{"start":{"line":117,"column":20},"end":{"line":138,"column":1}},"31":{"start":{"line":118,"column":4},"end":{"line":137,"column":7}},"32":{"start":{"line":119,"column":20},"end":{"line":124,"column":9}},"33":{"start":{"line":126,"column":8},"end":{"line":136,"column":11}},"34":{"start":{"line":127,"column":12},"end":{"line":135,"column":13}},"35":{"start":{"line":128,"column":16},"end":{"line":128,"column":28}},"36":{"start":{"line":129,"column":19},"end":{"line":135,"column":13}},"37":{"start":{"line":130,"column":16},"end":{"line":130,"column":57}},"38":{"start":{"line":133,"column":66},"end":{"line":133,"column":69}},"39":{"start":{"line":134,"column":16},"end":{"line":134,"column":45}},"40":{"start":{"line":143,"column":19},"end":{"line":177,"column":1}},"41":{"start":{"line":144,"column":4},"end":{"line":176,"column":7}},"42":{"start":{"line":145,"column":30},"end":{"line":145,"column":130}},"43":{"start":{"line":146,"column":23},"end":{"line":146,"column":25}},"44":{"start":{"line":147,"column":23},"end":{"line":147,"column":25}},"45":{"start":{"line":150,"column":8},"end":{"line":155,"column":11}},"46":{"start":{"line":151,"column":12},"end":{"line":154,"column":13}},"47":{"start":{"line":152,"column":16},"end":{"line":152,"column":42}},"48":{"start":{"line":153,"column":16},"end":{"line":153,"column":42}},"49":{"start":{"line":157,"column":8},"end":{"line":160,"column":9}},"50":{"start":{"line":158,"column":12},"end":{"line":158,"column":62}},"51":{"start":{"line":159,"column":12},"end":{"line":159,"column":19}},"52":{"start":{"line":162,"column":8},"end":{"line":162,"column":54}},"53":{"start":{"line":163,"column":8},"end":{"line":163,"column":24}},"54":{"start":{"line":165,"column":20},"end":{"line":165,"column":72}},"55":{"start":{"line":167,"column":8},"end":{"line":175,"column":11}},"56":{"start":{"line":168,"column":12},"end":{"line":174,"column":13}},"57":{"start":{"line":169,"column":16},"end":{"line":169,"column":28}},"58":{"start":{"line":170,"column":19},"end":{"line":174,"column":13}},"59":{"start":{"line":171,"column":16},"end":{"line":171,"column":57}},"60":{"start":{"line":173,"column":16},"end":{"line":173,"column":93}},"61":{"start":{"line":182,"column":20},"end":{"line":223,"column":1}},"62":{"start":{"line":183,"column":4},"end":{"line":222,"column":7}},"63":{"start":{"line":184,"column":20},"end":{"line":199,"column":9}},"64":{"start":{"line":201,"column":8},"end":{"line":221,"column":11}},"65":{"start":{"line":202,"column":12},"end":{"line":220,"column":13}},"66":{"start":{"line":203,"column":16},"end":{"line":203,"column":28}},"67":{"start":{"line":205,"column":39},"end":{"line":217,"column":19}},"68":{"start":{"line":205,"column":66},"end":{"line":217,"column":17}},"69":{"start":{"line":219,"column":16},"end":{"line":219,"column":40}},"70":{"start":{"line":229,"column":19},"end":{"line":243,"column":1}},"71":{"start":{"line":230,"column":4},"end":{"line":242,"column":7}},"72":{"start":{"line":231,"column":20},"end":{"line":231,"column":52}},"73":{"start":{"line":233,"column":8},"end":{"line":241,"column":11}},"74":{"start":{"line":234,"column":12},"end":{"line":240,"column":13}},"75":{"start":{"line":235,"column":16},"end":{"line":235,"column":28}},"76":{"start":{"line":236,"column":19},"end":{"line":240,"column":13}},"77":{"start":{"line":237,"column":16},"end":{"line":237,"column":57}},"78":{"start":{"line":239,"column":16},"end":{"line":239,"column":89}},"79":{"start":{"line":248,"column":23},"end":{"line":250,"column":1}},"80":{"start":{"line":249,"column":4},"end":{"line":249,"column":63}},"81":{"start":{"line":257,"column":20},"end":{"line":279,"column":1}},"82":{"start":{"line":258,"column":4},"end":{"line":278,"column":7}},"83":{"start":{"line":259,"column":89},"end":{"line":259,"column":98}},"84":{"start":{"line":261,"column":20},"end":{"line":264,"column":9}},"85":{"start":{"line":266,"column":8},"end":{"line":277,"column":11}},"86":{"start":{"line":267,"column":12},"end":{"line":276,"column":13}},"87":{"start":{"line":268,"column":16},"end":{"line":268,"column":28}},"88":{"start":{"line":270,"column":16},"end":{"line":275,"column":19}},"89":{"start":{"line":284,"column":26},"end":{"line":304,"column":1}},"90":{"start":{"line":285,"column":4},"end":{"line":303,"column":7}},"91":{"start":{"line":286,"column":18},"end":{"line":286,"column":58}},"92":{"start":{"line":287,"column":23},"end":{"line":287,"column":31}},"93":{"start":{"line":289,"column":8},"end":{"line":292,"column":9}},"94":{"start":{"line":290,"column":12},"end":{"line":290,"column":37}},"95":{"start":{"line":291,"column":12},"end":{"line":291,"column":32}},"96":{"start":{"line":294,"column":8},"end":{"line":294,"column":43}},"97":{"start":{"line":296,"column":8},"end":{"line":302,"column":11}},"98":{"start":{"line":297,"column":12},"end":{"line":301,"column":13}},"99":{"start":{"line":298,"column":16},"end":{"line":298,"column":28}},"100":{"start":{"line":300,"column":16},"end":{"line":300,"column":36}},"101":{"start":{"line":309,"column":21},"end":{"line":323,"column":1}},"102":{"start":{"line":310,"column":4},"end":{"line":322,"column":7}},"103":{"start":{"line":311,"column":20},"end":{"line":311,"column":55}},"104":{"start":{"line":313,"column":8},"end":{"line":321,"column":11}},"105":{"start":{"line":314,"column":12},"end":{"line":320,"column":13}},"106":{"start":{"line":315,"column":16},"end":{"line":315,"column":28}},"107":{"start":{"line":316,"column":19},"end":{"line":320,"column":13}},"108":{"start":{"line":317,"column":16},"end":{"line":317,"column":58}},"109":{"start":{"line":319,"column":16},"end":{"line":319,"column":29}},"110":{"start":{"line":328,"column":20},"end":{"line":359,"column":1}},"111":{"start":{"line":329,"column":4},"end":{"line":358,"column":7}},"112":{"start":{"line":330,"column":30},"end":{"line":330,"column":113}},"113":{"start":{"line":331,"column":23},"end":{"line":331,"column":25}},"114":{"start":{"line":332,"column":23},"end":{"line":332,"column":25}},"115":{"start":{"line":334,"column":8},"end":{"line":339,"column":11}},"116":{"start":{"line":335,"column":12},"end":{"line":338,"column":13}},"117":{"start":{"line":336,"column":16},"end":{"line":336,"column":42}},"118":{"start":{"line":337,"column":16},"end":{"line":337,"column":42}},"119":{"start":{"line":341,"column":8},"end":{"line":344,"column":9}},"120":{"start":{"line":342,"column":12},"end":{"line":342,"column":62}},"121":{"start":{"line":343,"column":12},"end":{"line":343,"column":19}},"122":{"start":{"line":346,"column":8},"end":{"line":346,"column":29}},"123":{"start":{"line":347,"column":20},"end":{"line":347,"column":73}},"124":{"start":{"line":349,"column":8},"end":{"line":357,"column":11}},"125":{"start":{"line":350,"column":12},"end":{"line":356,"column":13}},"126":{"start":{"line":351,"column":16},"end":{"line":351,"column":28}},"127":{"start":{"line":352,"column":19},"end":{"line":356,"column":13}},"128":{"start":{"line":353,"column":16},"end":{"line":353,"column":58}},"129":{"start":{"line":355,"column":16},"end":{"line":355,"column":94}},"130":{"start":{"line":364,"column":22},"end":{"line":417,"column":1}},"131":{"start":{"line":365,"column":4},"end":{"line":416,"column":7}},"132":{"start":{"line":366,"column":8},"end":{"line":415,"column":9}},"133":{"start":{"line":368,"column":26},"end":{"line":368,"column":53}},"134":{"start":{"line":370,"column":12},"end":{"line":373,"column":13}},"135":{"start":{"line":371,"column":16},"end":{"line":371,"column":55}},"136":{"start":{"line":372,"column":16},"end":{"line":372,"column":23}},"137":{"start":{"line":375,"column":12},"end":{"line":378,"column":13}},"138":{"start":{"line":376,"column":16},"end":{"line":376,"column":65}},"139":{"start":{"line":377,"column":16},"end":{"line":377,"column":23}},"140":{"start":{"line":381,"column":12},"end":{"line":385,"column":15}},"141":{"start":{"line":388,"column":25},"end":{"line":388,"column":50}},"142":{"start":{"line":389,"column":26},"end":{"line":389,"column":51}},"143":{"start":{"line":390,"column":29},"end":{"line":390,"column":57}},"144":{"start":{"line":392,"column":12},"end":{"line":395,"column":15}},"145":{"start":{"line":398,"column":29},"end":{"line":403,"column":13}},"146":{"start":{"line":404,"column":12},"end":{"line":404,"column":39}},"147":{"start":{"line":406,"column":12},"end":{"line":411,"column":15}},"148":{"start":{"line":414,"column":12},"end":{"line":414,"column":26}},"149":{"start":{"line":422,"column":20},"end":{"line":436,"column":1}},"150":{"start":{"line":423,"column":4},"end":{"line":435,"column":7}},"151":{"start":{"line":424,"column":20},"end":{"line":424,"column":53}},"152":{"start":{"line":426,"column":8},"end":{"line":434,"column":11}},"153":{"start":{"line":427,"column":12},"end":{"line":433,"column":13}},"154":{"start":{"line":428,"column":16},"end":{"line":428,"column":28}},"155":{"start":{"line":429,"column":19},"end":{"line":433,"column":13}},"156":{"start":{"line":430,"column":16},"end":{"line":430,"column":58}},"157":{"start":{"line":432,"column":16},"end":{"line":432,"column":90}},"158":{"start":{"line":443,"column":24},"end":{"line":474,"column":1}},"159":{"start":{"line":444,"column":4},"end":{"line":473,"column":7}},"160":{"start":{"line":445,"column":30},"end":{"line":445,"column":84}},"161":{"start":{"line":446,"column":23},"end":{"line":446,"column":25}},"162":{"start":{"line":447,"column":23},"end":{"line":447,"column":25}},"163":{"start":{"line":449,"column":8},"end":{"line":454,"column":11}},"164":{"start":{"line":450,"column":12},"end":{"line":453,"column":13}},"165":{"start":{"line":451,"column":16},"end":{"line":451,"column":42}},"166":{"start":{"line":452,"column":16},"end":{"line":452,"column":42}},"167":{"start":{"line":456,"column":8},"end":{"line":459,"column":9}},"168":{"start":{"line":457,"column":12},"end":{"line":457,"column":62}},"169":{"start":{"line":458,"column":12},"end":{"line":458,"column":19}},"170":{"start":{"line":461,"column":8},"end":{"line":461,"column":54}},"171":{"start":{"line":462,"column":8},"end":{"line":462,"column":28}},"172":{"start":{"line":464,"column":20},"end":{"line":464,"column":82}},"173":{"start":{"line":466,"column":8},"end":{"line":472,"column":11}},"174":{"start":{"line":467,"column":12},"end":{"line":471,"column":13}},"175":{"start":{"line":468,"column":16},"end":{"line":468,"column":28}},"176":{"start":{"line":470,"column":16},"end":{"line":470,"column":82}},"177":{"start":{"line":476,"column":0},"end":{"line":497,"column":2}}},"fnMap":{"0":{"name":"(anonymous_0)","decl":{"start":{"line":9,"column":19},"end":{"line":9,"column":20}},"loc":{"start":{"line":9,"column":50},"end":{"line":44,"column":1}},"line":9},"1":{"name":"(anonymous_1)","decl":{"start":{"line":10,"column":23},"end":{"line":10,"column":24}},"loc":{"start":{"line":10,"column":50},"end":{"line":43,"column":5}},"line":10},"2":{"name":"(anonymous_2)","decl":{"start":{"line":20,"column":57},"end":{"line":20,"column":58}},"loc":{"start":{"line":20,"column":72},"end":{"line":39,"column":13}},"line":20},"3":{"name":"(anonymous_3)","decl":{"start":{"line":49,"column":23},"end":{"line":49,"column":24}},"loc":{"start":{"line":49,"column":34},"end":{"line":78,"column":1}},"line":49},"4":{"name":"(anonymous_4)","decl":{"start":{"line":50,"column":23},"end":{"line":50,"column":24}},"loc":{"start":{"line":50,"column":44},"end":{"line":77,"column":5}},"line":50},"5":{"name":"(anonymous_5)","decl":{"start":{"line":70,"column":29},"end":{"line":70,"column":30}},"loc":{"start":{"line":70,"column":43},"end":{"line":76,"column":9}},"line":70},"6":{"name":"(anonymous_6)","decl":{"start":{"line":83,"column":26},"end":{"line":83,"column":27}},"loc":{"start":{"line":83,"column":40},"end":{"line":112,"column":1}},"line":83},"7":{"name":"(anonymous_7)","decl":{"start":{"line":84,"column":23},"end":{"line":84,"column":24}},"loc":{"start":{"line":84,"column":44},"end":{"line":111,"column":5}},"line":84},"8":{"name":"(anonymous_8)","decl":{"start":{"line":104,"column":32},"end":{"line":104,"column":33}},"loc":{"start":{"line":104,"column":46},"end":{"line":110,"column":9}},"line":104},"9":{"name":"(anonymous_9)","decl":{"start":{"line":117,"column":20},"end":{"line":117,"column":21}},"loc":{"start":{"line":117,"column":28},"end":{"line":138,"column":1}},"line":117},"10":{"name":"(anonymous_10)","decl":{"start":{"line":118,"column":23},"end":{"line":118,"column":24}},"loc":{"start":{"line":118,"column":44},"end":{"line":137,"column":5}},"line":118},"11":{"name":"(anonymous_11)","decl":{"start":{"line":126,"column":26},"end":{"line":126,"column":27}},"loc":{"start":{"line":126,"column":40},"end":{"line":136,"column":9}},"line":126},"12":{"name":"(anonymous_12)","decl":{"start":{"line":143,"column":19},"end":{"line":143,"column":20}},"loc":{"start":{"line":143,"column":36},"end":{"line":177,"column":1}},"line":143},"13":{"name":"(anonymous_13)","decl":{"start":{"line":144,"column":23},"end":{"line":144,"column":24}},"loc":{"start":{"line":144,"column":44},"end":{"line":176,"column":5}},"line":144},"14":{"name":"(anonymous_14)","decl":{"start":{"line":150,"column":37},"end":{"line":150,"column":38}},"loc":{"start":{"line":150,"column":44},"end":{"line":155,"column":9}},"line":150},"15":{"name":"(anonymous_15)","decl":{"start":{"line":167,"column":28},"end":{"line":167,"column":29}},"loc":{"start":{"line":167,"column":43},"end":{"line":175,"column":9}},"line":167},"16":{"name":"(anonymous_16)","decl":{"start":{"line":182,"column":20},"end":{"line":182,"column":21}},"loc":{"start":{"line":182,"column":26},"end":{"line":223,"column":1}},"line":182},"17":{"name":"(anonymous_17)","decl":{"start":{"line":183,"column":23},"end":{"line":183,"column":24}},"loc":{"start":{"line":183,"column":44},"end":{"line":222,"column":5}},"line":183},"18":{"name":"(anonymous_18)","decl":{"start":{"line":201,"column":24},"end":{"line":201,"column":25}},"loc":{"start":{"line":201,"column":39},"end":{"line":221,"column":9}},"line":201},"19":{"name":"(anonymous_19)","decl":{"start":{"line":205,"column":56},"end":{"line":205,"column":57}},"loc":{"start":{"line":205,"column":66},"end":{"line":217,"column":17}},"line":205},"20":{"name":"(anonymous_20)","decl":{"start":{"line":229,"column":19},"end":{"line":229,"column":20}},"loc":{"start":{"line":229,"column":27},"end":{"line":243,"column":1}},"line":229},"21":{"name":"(anonymous_21)","decl":{"start":{"line":230,"column":23},"end":{"line":230,"column":24}},"loc":{"start":{"line":230,"column":44},"end":{"line":242,"column":5}},"line":230},"22":{"name":"(anonymous_22)","decl":{"start":{"line":233,"column":26},"end":{"line":233,"column":27}},"loc":{"start":{"line":233,"column":41},"end":{"line":241,"column":9}},"line":233},"23":{"name":"(anonymous_23)","decl":{"start":{"line":248,"column":23},"end":{"line":248,"column":24}},"loc":{"start":{"line":248,"column":64},"end":{"line":250,"column":1}},"line":248},"24":{"name":"(anonymous_24)","decl":{"start":{"line":257,"column":20},"end":{"line":257,"column":21}},"loc":{"start":{"line":257,"column":43},"end":{"line":279,"column":1}},"line":257},"25":{"name":"(anonymous_25)","decl":{"start":{"line":258,"column":23},"end":{"line":258,"column":24}},"loc":{"start":{"line":258,"column":44},"end":{"line":278,"column":5}},"line":258},"26":{"name":"(anonymous_26)","decl":{"start":{"line":266,"column":83},"end":{"line":266,"column":84}},"loc":{"start":{"line":266,"column":98},"end":{"line":277,"column":9}},"line":266},"27":{"name":"(anonymous_27)","decl":{"start":{"line":284,"column":26},"end":{"line":284,"column":27}},"loc":{"start":{"line":284,"column":53},"end":{"line":304,"column":1}},"line":284},"28":{"name":"(anonymous_28)","decl":{"start":{"line":285,"column":23},"end":{"line":285,"column":24}},"loc":{"start":{"line":285,"column":44},"end":{"line":303,"column":5}},"line":285},"29":{"name":"(anonymous_29)","decl":{"start":{"line":296,"column":28},"end":{"line":296,"column":29}},"loc":{"start":{"line":296,"column":43},"end":{"line":302,"column":9}},"line":296},"30":{"name":"(anonymous_30)","decl":{"start":{"line":309,"column":21},"end":{"line":309,"column":22}},"loc":{"start":{"line":309,"column":34},"end":{"line":323,"column":1}},"line":309},"31":{"name":"(anonymous_31)","decl":{"start":{"line":310,"column":23},"end":{"line":310,"column":24}},"loc":{"start":{"line":310,"column":44},"end":{"line":322,"column":5}},"line":310},"32":{"name":"(anonymous_32)","decl":{"start":{"line":313,"column":31},"end":{"line":313,"column":32}},"loc":{"start":{"line":313,"column":45},"end":{"line":321,"column":9}},"line":313},"33":{"name":"(anonymous_33)","decl":{"start":{"line":328,"column":20},"end":{"line":328,"column":21}},"loc":{"start":{"line":328,"column":42},"end":{"line":359,"column":1}},"line":328},"34":{"name":"(anonymous_34)","decl":{"start":{"line":329,"column":23},"end":{"line":329,"column":24}},"loc":{"start":{"line":329,"column":44},"end":{"line":358,"column":5}},"line":329},"35":{"name":"(anonymous_35)","decl":{"start":{"line":334,"column":37},"end":{"line":334,"column":38}},"loc":{"start":{"line":334,"column":44},"end":{"line":339,"column":9}},"line":334},"36":{"name":"(anonymous_36)","decl":{"start":{"line":349,"column":28},"end":{"line":349,"column":29}},"loc":{"start":{"line":349,"column":43},"end":{"line":357,"column":9}},"line":349},"37":{"name":"(anonymous_37)","decl":{"start":{"line":364,"column":22},"end":{"line":364,"column":23}},"loc":{"start":{"line":364,"column":66},"end":{"line":417,"column":1}},"line":364},"38":{"name":"(anonymous_38)","decl":{"start":{"line":365,"column":23},"end":{"line":365,"column":24}},"loc":{"start":{"line":365,"column":50},"end":{"line":416,"column":5}},"line":365},"39":{"name":"(anonymous_39)","decl":{"start":{"line":422,"column":20},"end":{"line":422,"column":21}},"loc":{"start":{"line":422,"column":33},"end":{"line":436,"column":1}},"line":422},"40":{"name":"(anonymous_40)","decl":{"start":{"line":423,"column":23},"end":{"line":423,"column":24}},"loc":{"start":{"line":423,"column":44},"end":{"line":435,"column":5}},"line":423},"41":{"name":"(anonymous_41)","decl":{"start":{"line":426,"column":31},"end":{"line":426,"column":32}},"loc":{"start":{"line":426,"column":46},"end":{"line":434,"column":9}},"line":426},"42":{"name":"(anonymous_42)","decl":{"start":{"line":443,"column":24},"end":{"line":443,"column":25}},"loc":{"start":{"line":443,"column":45},"end":{"line":474,"column":1}},"line":443},"43":{"name":"(anonymous_43)","decl":{"start":{"line":444,"column":23},"end":{"line":444,"column":24}},"loc":{"start":{"line":444,"column":44},"end":{"line":473,"column":5}},"line":444},"44":{"name":"(anonymous_44)","decl":{"start":{"line":449,"column":37},"end":{"line":449,"column":38}},"loc":{"start":{"line":449,"column":44},"end":{"line":454,"column":9}},"line":449},"45":{"name":"(anonymous_45)","decl":{"start":{"line":466,"column":28},"end":{"line":466,"column":29}},"loc":{"start":{"line":466,"column":43},"end":{"line":472,"column":9}},"line":466}},"branchMap":{"0":{"loc":{"start":{"line":21,"column":16},"end":{"line":38,"column":17}},"type":"if","locations":[{"start":{"line":21,"column":16},"end":{"line":38,"column":17}},{"start":{"line":27,"column":23},"end":{"line":38,"column":17}}],"line":21},"1":{"loc":{"start":{"line":22,"column":20},"end":{"line":26,"column":21}},"type":"if","locations":[{"start":{"line":22,"column":20},"end":{"line":26,"column":21}},{"start":{"line":24,"column":27},"end":{"line":26,"column":21}}],"line":22},"2":{"loc":{"start":{"line":71,"column":12},"end":{"line":75,"column":13}},"type":"if","locations":[{"start":{"line":71,"column":12},"end":{"line":75,"column":13}},{"start":{"line":73,"column":19},"end":{"line":75,"column":13}}],"line":71},"3":{"loc":{"start":{"line":105,"column":12},"end":{"line":109,"column":13}},"type":"if","locations":[{"start":{"line":105,"column":12},"end":{"line":109,"column":13}},{"start":{"line":107,"column":19},"end":{"line":109,"column":13}}],"line":105},"4":{"loc":{"start":{"line":127,"column":12},"end":{"line":135,"column":13}},"type":"if","locations":[{"start":{"line":127,"column":12},"end":{"line":135,"column":13}},{"start":{"line":129,"column":19},"end":{"line":135,"column":13}}],"line":127},"5":{"loc":{"start":{"line":129,"column":19},"end":{"line":135,"column":13}},"type":"if","locations":[{"start":{"line":129,"column":19},"end":{"line":135,"column":13}},{"start":{"line":131,"column":19},"end":{"line":135,"column":13}}],"line":129},"6":{"loc":{"start":{"line":151,"column":12},"end":{"line":154,"column":13}},"type":"if","locations":[{"start":{"line":151,"column":12},"end":{"line":154,"column":13}},{"start":{},"end":{}}],"line":151},"7":{"loc":{"start":{"line":157,"column":8},"end":{"line":160,"column":9}},"type":"if","locations":[{"start":{"line":157,"column":8},"end":{"line":160,"column":9}},{"start":{},"end":{}}],"line":157},"8":{"loc":{"start":{"line":168,"column":12},"end":{"line":174,"column":13}},"type":"if","locations":[{"start":{"line":168,"column":12},"end":{"line":174,"column":13}},{"start":{"line":170,"column":19},"end":{"line":174,"column":13}}],"line":168},"9":{"loc":{"start":{"line":170,"column":19},"end":{"line":174,"column":13}},"type":"if","locations":[{"start":{"line":170,"column":19},"end":{"line":174,"column":13}},{"start":{"line":172,"column":19},"end":{"line":174,"column":13}}],"line":170},"10":{"loc":{"start":{"line":202,"column":12},"end":{"line":220,"column":13}},"type":"if","locations":[{"start":{"line":202,"column":12},"end":{"line":220,"column":13}},{"start":{"line":204,"column":19},"end":{"line":220,"column":13}}],"line":202},"11":{"loc":{"start":{"line":205,"column":40},"end":{"line":205,"column":50}},"type":"binary-expr","locations":[{"start":{"line":205,"column":40},"end":{"line":205,"column":44}},{"start":{"line":205,"column":48},"end":{"line":205,"column":50}}],"line":205},"12":{"loc":{"start":{"line":206,"column":24},"end":{"line":206,"column":40}},"type":"binary-expr","locations":[{"start":{"line":206,"column":24},"end":{"line":206,"column":30}},{"start":{"line":206,"column":34},"end":{"line":206,"column":40}}],"line":206},"13":{"loc":{"start":{"line":207,"column":30},"end":{"line":207,"column":58}},"type":"binary-expr","locations":[{"start":{"line":207,"column":30},"end":{"line":207,"column":42}},{"start":{"line":207,"column":46},"end":{"line":207,"column":58}}],"line":207},"14":{"loc":{"start":{"line":208,"column":27},"end":{"line":208,"column":49}},"type":"binary-expr","locations":[{"start":{"line":208,"column":27},"end":{"line":208,"column":36}},{"start":{"line":208,"column":40},"end":{"line":208,"column":49}}],"line":208},"15":{"loc":{"start":{"line":209,"column":27},"end":{"line":209,"column":54}},"type":"binary-expr","locations":[{"start":{"line":209,"column":27},"end":{"line":209,"column":36}},{"start":{"line":209,"column":40},"end":{"line":209,"column":49}},{"start":{"line":209,"column":53},"end":{"line":209,"column":54}}],"line":209},"16":{"loc":{"start":{"line":210,"column":24},"end":{"line":210,"column":45}},"type":"binary-expr","locations":[{"start":{"line":210,"column":24},"end":{"line":210,"column":30}},{"start":{"line":210,"column":34},"end":{"line":210,"column":40}},{"start":{"line":210,"column":44},"end":{"line":210,"column":45}}],"line":210},"17":{"loc":{"start":{"line":211,"column":33},"end":{"line":211,"column":72}},"type":"binary-expr","locations":[{"start":{"line":211,"column":33},"end":{"line":211,"column":48}},{"start":{"line":211,"column":52},"end":{"line":211,"column":67}},{"start":{"line":211,"column":71},"end":{"line":211,"column":72}}],"line":211},"18":{"loc":{"start":{"line":212,"column":27},"end":{"line":212,"column":49}},"type":"binary-expr","locations":[{"start":{"line":212,"column":27},"end":{"line":212,"column":36}},{"start":{"line":212,"column":40},"end":{"line":212,"column":49}}],"line":212},"19":{"loc":{"start":{"line":213,"column":26},"end":{"line":213,"column":56}},"type":"binary-expr","locations":[{"start":{"line":213,"column":26},"end":{"line":213,"column":34}},{"start":{"line":213,"column":38},"end":{"line":213,"column":46}},{"start":{"line":213,"column":50},"end":{"line":213,"column":56}}],"line":213},"20":{"loc":{"start":{"line":214,"column":31},"end":{"line":214,"column":66}},"type":"binary-expr","locations":[{"start":{"line":214,"column":31},"end":{"line":214,"column":44}},{"start":{"line":214,"column":48},"end":{"line":214,"column":61}},{"start":{"line":214,"column":65},"end":{"line":214,"column":66}}],"line":214},"21":{"loc":{"start":{"line":215,"column":32},"end":{"line":215,"column":64}},"type":"binary-expr","locations":[{"start":{"line":215,"column":32},"end":{"line":215,"column":46}},{"start":{"line":215,"column":50},"end":{"line":215,"column":64}}],"line":215},"22":{"loc":{"start":{"line":216,"column":32},"end":{"line":216,"column":64}},"type":"binary-expr","locations":[{"start":{"line":216,"column":32},"end":{"line":216,"column":46}},{"start":{"line":216,"column":50},"end":{"line":216,"column":64}}],"line":216},"23":{"loc":{"start":{"line":234,"column":12},"end":{"line":240,"column":13}},"type":"if","locations":[{"start":{"line":234,"column":12},"end":{"line":240,"column":13}},{"start":{"line":236,"column":19},"end":{"line":240,"column":13}}],"line":234},"24":{"loc":{"start":{"line":236,"column":19},"end":{"line":240,"column":13}},"type":"if","locations":[{"start":{"line":236,"column":19},"end":{"line":240,"column":13}},{"start":{"line":238,"column":19},"end":{"line":240,"column":13}}],"line":236},"25":{"loc":{"start":{"line":259,"column":46},"end":{"line":259,"column":67}},"type":"default-arg","locations":[{"start":{"line":259,"column":59},"end":{"line":259,"column":67}}],"line":259},"26":{"loc":{"start":{"line":259,"column":69},"end":{"line":259,"column":84}},"type":"default-arg","locations":[{"start":{"line":259,"column":81},"end":{"line":259,"column":84}}],"line":259},"27":{"loc":{"start":{"line":267,"column":12},"end":{"line":276,"column":13}},"type":"if","locations":[{"start":{"line":267,"column":12},"end":{"line":276,"column":13}},{"start":{"line":269,"column":19},"end":{"line":276,"column":13}}],"line":267},"28":{"loc":{"start":{"line":284,"column":35},"end":{"line":284,"column":48}},"type":"default-arg","locations":[{"start":{"line":284,"column":44},"end":{"line":284,"column":48}}],"line":284},"29":{"loc":{"start":{"line":289,"column":8},"end":{"line":292,"column":9}},"type":"if","locations":[{"start":{"line":289,"column":8},"end":{"line":292,"column":9}},{"start":{},"end":{}}],"line":289},"30":{"loc":{"start":{"line":297,"column":12},"end":{"line":301,"column":13}},"type":"if","locations":[{"start":{"line":297,"column":12},"end":{"line":301,"column":13}},{"start":{"line":299,"column":19},"end":{"line":301,"column":13}}],"line":297},"31":{"loc":{"start":{"line":300,"column":24},"end":{"line":300,"column":34}},"type":"binary-expr","locations":[{"start":{"line":300,"column":24},"end":{"line":300,"column":28}},{"start":{"line":300,"column":32},"end":{"line":300,"column":34}}],"line":300},"32":{"loc":{"start":{"line":314,"column":12},"end":{"line":320,"column":13}},"type":"if","locations":[{"start":{"line":314,"column":12},"end":{"line":320,"column":13}},{"start":{"line":316,"column":19},"end":{"line":320,"column":13}}],"line":314},"33":{"loc":{"start":{"line":316,"column":19},"end":{"line":320,"column":13}},"type":"if","locations":[{"start":{"line":316,"column":19},"end":{"line":320,"column":13}},{"start":{"line":318,"column":19},"end":{"line":320,"column":13}}],"line":316},"34":{"loc":{"start":{"line":335,"column":12},"end":{"line":338,"column":13}},"type":"if","locations":[{"start":{"line":335,"column":12},"end":{"line":338,"column":13}},{"start":{},"end":{}}],"line":335},"35":{"loc":{"start":{"line":341,"column":8},"end":{"line":344,"column":9}},"type":"if","locations":[{"start":{"line":341,"column":8},"end":{"line":344,"column":9}},{"start":{},"end":{}}],"line":341},"36":{"loc":{"start":{"line":350,"column":12},"end":{"line":356,"column":13}},"type":"if","locations":[{"start":{"line":350,"column":12},"end":{"line":356,"column":13}},{"start":{"line":352,"column":19},"end":{"line":356,"column":13}}],"line":350},"37":{"loc":{"start":{"line":352,"column":19},"end":{"line":356,"column":13}},"type":"if","locations":[{"start":{"line":352,"column":19},"end":{"line":356,"column":13}},{"start":{"line":354,"column":19},"end":{"line":356,"column":13}}],"line":352},"38":{"loc":{"start":{"line":364,"column":40},"end":{"line":364,"column":61}},"type":"default-arg","locations":[{"start":{"line":364,"column":57},"end":{"line":364,"column":61}}],"line":364},"39":{"loc":{"start":{"line":370,"column":12},"end":{"line":373,"column":13}},"type":"if","locations":[{"start":{"line":370,"column":12},"end":{"line":373,"column":13}},{"start":{},"end":{}}],"line":370},"40":{"loc":{"start":{"line":375,"column":12},"end":{"line":378,"column":13}},"type":"if","locations":[{"start":{"line":375,"column":12},"end":{"line":378,"column":13}},{"start":{},"end":{}}],"line":375},"41":{"loc":{"start":{"line":427,"column":12},"end":{"line":433,"column":13}},"type":"if","locations":[{"start":{"line":427,"column":12},"end":{"line":433,"column":13}},{"start":{"line":429,"column":19},"end":{"line":433,"column":13}}],"line":427},"42":{"loc":{"start":{"line":429,"column":19},"end":{"line":433,"column":13}},"type":"if","locations":[{"start":{"line":429,"column":19},"end":{"line":433,"column":13}},{"start":{"line":431,"column":19},"end":{"line":433,"column":13}}],"line":429},"43":{"loc":{"start":{"line":450,"column":12},"end":{"line":453,"column":13}},"type":"if","locations":[{"start":{"line":450,"column":12},"end":{"line":453,"column":13}},{"start":{},"end":{}}],"line":450},"44":{"loc":{"start":{"line":456,"column":8},"end":{"line":459,"column":9}},"type":"if","locations":[{"start":{"line":456,"column":8},"end":{"line":459,"column":9}},{"start":{},"end":{}}],"line":456},"45":{"loc":{"start":{"line":467,"column":12},"end":{"line":471,"column":13}},"type":"if","locations":[{"start":{"line":467,"column":12},"end":{"line":471,"column":13}},{"start":{"line":469,"column":19},"end":{"line":471,"column":13}}],"line":467}},"s":{"0":2,"1":2,"2":2,"3":3,"4":3,"5":3,"6":3,"7":3,"8":3,"9":1,"10":1,"11":0,"12":2,"13":2,"14":2,"15":0,"16":2,"17":2,"18":2,"19":2,"20":2,"21":0,"22":2,"23":2,"24":0,"25":0,"26":0,"27":0,"28":0,"29":0,"30":2,"31":3,"32":3,"33":3,"34":3,"35":0,"36":3,"37":1,"38":2,"39":2,"40":2,"41":2,"42":2,"43":2,"44":2,"45":2,"46":3,"47":2,"48":2,"49":2,"50":1,"51":1,"52":1,"53":1,"54":1,"55":1,"56":1,"57":0,"58":1,"59":0,"60":1,"61":2,"62":0,"63":0,"64":0,"65":0,"66":0,"67":0,"68":0,"69":0,"70":2,"71":2,"72":2,"73":2,"74":2,"75":0,"76":2,"77":1,"78":1,"79":2,"80":0,"81":2,"82":1,"83":1,"84":1,"85":1,"86":1,"87":0,"88":1,"89":2,"90":2,"91":2,"92":2,"93":2,"94":0,"95":0,"96":2,"97":2,"98":2,"99":0,"100":2,"101":2,"102":2,"103":2,"104":2,"105":2,"106":0,"107":2,"108":0,"109":2,"110":2,"111":2,"112":2,"113":2,"114":2,"115":2,"116":4,"117":3,"118":3,"119":2,"120":1,"121":1,"122":1,"123":1,"124":1,"125":1,"126":0,"127":1,"128":0,"129":1,"130":2,"131":2,"132":2,"133":2,"134":2,"135":1,"136":1,"137":1,"138":0,"139":0,"140":1,"141":1,"142":1,"143":1,"144":1,"145":1,"146":1,"147":1,"148":0,"149":2,"150":1,"151":1,"152":1,"153":1,"154":0,"155":1,"156":0,"157":1,"158":2,"159":2,"160":2,"161":2,"162":2,"163":2,"164":2,"165":1,"166":1,"167":2,"168":1,"169":1,"170":1,"171":1,"172":1,"173":1,"174":1,"175":0,"176":1,"177":2},"f":{"0":3,"1":3,"2":3,"3":2,"4":2,"5":2,"6":0,"7":0,"8":0,"9":3,"10":3,"11":3,"12":2,"13":2,"14":3,"15":1,"16":0,"17":0,"18":0,"19":0,"20":2,"21":2,"22":2,"23":0,"24":1,"25":1,"26":1,"27":2,"28":2,"29":2,"30":2,"31":2,"32":2,"33":2,"34":2,"35":4,"36":1,"37":2,"38":2,"39":1,"40":1,"41":1,"42":2,"43":2,"44":2,"45":1},"b":{"0":[1,2],"1":[1,0],"2":[0,2],"3":[0,0],"4":[0,3],"5":[1,2],"6":[2,1],"7":[1,1],"8":[0,1],"9":[0,1],"10":[0,0],"11":[0,0],"12":[0,0],"13":[0,0],"14":[0,0],"15":[0,0,0],"16":[0,0,0],"17":[0,0,0],"18":[0,0],"19":[0,0,0],"20":[0,0,0],"21":[0,0],"22":[0,0],"23":[0,2],"24":[1,1],"25":[0],"26":[0],"27":[0,1],"28":[2],"29":[0,2],"30":[0,2],"31":[2,0],"32":[0,2],"33":[0,2],"34":[3,1],"35":[1,1],"36":[0,1],"37":[0,1],"38":[1],"39":[1,1],"40":[0,1],"41":[0,1],"42":[0,1],"43":[1,1],"44":[1,1],"45":[0,1]},"_coverageSchema":"1a1c01bbd47fc00a2c39e90264f33305004495a9","hash":"cc6760267e9acc635e29ba3fb73d1c2501ef14c9"}
,"C:\\Users\\matth\\OneDrive\\Desktop\\WMC-Projekt_5a\\Project\\backend\\services\\questErrorHandler.js": {"path":"C:\\Users\\matth\\OneDrive\\Desktop\\WMC-Projekt_5a\\Project\\backend\\services\\questErrorHandler.js","statementMap":{"0":{"start":{"line":6,"column":21},"end":{"line":42,"column":1}},"1":{"start":{"line":45,"column":18},"end":{"line":45,"column":70}},"2":{"start":{"line":47,"column":21},"end":{"line":51,"column":5}},"3":{"start":{"line":53,"column":4},"end":{"line":55,"column":5}},"4":{"start":{"line":54,"column":8},"end":{"line":54,"column":35}},"5":{"start":{"line":57,"column":4},"end":{"line":57,"column":44}},"6":{"start":{"line":61,"column":4},"end":{"line":61,"column":64}},"7":{"start":{"line":62,"column":4},"end":{"line":62,"column":63}},"8":{"start":{"line":66,"column":4},"end":{"line":66,"column":41}},"9":{"start":{"line":69,"column":0},"end":{"line":74,"column":2}}},"fnMap":{"0":{"name":"sendError","decl":{"start":{"line":44,"column":9},"end":{"line":44,"column":18}},"loc":{"start":{"line":44,"column":51},"end":{"line":58,"column":1}},"line":44},"1":{"name":"handleCatchError","decl":{"start":{"line":60,"column":9},"end":{"line":60,"column":25}},"loc":{"start":{"line":60,"column":69},"end":{"line":63,"column":1}},"line":60},"2":{"name":"checkQuestOwnership","decl":{"start":{"line":65,"column":9},"end":{"line":65,"column":28}},"loc":{"start":{"line":65,"column":57},"end":{"line":67,"column":1}},"line":65}},"branchMap":{"0":{"loc":{"start":{"line":44,"column":35},"end":{"line":44,"column":49}},"type":"default-arg","locations":[{"start":{"line":44,"column":45},"end":{"line":44,"column":49}}],"line":44},"1":{"loc":{"start":{"line":45,"column":18},"end":{"line":45,"column":70}},"type":"binary-expr","locations":[{"start":{"line":45,"column":18},"end":{"line":45,"column":41}},{"start":{"line":45,"column":45},"end":{"line":45,"column":70}}],"line":45},"2":{"loc":{"start":{"line":53,"column":4},"end":{"line":55,"column":5}},"type":"if","locations":[{"start":{"line":53,"column":4},"end":{"line":55,"column":5}},{"start":{},"end":{}}],"line":53},"3":{"loc":{"start":{"line":60,"column":38},"end":{"line":60,"column":67}},"type":"default-arg","locations":[{"start":{"line":60,"column":50},"end":{"line":60,"column":67}}],"line":60}},"s":{"0":1,"1":3,"2":3,"3":3,"4":2,"5":3,"6":2,"7":2,"8":3,"9":1},"f":{"0":3,"1":2,"2":3},"b":{"0":[1],"1":[3,0],"2":[2,1],"3":[0]},"_coverageSchema":"1a1c01bbd47fc00a2c39e90264f33305004495a9","hash":"50e79ca2f7ef6c5360e94dc7c40a5cfd2cf1c6f3"}
,"C:\\Users\\matth\\OneDrive\\Desktop\\WMC-Projekt_5a\\Project\\backend\\services\\sessionService.js": {"path":"C:\\Users\\matth\\OneDrive\\Desktop\\WMC-Projekt_5a\\Project\\backend\\services\\sessionService.js","statementMap":{"0":{"start":{"line":8,"column":23},"end":{"line":8,"column":32}},"1":{"start":{"line":11,"column":23},"end":{"line":11,"column":32}},"2":{"start":{"line":17,"column":4},"end":{"line":19,"column":5}},"3":{"start":{"line":18,"column":8},"end":{"line":18,"column":39}},"4":{"start":{"line":21,"column":20},"end":{"line":25,"column":5}},"5":{"start":{"line":27,"column":4},"end":{"line":27,"column":45}},"6":{"start":{"line":30,"column":4},"end":{"line":32,"column":5}},"7":{"start":{"line":31,"column":8},"end":{"line":31,"column":43}},"8":{"start":{"line":34,"column":4},"end":{"line":34,"column":19}},"9":{"start":{"line":41,"column":4},"end":{"line":41,"column":30}},"10":{"start":{"line":48,"column":4},"end":{"line":48,"column":37}},"11":{"start":{"line":55,"column":4},"end":{"line":57,"column":5}},"12":{"start":{"line":56,"column":8},"end":{"line":56,"column":38}},"13":{"start":{"line":64,"column":4},"end":{"line":64,"column":44}},"14":{"start":{"line":71,"column":4},"end":{"line":75,"column":6}},"15":{"start":{"line":72,"column":91},"end":{"line":72,"column":112}},"16":{"start":{"line":82,"column":4},"end":{"line":82,"column":27}},"17":{"start":{"line":83,"column":4},"end":{"line":83,"column":27}},"18":{"start":{"line":86,"column":0},"end":{"line":94,"column":2}}},"fnMap":{"0":{"name":"createSession","decl":{"start":{"line":16,"column":9},"end":{"line":16,"column":22}},"loc":{"start":{"line":16,"column":38},"end":{"line":35,"column":1}},"line":16},"1":{"name":"invalidateToken","decl":{"start":{"line":40,"column":9},"end":{"line":40,"column":24}},"loc":{"start":{"line":40,"column":32},"end":{"line":42,"column":1}},"line":40},"2":{"name":"isTokenBlacklisted","decl":{"start":{"line":47,"column":9},"end":{"line":47,"column":27}},"loc":{"start":{"line":47,"column":35},"end":{"line":49,"column":1}},"line":47},"3":{"name":"invalidateUserSessions","decl":{"start":{"line":54,"column":9},"end":{"line":54,"column":31}},"loc":{"start":{"line":54,"column":40},"end":{"line":58,"column":1}},"line":54},"4":{"name":"getUserSessions","decl":{"start":{"line":63,"column":9},"end":{"line":63,"column":24}},"loc":{"start":{"line":63,"column":33},"end":{"line":65,"column":1}},"line":63},"5":{"name":"getSessionStats","decl":{"start":{"line":70,"column":9},"end":{"line":70,"column":24}},"loc":{"start":{"line":70,"column":27},"end":{"line":76,"column":1}},"line":70},"6":{"name":"(anonymous_6)","decl":{"start":{"line":72,"column":72},"end":{"line":72,"column":73}},"loc":{"start":{"line":72,"column":91},"end":{"line":72,"column":112}},"line":72},"7":{"name":"resetState","decl":{"start":{"line":81,"column":9},"end":{"line":81,"column":19}},"loc":{"start":{"line":81,"column":22},"end":{"line":84,"column":1}},"line":81}},"branchMap":{"0":{"loc":{"start":{"line":17,"column":4},"end":{"line":19,"column":5}},"type":"if","locations":[{"start":{"line":17,"column":4},"end":{"line":19,"column":5}},{"start":{},"end":{}}],"line":17},"1":{"loc":{"start":{"line":30,"column":4},"end":{"line":32,"column":5}},"type":"if","locations":[{"start":{"line":30,"column":4},"end":{"line":32,"column":5}},{"start":{},"end":{}}],"line":30},"2":{"loc":{"start":{"line":55,"column":4},"end":{"line":57,"column":5}},"type":"if","locations":[{"start":{"line":55,"column":4},"end":{"line":57,"column":5}},{"start":{},"end":{}}],"line":55},"3":{"loc":{"start":{"line":64,"column":11},"end":{"line":64,"column":43}},"type":"binary-expr","locations":[{"start":{"line":64,"column":11},"end":{"line":64,"column":37}},{"start":{"line":64,"column":41},"end":{"line":64,"column":43}}],"line":64}},"s":{"0":2,"1":2,"2":26,"3":13,"4":26,"5":26,"6":26,"7":5,"8":26,"9":6,"10":7,"11":3,"12":3,"13":13,"14":2,"15":2,"16":16,"17":16,"18":2},"f":{"0":26,"1":6,"2":7,"3":3,"4":13,"5":2,"6":2,"7":16},"b":{"0":[13,13],"1":[5,21],"2":[3,0],"3":[13,4]},"_coverageSchema":"1a1c01bbd47fc00a2c39e90264f33305004495a9","hash":"25563348f4037af7628fab9ed5c2616877ecd0b5"}
[...]
70":{"start":{"line":127,"column":25},"end":{"line":127,"column":72}},"71":{"start":{"line":128,"column":28},"end":{"line":128,"column":91}},"72":{"start":{"line":130,"column":17},"end":{"line":135,"column":5}},"73":{"start":{"line":137,"column":4},"end":{"line":144,"column":6}},"74":{"start":{"line":148,"column":25},"end":{"line":148,"column":29}},"75":{"start":{"line":149,"column":21},"end":{"line":149,"column":60}},"76":{"start":{"line":150,"column":21},"end":{"line":150,"column":60}},"77":{"start":{"line":151,"column":15},"end":{"line":151,"column":35}},"78":{"start":{"line":152,"column":15},"end":{"line":152,"column":35}},"79":{"start":{"line":153,"column":4},"end":{"line":153,"column":66}},"80":{"start":{"line":157,"column":4},"end":{"line":177,"column":55}},"81":{"start":{"line":159,"column":37},"end":{"line":159,"column":58}},"82":{"start":{"line":160,"column":12},"end":{"line":162,"column":13}},"83":{"start":{"line":160,"column":49},"end":{"line":160,"column":74}},"84":{"start":{"line":161,"column":16},"end":{"line":161,"column":28}},"85":{"start":{"line":164,"column":26},"end":{"line":164,"column":46}},"86":{"start":{"line":165,"column":27},"end":{"line":165,"column":47}},"87":{"start":{"line":167,"column":12},"end":{"line":172,"column":14}},"88":{"start":{"line":175,"column":32},"end":{"line":175,"column":73}},"89":{"start":{"line":176,"column":32},"end":{"line":176,"column":77}},"90":{"start":{"line":177,"column":24},"end":{"line":177,"column":53}},"91":{"start":{"line":181,"column":19},"end":{"line":181,"column":36}},"92":{"start":{"line":182,"column":22},"end":{"line":182,"column":24}},"93":{"start":{"line":184,"column":4},"end":{"line":188,"column":5}},"94":{"start":{"line":184,"column":17},"end":{"line":184,"column":18}},"95":{"start":{"line":185,"column":8},"end":{"line":185,"column":34}},"96":{"start":{"line":186,"column":8},"end":{"line":186,"column":38}},"97":{"start":{"line":187,"column":8},"end":{"line":187,"column":38}},"98":{"start":{"line":190,"column":4},"end":{"line":194,"column":6}},"99":{"start":{"line":198,"column":24},"end":{"line":198,"column":58}},"100":{"start":{"line":198,"column":38},"end":{"line":198,"column":57}},"101":{"start":{"line":199,"column":4},"end":{"line":203,"column":5}},"102":{"start":{"line":200,"column":8},"end":{"line":200,"column":47}},"103":{"start":{"line":202,"column":8},"end":{"line":202,"column":30}},"104":{"start":{"line":207,"column":20},"end":{"line":207,"column":29}},"105":{"start":{"line":209,"column":4},"end":{"line":218,"column":5}},"106":{"start":{"line":210,"column":25},"end":{"line":210,"column":54}},"107":{"start":{"line":211,"column":8},"end":{"line":217,"column":9}},"108":{"start":{"line":212,"column":12},"end":{"line":216,"column":15}},"109":{"start":{"line":220,"column":4},"end":{"line":230,"column":5}},"110":{"start":{"line":221,"column":24},"end":{"line":221,"column":63}},"111":{"start":{"line":222,"column":25},"end":{"line":222,"column":54}},"112":{"start":{"line":223,"column":8},"end":{"line":229,"column":9}},"113":{"start":{"line":224,"column":12},"end":{"line":228,"column":15}},"114":{"start":{"line":232,"column":4},"end":{"line":232,"column":74}},"115":{"start":{"line":232,"column":55},"end":{"line":232,"column":72}},"116":{"start":{"line":236,"column":27},"end":{"line":236,"column":75}},"117":{"start":{"line":237,"column":22},"end":{"line":237,"column":69}},"118":{"start":{"line":239,"column":4},"end":{"line":330,"column":5}},"119":{"start":{"line":240,"column":22},"end":{"line":240,"column":45}},"120":{"start":{"line":241,"column":8},"end":{"line":241,"column":31}},"121":{"start":{"line":242,"column":33},"end":{"line":242,"column":66}},"122":{"start":{"line":244,"column":30},"end":{"line":244,"column":32}},"123":{"start":{"line":245,"column":24},"end":{"line":245,"column":28}},"124":{"start":{"line":247,"column":8},"end":{"line":261,"column":9}},"125":{"start":{"line":248,"column":28},"end":{"line":248,"column":89}},"126":{"start":{"line":249,"column":34},"end":{"line":249,"column":65}},"127":{"start":{"line":251,"column":12},"end":{"line":260,"column":13}},"128":{"start":{"line":252,"column":16},"end":{"line":252,"column":65}},"129":{"start":{"line":253,"column":39},"end":{"line":253,"column":74}},"130":{"start":{"line":254,"column":16},"end":{"line":254,"column":83}},"131":{"start":{"line":256,"column":16},"end":{"line":256,"column":34}},"132":{"start":{"line":257,"column":16},"end":{"line":257,"column":91}},"133":{"start":{"line":259,"column":16},"end":{"line":259,"column":71}},"134":{"start":{"line":263,"column":8},"end":{"line":275,"column":9}},"135":{"start":{"line":264,"column":24},"end":{"line":264,"column":42}},"136":{"start":{"line":265,"column":12},"end":{"line":274,"column":14}},"137":{"start":{"line":268,"column":78},"end":{"line":273,"column":17}},"138":{"start":{"line":278,"column":8},"end":{"line":287,"column":9}},"139":{"start":{"line":279,"column":12},"end":{"line":279,"column":38}},"140":{"start":{"line":281,"column":12},"end":{"line":286,"column":14}},"141":{"start":{"line":289,"column":32},"end":{"line":289,"column":64}},"142":{"start":{"line":290,"column":25},"end":{"line":299,"column":58}},"143":{"start":{"line":291,"column":36},"end":{"line":291,"column":59}},"144":{"start":{"line":292,"column":34},"end":{"line":297,"column":13}},"145":{"start":{"line":298,"column":36},"end":{"line":298,"column":81}},"146":{"start":{"line":299,"column":28},"end":{"line":299,"column":57}},"147":{"start":{"line":301,"column":8},"end":{"line":308,"column":9}},"148":{"start":{"line":302,"column":12},"end":{"line":307,"column":14}},"149":{"start":{"line":310,"column":20},"end":{"line":310,"column":31}},"150":{"start":{"line":312,"column":8},"end":{"line":321,"column":10}},"151":{"start":{"line":315,"column":56},"end":{"line":320,"column":13}},"152":{"start":{"line":323,"column":8},"end":{"line":323,"column":66}},"153":{"start":{"line":324,"column":8},"end":{"line":329,"column":10}},"154":{"start":{"line":333,"column":0},"end":{"line":335,"column":2}}},"fnMap":{"0":{"name":"loadModel","decl":{"start":{"line":17,"column":15},"end":{"line":17,"column":24}},"loc":{"start":{"line":17,"column":27},"end":{"line":31,"column":1}},"line":17},"1":{"name":"parsePythonCommand","decl":{"start":{"line":33,"column":9},"end":{"line":33,"column":27}},"loc":{"start":{"line":33,"column":30},"end":{"line":45,"column":1}},"line":33},"2":{"name":"runProcess","decl":{"start":{"line":47,"column":9},"end":{"line":47,"column":19}},"loc":{"start":{"line":47,"column":35},"end":{"line":70,"column":1}},"line":47},"3":{"name":"(anonymous_3)","decl":{"start":{"line":48,"column":23},"end":{"line":48,"column":24}},"loc":{"start":{"line":48,"column":44},"end":{"line":69,"column":5}},"line":48},"4":{"name":"(anonymous_4)","decl":{"start":{"line":53,"column":32},"end":{"line":53,"column":33}},"loc":{"start":{"line":53,"column":43},"end":{"line":55,"column":9}},"line":53},"5":{"name":"(anonymous_5)","decl":{"start":{"line":57,"column":32},"end":{"line":57,"column":33}},"loc":{"start":{"line":57,"column":43},"end":{"line":59,"column":9}},"line":57},"6":{"name":"(anonymous_6)","decl":{"start":{"line":61,"column":26},"end":{"line":61,"column":27}},"loc":{"start":{"line":61,"column":37},"end":{"line":61,"column":50}},"line":61},"7":{"name":"(anonymous_7)","decl":{"start":{"line":62,"column":26},"end":{"line":62,"column":27}},"loc":{"start":{"line":62,"column":36},"end":{"line":68,"column":9}},"line":62},"8":{"name":"detectWithYolo","decl":{"start":{"line":72,"column":15},"end":{"line":72,"column":29}},"loc":{"start":{"line":72,"column":41},"end":{"line":95,"column":1}},"line":72},"9":{"name":"preprocessImage","decl":{"start":{"line":97,"column":9},"end":{"line":97,"column":24}},"loc":{"start":{"line":97,"column":32},"end":{"line":111,"column":1}},"line":97},"10":{"name":"createFocusCrop","decl":{"start":{"line":113,"column":9},"end":{"line":113,"column":24}},"loc":{"start":{"line":113,"column":56},"end":{"line":145,"column":1}},"line":113},"11":{"name":"rectIntersectsCircle","decl":{"start":{"line":147,"column":9},"end":{"line":147,"column":29}},"loc":{"start":{"line":147,"column":44},"end":{"line":154,"column":1}},"line":147},"12":{"name":"normalizeYoloPredictions","decl":{"start":{"line":156,"column":9},"end":{"line":156,"column":33}},"loc":{"start":{"line":156,"column":55},"end":{"line":178,"column":1}},"line":156},"13":{"name":"(anonymous_13)","decl":{"start":{"line":158,"column":13},"end":{"line":158,"column":14}},"loc":{"start":{"line":158,"column":29},"end":{"line":173,"column":9}},"line":158},"14":{"name":"(anonymous_14)","decl":{"start":{"line":160,"column":38},"end":{"line":160,"column":39}},"loc":{"start":{"line":160,"column":49},"end":{"line":160,"column":74}},"line":160},"15":{"name":"(anonymous_15)","decl":{"start":{"line":175,"column":16},"end":{"line":175,"column":17}},"loc":{"start":{"line":175,"column":32},"end":{"line":175,"column":73}},"line":175},"16":{"name":"(anonymous_16)","decl":{"start":{"line":176,"column":16},"end":{"line":176,"column":17}},"loc":{"start":{"line":176,"column":32},"end":{"line":176,"column":77}},"line":176},"17":{"name":"(anonymous_17)","decl":{"start":{"line":177,"column":14},"end":{"line":177,"column":15}},"loc":{"start":{"line":177,"column":24},"end":{"line":177,"column":53}},"line":177},"18":{"name":"jimpToTensor","decl":{"start":{"line":180,"column":9},"end":{"line":180,"column":21}},"loc":{"start":{"line":180,"column":29},"end":{"line":195,"column":1}},"line":180},"19":{"name":"detectOnImage","decl":{"start":{"line":197,"column":15},"end":{"line":197,"column":28}},"loc":{"start":{"line":197,"column":43},"end":{"line":204,"column":1}},"line":197},"20":{"name":"(anonymous_20)","decl":{"start":{"line":198,"column":32},"end":{"line":198,"column":33}},"loc":{"start":{"line":198,"column":38},"end":{"line":198,"column":57}},"line":198},"21":{"name":"mergePredictions","decl":{"start":{"line":206,"column":9},"end":{"line":206,"column":25}},"loc":{"start":{"line":206,"column":62},"end":{"line":233,"column":1}},"line":206},"22":{"name":"(anonymous_22)","decl":{"start":{"line":232,"column":45},"end":{"line":232,"column":46}},"loc":{"start":{"line":232,"column":55},"end":{"line":232,"column":72}},"line":232},"23":{"name":"detectImage","decl":{"start":{"line":235,"column":15},"end":{"line":235,"column":26}},"loc":{"start":{"line":235,"column":49},"end":{"line":331,"column":1}},"line":235},"24":{"name":"(anonymous_24)","decl":{"start":{"line":268,"column":61},"end":{"line":268,"column":62}},"loc":{"start":{"line":268,"column":78},"end":{"line":273,"column":17}},"line":268},"25":{"name":"(anonymous_25)","decl":{"start":{"line":291,"column":20},"end":{"line":291,"column":21}},"loc":{"start":{"line":291,"column":36},"end":{"line":291,"column":59}},"line":291},"26":{"name":"(anonymous_26)","decl":{"start":{"line":292,"column":17},"end":{"line":292,"column":18}},"loc":{"start":{"line":292,"column":34},"end":{"line":297,"column":13}},"line":292},"27":{"name":"(anonymous_27)","decl":{"start":{"line":298,"column":20},"end":{"line":298,"column":21}},"loc":{"start":{"line":298,"column":36},"end":{"line":298,"column":81}},"line":298},"28":{"name":"(anonymous_28)","decl":{"start":{"line":299,"column":18},"end":{"line":299,"column":19}},"loc":{"start":{"line":299,"column":28},"end":{"line":299,"column":57}},"line":299},"29":{"name":"(anonymous_29)","decl":{"start":{"line":315,"column":50},"end":{"line":315,"column":51}},"loc":{"start":{"line":315,"column":56},"end":{"line":320,"column":13}},"line":315}},"branchMap":{"0":{"loc":{"start":{"line":18,"column":4},"end":{"line":29,"column":5}},"type":"if","locations":[{"start":{"line":18,"column":4},"end":{"line":29,"column":5}},{"start":{},"end":{}}],"line":18},"1":{"loc":{"start":{"line":35,"column":4},"end":{"line":38,"column":5}},"type":"if","locations":[{"start":{"line":35,"column":4},"end":{"line":38,"column":5}},{"start":{},"end":{}}],"line":35},"2":{"loc":{"start":{"line":35,"column":8},"end":{"line":35,"column":50}},"type":"binary-expr","locations":[{"start":{"line":35,"column":8},"end":{"line":35,"column":18}},{"start":{"line":35,"column":22},"end":{"line":35,"column":50}}],"line":35},"3":{"loc":{"start":{"line":63,"column":12},"end":{"line":66,"column":13}},"type":"if","locations":[{"start":{"line":63,"column":12},"end":{"line":66,"column":13}},{"start":{},"end":{}}],"line":63},"4":{"loc":{"start":{"line":67,"column":29},"end":{"line":67,"column":73}},"type":"binary-expr","locations":[{"start":{"line":67,"column":29},"end":{"line":67,"column":35}},{"start":{"line":67,"column":39},"end":{"line":67,"column":73}}],"line":67},"5":{"loc":{"start":{"line":83,"column":38},"end":{"line":83,"column":52}},"type":"binary-expr","locations":[{"start":{"line":83,"column":38},"end":{"line":83,"column":44}},{"start":{"line":83,"column":48},"end":{"line":83,"column":52}}],"line":83},"6":{"loc":{"start":{"line":84,"column":12},"end":{"line":86,"column":13}},"type":"if","locations":[{"start":{"line":84,"column":12},"end":{"line":86,"column":13}},{"start":{},"end":{}}],"line":84},"7":{"loc":{"start":{"line":88,"column":19},"end":{"line":88,"column":43}},"type":"binary-expr","locations":[{"start":{"line":88,"column":19},"end":{"line":88,"column":37}},{"start":{"line":88,"column":41},"end":{"line":88,"column":43}}],"line":88},"8":{"loc":{"start":{"line":94,"column":10},"end":{"line":94,"column":71}},"type":"binary-expr","locations":[{"start":{"line":94,"column":10},"end":{"line":94,"column":19}},{"start":{"line":94,"column":23},"end":{"line":94,"column":71}}],"line":94},"9":{"loc":{"start":{"line":98,"column":4},"end":{"line":100,"column":5}},"type":"if","locations":[{"start":{"line":98,"column":4},"end":{"line":100,"column":5}},{"start":{},"end":{}}],"line":98},"10":{"loc":{"start":{"line":113,"column":32},"end":{"line":113,"column":54}},"type":"default-arg","locations":[{"start":{"line":113,"column":44},"end":{"line":113,"column":54}}],"line":113},"11":{"loc":{"start":{"line":117,"column":25},"end":{"line":117,"column":61}},"type":"cond-expr","locations":[{"start":{"line":117,"column":50},"end":{"line":117,"column":54}},{"start":{"line":117,"column":57},"end":{"line":117,"column":61}}],"line":117},"12":{"loc":{"start":{"line":159,"column":37},"end":{"line":159,"column":58}},"type":"binary-expr","locations":[{"start":{"line":159,"column":37},"end":{"line":159,"column":52}},{"start":{"line":159,"column":56},"end":{"line":159,"column":58}}],"line":159},"13":{"loc":{"start":{"line":160,"column":12},"end":{"line":162,"column":13}},"type":"if","locations":[{"start":{"line":160,"column":12},"end":{"line":162,"column":13}},{"start":{},"end":{}}],"line":160},"14":{"loc":{"start":{"line":168,"column":27},"end":{"line":168,"column":60}},"type":"binary-expr","locations":[{"start":{"line":168,"column":27},"end":{"line":168,"column":47}},{"start":{"line":168,"column":51},"end":{"line":168,"column":60}}],"line":168},"15":{"loc":{"start":{"line":169,"column":29},"end":{"line":169,"column":63}},"type":"binary-expr","locations":[{"start":{"line":169,"column":29},"end":{"line":169,"column":58}},{"start":{"line":169,"column":62},"end":{"line":169,"column":63}}],"line":169},"16":{"loc":{"start":{"line":211,"column":8},"end":{"line":217,"column":9}},"type":"if","locations":[{"start":{"line":211,"column":8},"end":{"line":217,"column":9}},{"start":{},"end":{}}],"line":211},"17":{"loc":{"start":{"line":211,"column":12},"end":{"line":211,"column":58}},"type":"binary-expr","locations":[{"start":{"line":211,"column":12},"end":{"line":211,"column":21}},{"start":{"line":211,"column":25},"end":{"line":211,"column":58}}],"line":211},"18":{"loc":{"start":{"line":223,"column":8},"end":{"line":229,"column":9}},"type":"if","locations":[{"start":{"line":223,"column":8},"end":{"line":229,"column":9}},{"start":{},"end":{}}],"line":223},"19":{"loc":{"start":{"line":223,"column":12},"end":{"line":223,"column":49}},"type":"binary-expr","locations":[{"start":{"line":223,"column":12},"end":{"line":223,"column":21}},{"start":{"line":223,"column":25},"end":{"line":223,"column":49}}],"line":223},"20":{"loc":{"start":{"line":235,"column":35},"end":{"line":235,"column":47}},"type":"default-arg","locations":[{"start":{"line":235,"column":45},"end":{"line":235,"column":47}}],"line":235},"21":{"loc":{"start":{"line":236,"column":28},"end":{"line":236,"column":60}},"type":"binary-expr","locations":[{"start":{"line":236,"column":28},"end":{"line":236,"column":50}},{"start":{"line":236,"column":54},"end":{"line":236,"column":60}}],"line":236},"22":{"loc":{"start":{"line":237,"column":23},"end":{"line":237,"column":54}},"type":"binary-expr","locations":[{"start":{"line":237,"column":23},"end":{"line":237,"column":40}},{"start":{"line":237,"column":44},"end":{"line":237,"column":54}}],"line":237},"23":{"loc":{"start":{"line":247,"column":8},"end":{"line":261,"column":9}},"type":"if","locations":[{"start":{"line":247,"column":8},"end":{"line":261,"column":9}},{"start":{},"end":{}}],"line":247},"24":{"loc":{"start":{"line":263,"column":8},"end":{"line":275,"column":9}},"type":"if","locations":[{"start":{"line":263,"column":8},"end":{"line":275,"column":9}},{"start":{},"end":{}}],"line":263},"25":{"loc":{"start":{"line":263,"column":12},"end":{"line":263,"column":67}},"type":"binary-expr","locations":[{"start":{"line":263,"column":12},"end":{"line":263,"column":37}},{"start":{"line":263,"column":41},"end":{"line":263,"column":67}}],"line":263},"26":{"loc":{"start":{"line":285,"column":23},"end":{"line":285,"column":91}},"type":"cond-expr","locations":[{"start":{"line":285,"column":35},"end":{"line":285,"column":75}},{"start":{"line":285,"column":78},"end":{"line":285,"column":91}}],"line":285},"27":{"loc":{"start":{"line":301,"column":8},"end":{"line":308,"column":9}},"type":"if","locations":[{"start":{"line":301,"column":8},"end":{"line":308,"column":9}},{"start":{},"end":{}}],"line":301},"28":{"loc":{"start":{"line":306,"column":23},"end":{"line":306,"column":87}},"type":"cond-expr","locations":[{"start":{"line":306,"column":35},"end":{"line":306,"column":75}},{"start":{"line":306,"column":78},"end":{"line":306,"column":87}}],"line":306}},"s":{"0":1,"1":1,"2":1,"3":1,"4":1,"5":1,"6":1,"7":1,"8":1,"9":1,"10":1,"11":1,"12":0,"13":0,"14":0,"15":0,"16":0,"17":0,"18":0,"19":0,"20":0,"21":0,"22":0,"23":0,"24":0,"25":0,"26":0,"27":0,"28":0,"29":0,"30":0,"31":0,"32":0,"33":0,"34":0,"35":0,"36":0,"37":0,"38":0,"39":0,"40":0,"41":0,"42":0,"43":0,"44":0,"45":0,"46":0,"47":0,"48":0,"49":0,"50":0,"51":0,"52":0,"53":0,"54":0,"55":0,"56":0,"57":0,"58":0,"59":0,"60":0,"61":0,"62":0,"63":0,"64":0,"65":0,"66":0,"67":0,"68":0,"69":0,"70":0,"71":0,"72":0,"73":0,"74":0,"75":0,"76":0,"77":0,"78":0,"79":0,"80":0,"81":0,"82":0,"83":0,"84":0,"85":0,"86":0,"87":0,"88":0,"89":0,"90":0,"91":0,"92":0,"93":0,"94":0,"95":0,"96":0,"97":0,"98":0,"99":0,"100":0,"101":0,"102":0,"103":0,"104":0,"105":0,"106":0,"107":0,"108":0,"109":0,"110":0,"111":0,"112":0,"113":0,"114":0,"115":0,"116":0,"117":0,"118":0,"119":0,"120":0,"121":0,"122":0,"123":0,"124":0,"125":0,"126":0,"127":0,"128":0,"129":0,"130":0,"131":0,"132":0,"133":0,"134":0,"135":0,"136":0,"137":0,"138":0,"139":0,"140":0,"141":0,"142":0,"143":0,"144":0,"145":0,"146":0,"147":0,"148":0,"149":0,"150":0,"151":0,"152":0,"153":0,"154":1},"f":{"0":0,"1":0,"2":0,"3":0,"4":0,"5":0,"6":0,"7":0,"8":0,"9":0,"10":0,"11":0,"12":0,"13":0,"14":0,"15":0,"16":0,"17":0,"18":0,"19":0,"20":0,"21":0,"22":0,"23":0,"24":0,"25":0,"26":0,"27":0,"28":0,"29":0},"b":{"0":[0,0],"1":[0,0],"2":[0,0],"3":[0,0],"4":[0,0],"5":[0,0],"6":[0,0],"7":[0,0],"8":[0,0],"9":[0,0],"10":[0],"11":[0,0],"12":[0,0],"13":[0,0],"14":[0,0],"15":[0,0],"16":[0,0],"17":[0,0],"18":[0,0],"19":[0,0],"20":[0],"21":[0,0],"22":[0,0],"23":[0,0],"24":[0,0],"25":[0,0],"26":[0,0],"27":[0,0],"28":[0,0]},"_coverageSchema":"1a1c01bbd47fc00a2c39e90264f33305004495a9","hash":"a271b70eece278b59c1f63659dc5dee33e6f4dad"}
}
