TN:
SF:routes\api.js
FN:19,(anonymous_0)
FN:32,(anonymous_1)
FN:56,(anonymous_2)
FN:100,(anonymous_3)
FN:158,(anonymous_4)
FN:168,(anonymous_5)
FN:198,(anonymous_6)
FN:223,(anonymous_7)
FN:248,(anonymous_8)
FN:266,(anonymous_9)
FN:285,(anonymous_10)
FN:305,(anonymous_11)
FN:326,(anonymous_12)
FN:346,(anonymous_13)
FN:369,(anonymous_14)
FN:394,(anonymous_15)
FN:418,(anonymous_16)
FN:445,(anonymous_17)
FNF:18
FNH:17
FNDA:17,(anonymous_0)
FNDA:14,(anonymous_1)
FNDA:4,(anonymous_2)
FNDA:4,(anonymous_3)
FNDA:4,(anonymous_4)
FNDA:3,(anonymous_5)
FNDA:1,(anonymous_6)
FNDA:0,(anonymous_7)
FNDA:1,(anonymous_8)
FNDA:1,(anonymous_9)
FNDA:1,(anonymous_10)
FNDA:2,(anonymous_11)
FNDA:1,(anonymous_12)
FNDA:1,(anonymous_13)
FNDA:1,(anonymous_14)
FNDA:2,(anonymous_15)
FNDA:1,(anonymous_16)
FNDA:2,(anonymous_17)
DA:1,1
DA:2,1
DA:3,1
DA:4,1
DA:5,1
DA:6,1
DA:7,1
DA:8,1
DA:9,1
DA:12,1
DA:19,1
DA:20,17
DA:21,17
DA:23,17
DA:24,2
DA:28,15
DA:29,1
DA:32,14
DA:33,14
DA:35,0
DA:36,0
DA:39,0
DA:40,0
DA:43,0
DA:45,14
DA:46,14
DA:56,1
DA:57,4
DA:58,4
DA:61,4
DA:62,4
DA:63,2
DA:66,2
DA:69,1
DA:76,1
DA:78,1
DA:92,1
DA:100,1
DA:101,4
DA:102,4
DA:105,4
DA:106,4
DA:107,1
DA:110,3
DA:112,3
DA:113,1
DA:116,2
DA:118,2
DA:119,1
DA:123,1
DA:130,1
DA:133,1
DA:135,1
DA:150,0
DA:158,1
DA:159,4
DA:160,4
DA:161,4
DA:163,4
DA:164,1
DA:168,3
DA:169,3
DA:170,1
DA:174,2
DA:180,2
DA:190,0
DA:198,1
DA:199,1
DA:200,1
DA:201,1
DA:204,1
DA:206,1
DA:215,0
DA:223,1
DA:224,0
DA:225,0
DA:226,0
DA:228,0
DA:238,0
DA:248,1
DA:249,1
DA:250,1
DA:252,1
DA:258,0
DA:266,1
DA:267,1
DA:268,1
DA:269,1
DA:271,1
DA:277,0
DA:285,1
DA:286,1
DA:287,1
DA:289,1
DA:295,0
DA:305,1
DA:306,2
DA:307,2
DA:308,2
DA:310,1
DA:317,1
DA:326,1
DA:327,1
DA:328,1
DA:329,1
DA:331,1
DA:338,0
DA:346,1
DA:347,1
DA:348,1
DA:351,1
DA:352,1
DA:355,0
DA:361,0
DA:369,1
DA:370,1
DA:371,1
DA:374,1
DA:375,0
DA:378,1
DA:380,1
DA:386,0
DA:394,1
DA:395,2
DA:396,2
DA:397,2
DA:403,1
DA:410,1
DA:418,1
DA:419,1
DA:420,1
DA:423,1
DA:424,0
DA:427,1
DA:429,1
DA:435,0
DA:445,1
DA:446,2
DA:447,2
DA:448,2
DA:450,1
DA:456,1
DA:460,1
LF:143
LH:120
BRDA:12,0,0,1
BRDA:12,0,1,1
BRDA:21,1,0,17
BRDA:21,1,1,15
BRDA:23,2,0,2
BRDA:23,2,1,15
BRDA:28,3,0,1
BRDA:28,3,1,14
BRDA:33,4,0,0
BRDA:33,4,1,14
BRDA:35,5,0,0
BRDA:35,5,1,0
BRDA:39,6,0,0
BRDA:39,6,1,0
BRDA:62,7,0,2
BRDA:62,7,1,2
BRDA:106,8,0,1
BRDA:106,8,1,3
BRDA:112,9,0,1
BRDA:112,9,1,2
BRDA:118,10,0,1
BRDA:118,10,1,1
BRDA:161,11,0,4
BRDA:161,11,1,3
BRDA:163,12,0,1
BRDA:163,12,1,3
BRDA:169,13,0,1
BRDA:169,13,1,2
BRDA:201,14,0,1
BRDA:201,14,1,1
BRDA:351,15,0,1
BRDA:351,15,1,0
BRDA:374,16,0,0
BRDA:374,16,1,1
BRDA:396,17,0,2
BRDA:396,17,1,2
BRDA:423,18,0,0
BRDA:423,18,1,1
BRF:38
BRH:30
end_of_record
TN:
SF:services\authErrorHandler.js
FN:58,sendError
FN:77,handleCatchError
FN:91,validateRegisterInput
FN:112,validateLoginInput
FNF:4
FNH:4
FNDA:11,sendError
FNDA:1,handleCatchError
FNDA:4,validateRegisterInput
FNDA:4,validateLoginInput
DA:7,1
DA:59,11
DA:61,11
DA:67,11
DA:68,4
DA:71,11
DA:78,1
DA:80,1
DA:82,0
DA:85,1
DA:92,4
DA:94,4
DA:95,1
DA:98,4
DA:99,0
DA:102,4
DA:103,1
DA:106,4
DA:113,4
DA:115,4
DA:116,1
DA:119,4
DA:122,1
LF:23
LH:21
BRDA:58,0,0,7
BRDA:59,1,0,11
BRDA:59,1,1,1
BRDA:67,2,0,4
BRDA:67,2,1,7
BRDA:77,3,0,0
BRDA:80,4,0,0
BRDA:80,4,1,1
BRDA:94,5,0,1
BRDA:94,5,1,3
BRDA:94,6,0,4
BRDA:94,6,1,4
BRDA:94,6,2,3
BRDA:98,7,0,0
BRDA:98,7,1,4
BRDA:98,8,0,4
BRDA:98,8,1,3
BRDA:102,9,0,1
BRDA:102,9,1,3
BRDA:102,10,0,4
BRDA:102,10,1,3
BRDA:115,11,0,1
BRDA:115,11,1,3
BRDA:115,12,0,4
BRDA:115,12,1,4
BRF:25
BRH:22
end_of_record
TN:
SF:services\dbService.js
FN:9,(anonymous_0)
FN:10,(anonymous_1)
FN:20,(anonymous_2)
FN:49,(anonymous_3)
FN:50,(anonymous_4)
FN:68,(anonymous_5)
FN:81,(anonymous_6)
FN:82,(anonymous_7)
FN:90,(anonymous_8)
FN:107,(anonymous_9)
FN:108,(anonymous_10)
FN:114,(anonymous_11)
FN:131,(anonymous_12)
FN:147,(anonymous_13)
FN:148,(anonymous_14)
FN:151,(anonymous_15)
FN:166,(anonymous_16)
FN:175,(anonymous_17)
FN:176,(anonymous_18)
FN:184,(anonymous_19)
FN:202,(anonymous_20)
FN:203,(anonymous_21)
FN:214,(anonymous_22)
FN:227,(anonymous_23)
FN:228,(anonymous_24)
FN:231,(anonymous_25)
FN:246,(anonymous_26)
FN:247,(anonymous_27)
FN:252,(anonymous_28)
FN:267,(anonymous_29)
FN:282,(anonymous_30)
FN:283,(anonymous_31)
FN:340,(anonymous_32)
FN:341,(anonymous_33)
FN:344,(anonymous_34)
FN:361,(anonymous_35)
FN:362,(anonymous_36)
FN:367,(anonymous_37)
FN:384,(anonymous_38)
FNF:39
FNH:38
FNDA:3,(anonymous_0)
FNDA:3,(anonymous_1)
FNDA:3,(anonymous_2)
FNDA:2,(anonymous_3)
FNDA:2,(anonymous_4)
FNDA:2,(anonymous_5)
FNDA:3,(anonymous_6)
FNDA:3,(anonymous_7)
FNDA:3,(anonymous_8)
FNDA:2,(anonymous_9)
FNDA:2,(anonymous_10)
FNDA:3,(anonymous_11)
FNDA:1,(anonymous_12)
FNDA:2,(anonymous_13)
FNDA:2,(anonymous_14)
FNDA:2,(anonymous_15)
FNDA:0,(anonymous_16)
FNDA:1,(anonymous_17)
FNDA:1,(anonymous_18)
FNDA:1,(anonymous_19)
FNDA:2,(anonymous_20)
FNDA:2,(anonymous_21)
FNDA:2,(anonymous_22)
FNDA:2,(anonymous_23)
FNDA:2,(anonymous_24)
FNDA:2,(anonymous_25)
FNDA:2,(anonymous_26)
FNDA:2,(anonymous_27)
FNDA:4,(anonymous_28)
FNDA:1,(anonymous_29)
FNDA:2,(anonymous_30)
FNDA:2,(anonymous_31)
FNDA:1,(anonymous_32)
FNDA:1,(anonymous_33)
FNDA:1,(anonymous_34)
FNDA:2,(anonymous_35)
FNDA:2,(anonymous_36)
FNDA:2,(anonymous_37)
FNDA:1,(anonymous_38)
DA:1,2
DA:2,2
DA:9,2
DA:10,3
DA:11,3
DA:13,3
DA:15,3
DA:20,3
DA:21,3
DA:22,1
DA:23,1
DA:25,0
DA:29,2
DA:30,2
DA:32,2
DA:41,0
DA:49,2
DA:50,2
DA:51,2
DA:68,2
DA:69,2
DA:70,0
DA:72,2
DA:81,2
DA:82,3
DA:83,3
DA:90,3
DA:91,3
DA:92,0
DA:93,3
DA:94,1
DA:97,2
DA:98,2
DA:107,2
DA:108,2
DA:109,2
DA:110,2
DA:111,2
DA:114,2
DA:115,3
DA:116,2
DA:117,2
DA:121,2
DA:122,1
DA:123,1
DA:126,1
DA:127,1
DA:129,1
DA:131,1
DA:132,1
DA:133,0
DA:134,1
DA:135,0
DA:137,1
DA:147,2
DA:148,2
DA:149,2
DA:151,2
DA:152,2
DA:153,0
DA:154,2
DA:155,1
DA:157,1
DA:166,2
DA:167,0
DA:175,2
DA:176,1
DA:177,1
DA:179,1
DA:184,1
DA:185,1
DA:186,0
DA:188,1
DA:202,2
DA:203,2
DA:204,2
DA:205,2
DA:207,2
DA:208,0
DA:209,0
DA:212,2
DA:214,2
DA:215,2
DA:216,0
DA:218,2
DA:227,2
DA:228,2
DA:229,2
DA:231,2
DA:232,2
DA:233,0
DA:234,2
DA:235,0
DA:237,2
DA:246,2
DA:247,2
DA:248,2
DA:249,2
DA:250,2
DA:252,2
DA:253,4
DA:254,3
DA:255,3
DA:259,2
DA:260,1
DA:261,1
DA:264,1
DA:265,1
DA:267,1
DA:268,1
DA:269,0
DA:270,1
DA:271,0
DA:273,1
DA:282,2
DA:283,2
DA:284,2
DA:286,2
DA:288,2
DA:289,1
DA:290,1
DA:293,1
DA:294,0
DA:295,0
DA:299,1
DA:306,1
DA:307,1
DA:308,1
DA:310,1
DA:316,1
DA:322,1
DA:324,1
DA:332,0
DA:340,2
DA:341,1
DA:342,1
DA:344,1
DA:345,1
DA:346,0
DA:347,1
DA:348,0
DA:350,1
DA:361,2
DA:362,2
DA:363,2
DA:364,2
DA:365,2
DA:367,2
DA:368,2
DA:369,1
DA:370,1
DA:374,2
DA:375,1
DA:376,1
DA:379,1
DA:380,1
DA:382,1
DA:384,1
DA:385,1
DA:386,0
DA:388,1
DA:394,2
LF:162
LH:140
BRDA:21,0,0,1
BRDA:21,0,1,2
BRDA:22,1,0,1
BRDA:22,1,1,0
BRDA:69,2,0,0
BRDA:69,2,1,2
BRDA:91,3,0,0
BRDA:91,3,1,3
BRDA:93,4,0,1
BRDA:93,4,1,2
BRDA:115,5,0,2
BRDA:115,5,1,1
BRDA:121,6,0,1
BRDA:121,6,1,1
BRDA:132,7,0,0
BRDA:132,7,1,1
BRDA:134,8,0,0
BRDA:134,8,1,1
BRDA:152,9,0,0
BRDA:152,9,1,2
BRDA:154,10,0,1
BRDA:154,10,1,1
BRDA:177,11,0,0
BRDA:177,12,0,0
BRDA:185,13,0,0
BRDA:185,13,1,1
BRDA:202,14,0,2
BRDA:207,15,0,0
BRDA:207,15,1,2
BRDA:215,16,0,0
BRDA:215,16,1,2
BRDA:218,17,0,2
BRDA:218,17,1,0
BRDA:232,18,0,0
BRDA:232,18,1,2
BRDA:234,19,0,0
BRDA:234,19,1,2
BRDA:253,20,0,3
BRDA:253,20,1,1
BRDA:259,21,0,1
BRDA:259,21,1,1
BRDA:268,22,0,0
BRDA:268,22,1,1
BRDA:270,23,0,0
BRDA:270,23,1,1
BRDA:282,24,0,1
BRDA:288,25,0,1
BRDA:288,25,1,1
BRDA:293,26,0,0
BRDA:293,26,1,1
BRDA:345,27,0,0
BRDA:345,27,1,1
BRDA:347,28,0,0
BRDA:347,28,1,1
BRDA:368,29,0,1
BRDA:368,29,1,1
BRDA:374,30,0,1
BRDA:374,30,1,1
BRDA:385,31,0,0
BRDA:385,31,1,1
BRF:60
BRH:40
end_of_record
TN:
SF:services\questErrorHandler.js
FN:44,sendError
FN:60,handleCatchError
FN:65,checkQuestOwnership
FNF:3
FNH:3
FNDA:3,sendError
FNDA:2,handleCatchError
FNDA:3,checkQuestOwnership
DA:6,1
DA:45,3
DA:47,3
DA:53,3
DA:54,2
DA:57,3
DA:61,2
DA:62,2
DA:66,3
DA:69,1
LF:10
LH:10
BRDA:44,0,0,1
BRDA:45,1,0,3
BRDA:45,1,1,0
BRDA:53,2,0,2
BRDA:53,2,1,1
BRDA:60,3,0,0
BRF:6
BRH:4
end_of_record
TN:
SF:services\sessionService.js
FN:16,createSession
FN:40,invalidateToken
FN:47,isTokenBlacklisted
FN:54,invalidateUserSessions
FN:63,getUserSessions
FN:70,getSessionStats
FN:72,(anonymous_6)
FN:81,resetState
FNF:8
FNH:8
FNDA:26,createSession
FNDA:6,invalidateToken
FNDA:7,isTokenBlacklisted
FNDA:3,invalidateUserSessions
FNDA:13,getUserSessions
FNDA:2,getSessionStats
FNDA:2,(anonymous_6)
FNDA:16,resetState
DA:8,2
DA:11,2
DA:17,26
DA:18,13
DA:21,26
DA:27,26
DA:30,26
DA:31,5
DA:34,26
DA:41,6
DA:48,7
DA:55,3
DA:56,3
DA:64,13
DA:71,2
DA:72,2
DA:82,16
DA:83,16
DA:86,2
LF:19
LH:19
BRDA:17,0,0,13
BRDA:17,0,1,13
BRDA:30,1,0,5
BRDA:30,1,1,21
BRDA:55,2,0,3
BRDA:55,2,1,0
BRDA:64,3,0,13
BRDA:64,3,1,4
BRF:8
BRH:7
end_of_record
TN:
SF:services\statsErrorHandler.js
FN:29,sendError
FN:45,handleCatchError
FNF:2
FNH:2
FNDA:1,sendError
FNDA:1,handleCatchError
DA:6,1
DA:30,1
DA:32,1
DA:38,1
DA:39,1
DA:42,1
DA:46,1
DA:47,1
DA:50,1
LF:9
LH:9
BRDA:29,0,0,0
BRDA:30,1,0,1
BRDA:30,1,1,0
BRDA:38,2,0,1
BRDA:38,2,1,0
BRDA:45,3,0,0
BRF:6
BRH:2
end_of_record
TN:
SF:services\userErrorHandler.js
FN:34,sendError
FN:50,handleCatchError
FNF:2
FNH:0
FNDA:0,sendError
FNDA:0,handleCatchError
DA:6,1
DA:35,0
DA:37,0
DA:43,0
DA:44,0
DA:47,0
DA:51,0
DA:52,0
DA:55,1
LF:9
LH:2
BRDA:34,0,0,0
BRDA:35,1,0,0
BRDA:35,1,1,0
BRDA:43,2,0,0
BRDA:43,2,1,0
BRDA:50,3,0,0
BRF:6
BRH:0
end_of_record
