TN:
SF:routes\api.js
FN:26,(anonymous_0)
FN:39,(anonymous_1)
FN:63,(anonymous_2)
FN:107,(anonymous_3)
FN:111,(anonymous_4)
FN:196,(anonymous_5)
FN:206,(anonymous_6)
FN:236,(anonymous_7)
FN:263,(anonymous_8)
FN:317,(anonymous_9)
FN:342,(anonymous_10)
FN:360,(anonymous_11)
FN:379,(anonymous_12)
FN:399,(anonymous_13)
FN:420,(anonymous_14)
FN:440,(anonymous_15)
FN:463,(anonymous_16)
FN:488,(anonymous_17)
FN:512,(anonymous_18)
FN:539,(anonymous_19)
FN:559,(anonymous_20)
FN:578,(anonymous_21)
FN:596,(anonymous_22)
FN:623,(anonymous_23)
FN:632,(anonymous_24)
FN:667,(anonymous_25)
FNF:26
FNH:18
FNDA:17,(anonymous_0)
FNDA:14,(anonymous_1)
FNDA:4,(anonymous_2)
FNDA:4,(anonymous_3)
FNDA:3,(anonymous_4)
FNDA:4,(anonymous_5)
FNDA:3,(anonymous_6)
FNDA:1,(anonymous_7)
FNDA:0,(anonymous_8)
FNDA:0,(anonymous_9)
FNDA:1,(anonymous_10)
FNDA:1,(anonymous_11)
FNDA:1,(anonymous_12)
FNDA:2,(anonymous_13)
FNDA:1,(anonymous_14)
FNDA:1,(anonymous_15)
FNDA:1,(anonymous_16)
FNDA:2,(anonymous_17)
FNDA:1,(anonymous_18)
FNDA:2,(anonymous_19)
FNDA:0,(anonymous_20)
FNDA:0,(anonymous_21)
FNDA:0,(anonymous_22)
FNDA:0,(anonymous_23)
FNDA:0,(anonymous_24)
FNDA:0,(anonymous_25)
DA:1,1
DA:2,1
DA:3,1
DA:4,1
DA:5,1
DA:6,1
DA:7,1
DA:8,1
DA:9,1
DA:10,1
DA:11,1
DA:14,1
DA:16,1
DA:26,1
DA:27,17
DA:28,17
DA:30,17
DA:31,2
DA:35,15
DA:36,1
DA:39,14
DA:40,14
DA:42,0
DA:43,0
DA:46,0
DA:47,0
DA:50,0
DA:52,14
DA:53,14
DA:63,1
DA:64,4
DA:65,4
DA:68,4
DA:69,4
DA:70,2
DA:73,2
DA:76,1
DA:83,1
DA:85,1
DA:99,1
DA:107,1
DA:108,4
DA:109,4
DA:111,4
DA:112,3
DA:113,2
DA:131,4
DA:132,1
DA:135,3
DA:136,0
DA:141,3
DA:142,3
DA:144,0
DA:147,3
DA:149,3
DA:150,1
DA:154,2
DA:156,2
DA:157,1
DA:161,1
DA:168,1
DA:171,1
DA:173,1
DA:188,0
DA:196,1
DA:197,4
DA:198,4
DA:199,4
DA:201,4
DA:202,1
DA:206,3
DA:207,3
DA:208,1
DA:212,2
DA:218,2
DA:228,0
DA:236,1
DA:237,1
DA:238,1
DA:239,1
DA:242,1
DA:244,1
DA:253,0
DA:263,1
DA:264,0
DA:265,0
DA:273,0
DA:274,0
DA:275,0
DA:282,0
DA:283,0
DA:285,0
DA:290,0
DA:296,0
DA:303,0
DA:304,0
DA:317,1
DA:318,0
DA:319,0
DA:320,0
DA:322,0
DA:332,0
DA:342,1
DA:343,1
DA:344,1
DA:346,1
DA:352,0
DA:360,1
DA:361,1
DA:362,1
DA:363,1
DA:365,1
DA:371,0
DA:379,1
DA:380,1
DA:381,1
DA:383,1
DA:389,0
DA:399,1
DA:400,2
DA:401,2
DA:402,2
DA:404,1
DA:411,1
DA:420,1
DA:421,1
DA:422,1
DA:423,1
DA:425,1
DA:432,0
DA:440,1
DA:441,1
DA:442,1
DA:445,1
DA:446,1
DA:449,0
DA:455,0
DA:463,1
DA:464,1
DA:465,1
DA:468,1
DA:469,0
DA:472,1
DA:474,1
DA:480,0
DA:488,1
DA:489,2
DA:490,2
DA:491,2
DA:497,1
DA:504,1
DA:512,1
DA:513,1
DA:514,1
DA:517,1
DA:518,0
DA:521,1
DA:523,1
DA:529,0
DA:539,1
DA:540,2
DA:541,2
DA:542,2
DA:544,1
DA:550,1
DA:559,1
DA:560,0
DA:561,0
DA:569,0
DA:570,0
DA:571,0
DA:578,0
DA:579,0
DA:580,0
DA:586,0
DA:596,1
DA:597,0
DA:598,0
DA:600,0
DA:610,0
DA:623,1
DA:624,0
DA:625,0
DA:626,0
DA:629,0
DA:630,0
DA:632,0
DA:633,0
DA:634,0
DA:638,0
DA:639,0
DA:646,0
DA:648,0
DA:654,0
DA:667,1
DA:668,0
DA:669,0
DA:672,0
DA:673,0
DA:680,0
DA:682,0
DA:688,0
DA:697,1
LF:203
LH:133
BRDA:14,0,0,1
BRDA:14,0,1,1
BRDA:28,1,0,17
BRDA:28,1,1,15
BRDA:30,2,0,2
BRDA:30,2,1,15
BRDA:35,3,0,1
BRDA:35,3,1,14
BRDA:40,4,0,0
BRDA:40,4,1,14
BRDA:42,5,0,0
BRDA:42,5,1,0
BRDA:46,6,0,0
BRDA:46,6,1,0
BRDA:69,7,0,2
BRDA:69,7,1,2
BRDA:112,8,0,1
BRDA:112,8,1,2
BRDA:114,9,0,2
BRDA:114,9,1,0
BRDA:115,10,0,2
BRDA:115,10,1,0
BRDA:116,11,0,2
BRDA:116,11,1,0
BRDA:117,12,0,2
BRDA:117,12,1,0
BRDA:118,13,0,2
BRDA:118,13,1,1
BRDA:118,13,2,1
BRDA:119,14,0,2
BRDA:119,14,1,1
BRDA:119,14,2,1
BRDA:120,15,0,2
BRDA:120,15,1,2
BRDA:120,15,2,2
BRDA:121,16,0,2
BRDA:121,16,1,2
BRDA:121,16,2,2
BRDA:122,17,0,2
BRDA:122,17,1,2
BRDA:122,17,2,2
BRDA:123,18,0,2
BRDA:123,18,1,2
BRDA:123,18,2,2
BRDA:124,19,0,2
BRDA:124,19,1,2
BRDA:124,19,2,2
BRDA:125,20,0,2
BRDA:125,20,1,2
BRDA:126,21,0,2
BRDA:126,21,1,2
BRDA:131,22,0,1
BRDA:131,22,1,3
BRDA:135,23,0,0
BRDA:135,23,1,3
BRDA:135,24,0,3
BRDA:135,24,1,0
BRDA:141,25,0,3
BRDA:141,25,1,0
BRDA:149,26,0,1
BRDA:149,26,1,2
BRDA:156,27,0,1
BRDA:156,27,1,1
BRDA:199,28,0,4
BRDA:199,28,1,3
BRDA:201,29,0,1
BRDA:201,29,1,3
BRDA:207,30,0,1
BRDA:207,30,1,2
BRDA:239,31,0,1
BRDA:239,31,1,1
BRDA:273,32,0,0
BRDA:273,32,1,0
BRDA:282,33,0,0
BRDA:282,33,1,0
BRDA:283,34,0,0
BRDA:283,34,1,0
BRDA:445,35,0,1
BRDA:445,35,1,0
BRDA:468,36,0,0
BRDA:468,36,1,1
BRDA:490,37,0,2
BRDA:490,37,1,2
BRDA:517,38,0,0
BRDA:517,38,1,1
BRDA:560,39,0,0
BRDA:560,39,1,0
BRDA:570,40,0,0
BRDA:570,40,1,0
BRDA:579,41,0,0
BRDA:579,41,1,0
BRDA:579,42,0,0
BRDA:579,42,1,0
BRDA:579,42,2,0
BRDA:633,43,0,0
BRDA:633,43,1,0
BRDA:638,44,0,0
BRDA:638,44,1,0
BRDA:672,45,0,0
BRDA:672,45,1,0
BRF:100
BRH:64
end_of_record
TN:
SF:services\authErrorHandler.js
FN:58,sendError
FN:77,handleCatchError
FN:91,validateRegisterInput
FN:112,validateLoginInput
FNF:4
FNH:3
FNDA:11,sendError
FNDA:1,handleCatchError
FNDA:4,validateRegisterInput
FNDA:0,validateLoginInput
DA:7,1
DA:59,11
DA:61,11
DA:67,11
DA:68,4
DA:71,11
DA:78,1
DA:80,1
DA:82,0
DA:85,1
DA:92,4
DA:94,4
DA:95,1
DA:98,4
DA:99,0
DA:102,4
DA:103,1
DA:106,4
DA:113,0
DA:115,0
DA:116,0
DA:119,0
DA:122,1
LF:23
LH:17
BRDA:58,0,0,7
BRDA:59,1,0,11
BRDA:59,1,1,1
BRDA:67,2,0,4
BRDA:67,2,1,7
BRDA:77,3,0,0
BRDA:80,4,0,0
BRDA:80,4,1,1
BRDA:94,5,0,1
BRDA:94,5,1,3
BRDA:94,6,0,4
BRDA:94,6,1,4
BRDA:94,6,2,3
BRDA:98,7,0,0
BRDA:98,7,1,4
BRDA:98,8,0,4
BRDA:98,8,1,3
BRDA:102,9,0,1
BRDA:102,9,1,3
BRDA:102,10,0,4
BRDA:102,10,1,3
BRDA:115,11,0,0
BRDA:115,11,1,0
BRDA:115,12,0,0
BRDA:115,12,1,0
BRF:25
BRH:18
end_of_record
TN:
SF:services\dbService.js
FN:9,(anonymous_0)
FN:10,(anonymous_1)
FN:20,(anonymous_2)
FN:49,(anonymous_3)
FN:50,(anonymous_4)
FN:70,(anonymous_5)
FN:83,(anonymous_6)
FN:84,(anonymous_7)
FN:104,(anonymous_8)
FN:117,(anonymous_9)
FN:118,(anonymous_10)
FN:126,(anonymous_11)
FN:143,(anonymous_12)
FN:144,(anonymous_13)
FN:150,(anonymous_14)
FN:167,(anonymous_15)
FN:182,(anonymous_16)
FN:183,(anonymous_17)
FN:201,(anonymous_18)
FN:205,(anonymous_19)
FN:229,(anonymous_20)
FN:230,(anonymous_21)
FN:233,(anonymous_22)
FN:248,(anonymous_23)
FN:257,(anonymous_24)
FN:258,(anonymous_25)
FN:266,(anonymous_26)
FN:284,(anonymous_27)
FN:285,(anonymous_28)
FN:296,(anonymous_29)
FN:309,(anonymous_30)
FN:310,(anonymous_31)
FN:313,(anonymous_32)
FN:328,(anonymous_33)
FN:329,(anonymous_34)
FN:334,(anonymous_35)
FN:349,(anonymous_36)
FN:364,(anonymous_37)
FN:365,(anonymous_38)
FN:422,(anonymous_39)
FN:423,(anonymous_40)
FN:426,(anonymous_41)
FN:443,(anonymous_42)
FN:444,(anonymous_43)
FN:449,(anonymous_44)
FN:466,(anonymous_45)
FNF:46
FNH:38
FNDA:3,(anonymous_0)
FNDA:3,(anonymous_1)
FNDA:3,(anonymous_2)
FNDA:2,(anonymous_3)
FNDA:2,(anonymous_4)
FNDA:2,(anonymous_5)
FNDA:0,(anonymous_6)
FNDA:0,(anonymous_7)
FNDA:0,(anonymous_8)
FNDA:3,(anonymous_9)
FNDA:3,(anonymous_10)
FNDA:3,(anonymous_11)
FNDA:2,(anonymous_12)
FNDA:2,(anonymous_13)
FNDA:3,(anonymous_14)
FNDA:1,(anonymous_15)
FNDA:0,(anonymous_16)
FNDA:0,(anonymous_17)
FNDA:0,(anonymous_18)
FNDA:0,(anonymous_19)
FNDA:2,(anonymous_20)
FNDA:2,(anonymous_21)
FNDA:2,(anonymous_22)
FNDA:0,(anonymous_23)
FNDA:1,(anonymous_24)
FNDA:1,(anonymous_25)
FNDA:1,(anonymous_26)
FNDA:2,(anonymous_27)
FNDA:2,(anonymous_28)
FNDA:2,(anonymous_29)
FNDA:2,(anonymous_30)
FNDA:2,(anonymous_31)
FNDA:2,(anonymous_32)
FNDA:2,(anonymous_33)
FNDA:2,(anonymous_34)
FNDA:4,(anonymous_35)
FNDA:1,(anonymous_36)
FNDA:2,(anonymous_37)
FNDA:2,(anonymous_38)
FNDA:1,(anonymous_39)
FNDA:1,(anonymous_40)
FNDA:1,(anonymous_41)
FNDA:2,(anonymous_42)
FNDA:2,(anonymous_43)
FNDA:2,(anonymous_44)
FNDA:1,(anonymous_45)
DA:1,2
DA:2,2
DA:9,2
DA:10,3
DA:11,3
DA:13,3
DA:15,3
DA:20,3
DA:21,3
DA:22,1
DA:23,1
DA:25,0
DA:29,2
DA:30,2
DA:32,2
DA:41,0
DA:49,2
DA:50,2
DA:51,2
DA:70,2
DA:71,2
DA:72,0
DA:74,2
DA:83,2
DA:84,0
DA:85,0
DA:104,0
DA:105,0
DA:106,0
DA:108,0
DA:117,2
DA:118,3
DA:119,3
DA:126,3
DA:127,3
DA:128,0
DA:129,3
DA:130,1
DA:133,2
DA:134,2
DA:143,2
DA:144,2
DA:145,2
DA:146,2
DA:147,2
DA:150,2
DA:151,3
DA:152,2
DA:153,2
DA:157,2
DA:158,1
DA:159,1
DA:162,1
DA:163,1
DA:165,1
DA:167,1
DA:168,1
DA:169,0
DA:170,1
DA:171,0
DA:173,1
DA:182,2
DA:183,0
DA:184,0
DA:201,0
DA:202,0
DA:203,0
DA:205,0
DA:219,0
DA:229,2
DA:230,2
DA:231,2
DA:233,2
DA:234,2
DA:235,0
DA:236,2
DA:237,1
DA:239,1
DA:248,2
DA:249,0
DA:257,2
DA:258,1
DA:259,1
DA:261,1
DA:266,1
DA:267,1
DA:268,0
DA:270,1
DA:284,2
DA:285,2
DA:286,2
DA:287,2
DA:289,2
DA:290,0
DA:291,0
DA:294,2
DA:296,2
DA:297,2
DA:298,0
DA:300,2
DA:309,2
DA:310,2
DA:311,2
DA:313,2
DA:314,2
DA:315,0
DA:316,2
DA:317,0
DA:319,2
DA:328,2
DA:329,2
DA:330,2
DA:331,2
DA:332,2
DA:334,2
DA:335,4
DA:336,3
DA:337,3
DA:341,2
DA:342,1
DA:343,1
DA:346,1
DA:347,1
DA:349,1
DA:350,1
DA:351,0
DA:352,1
DA:353,0
DA:355,1
DA:364,2
DA:365,2
DA:366,2
DA:368,2
DA:370,2
DA:371,1
DA:372,1
DA:375,1
DA:376,0
DA:377,0
DA:381,1
DA:388,1
DA:389,1
DA:390,1
DA:392,1
DA:398,1
DA:404,1
DA:406,1
DA:414,0
DA:422,2
DA:423,1
DA:424,1
DA:426,1
DA:427,1
DA:428,0
DA:429,1
DA:430,0
DA:432,1
DA:443,2
DA:444,2
DA:445,2
DA:446,2
DA:447,2
DA:449,2
DA:450,2
DA:451,1
DA:452,1
DA:456,2
DA:457,1
DA:458,1
DA:461,1
DA:462,1
DA:464,1
DA:466,1
DA:467,1
DA:468,0
DA:470,1
DA:476,2
LF:177
LH:142
BRDA:21,0,0,1
BRDA:21,0,1,2
BRDA:22,1,0,1
BRDA:22,1,1,0
BRDA:71,2,0,0
BRDA:71,2,1,2
BRDA:105,3,0,0
BRDA:105,3,1,0
BRDA:127,4,0,0
BRDA:127,4,1,3
BRDA:129,5,0,1
BRDA:129,5,1,2
BRDA:151,6,0,2
BRDA:151,6,1,1
BRDA:157,7,0,1
BRDA:157,7,1,1
BRDA:168,8,0,0
BRDA:168,8,1,1
BRDA:170,9,0,0
BRDA:170,9,1,1
BRDA:202,10,0,0
BRDA:202,10,1,0
BRDA:205,11,0,0
BRDA:205,11,1,0
BRDA:206,12,0,0
BRDA:206,12,1,0
BRDA:207,13,0,0
BRDA:207,13,1,0
BRDA:208,14,0,0
BRDA:208,14,1,0
BRDA:209,15,0,0
BRDA:209,15,1,0
BRDA:209,15,2,0
BRDA:210,16,0,0
BRDA:210,16,1,0
BRDA:210,16,2,0
BRDA:211,17,0,0
BRDA:211,17,1,0
BRDA:211,17,2,0
BRDA:212,18,0,0
BRDA:212,18,1,0
BRDA:213,19,0,0
BRDA:213,19,1,0
BRDA:213,19,2,0
BRDA:214,20,0,0
BRDA:214,20,1,0
BRDA:214,20,2,0
BRDA:215,21,0,0
BRDA:215,21,1,0
BRDA:216,22,0,0
BRDA:216,22,1,0
BRDA:234,23,0,0
BRDA:234,23,1,2
BRDA:236,24,0,1
BRDA:236,24,1,1
BRDA:259,25,0,0
BRDA:259,26,0,0
BRDA:267,27,0,0
BRDA:267,27,1,1
BRDA:284,28,0,2
BRDA:289,29,0,0
BRDA:289,29,1,2
BRDA:297,30,0,0
BRDA:297,30,1,2
BRDA:300,31,0,2
BRDA:300,31,1,0
BRDA:314,32,0,0
BRDA:314,32,1,2
BRDA:316,33,0,0
BRDA:316,33,1,2
BRDA:335,34,0,3
BRDA:335,34,1,1
BRDA:341,35,0,1
BRDA:341,35,1,1
BRDA:350,36,0,0
BRDA:350,36,1,1
BRDA:352,37,0,0
BRDA:352,37,1,1
BRDA:364,38,0,1
BRDA:370,39,0,1
BRDA:370,39,1,1
BRDA:375,40,0,0
BRDA:375,40,1,1
BRDA:427,41,0,0
BRDA:427,41,1,1
BRDA:429,42,0,0
BRDA:429,42,1,1
BRDA:450,43,0,1
BRDA:450,43,1,1
BRDA:456,44,0,1
BRDA:456,44,1,1
BRDA:467,45,0,0
BRDA:467,45,1,1
BRF:93
BRH:40
end_of_record
TN:
SF:services\questErrorHandler.js
FN:44,sendError
FN:60,handleCatchError
FN:65,checkQuestOwnership
FNF:3
FNH:3
FNDA:3,sendError
FNDA:2,handleCatchError
FNDA:3,checkQuestOwnership
DA:6,1
DA:45,3
DA:47,3
DA:53,3
DA:54,2
DA:57,3
DA:61,2
DA:62,2
DA:66,3
DA:69,1
LF:10
LH:10
BRDA:44,0,0,1
BRDA:45,1,0,3
BRDA:45,1,1,0
BRDA:53,2,0,2
BRDA:53,2,1,1
BRDA:60,3,0,0
BRF:6
BRH:4
end_of_record
TN:
SF:services\sessionService.js
FN:16,createSession
FN:40,invalidateToken
FN:47,isTokenBlacklisted
FN:54,invalidateUserSessions
FN:63,getUserSessions
FN:70,getSessionStats
FN:72,(anonymous_6)
FN:81,resetState
FNF:8
FNH:8
FNDA:26,createSession
FNDA:6,invalidateToken
FNDA:7,isTokenBlacklisted
FNDA:3,invalidateUserSessions
FNDA:13,getUserSessions
FNDA:2,getSessionStats
FNDA:2,(anonymous_6)
FNDA:16,resetState
DA:8,2
DA:11,2
DA:17,26
DA:18,13
DA:21,26
DA:27,26
DA:30,26
DA:31,5
DA:34,26
DA:41,6
DA:48,7
DA:55,3
DA:56,3
DA:64,13
DA:71,2
DA:72,2
DA:82,16
DA:83,16
DA:86,2
LF:19
LH:19
BRDA:17,0,0,13
BRDA:17,0,1,13
BRDA:30,1,0,5
BRDA:30,1,1,21
BRDA:55,2,0,3
BRDA:55,2,1,0
BRDA:64,3,0,13
BRDA:64,3,1,4
BRF:8
BRH:7
end_of_record
TN:
SF:services\statsErrorHandler.js
FN:29,sendError
FN:45,handleCatchError
FNF:2
FNH:2
FNDA:1,sendError
FNDA:1,handleCatchError
DA:6,1
DA:30,1
DA:32,1
DA:38,1
DA:39,1
DA:42,1
DA:46,1
DA:47,1
DA:50,1
LF:9
LH:9
BRDA:29,0,0,0
BRDA:30,1,0,1
BRDA:30,1,1,0
BRDA:38,2,0,1
BRDA:38,2,1,0
BRDA:45,3,0,0
BRF:6
BRH:2
end_of_record
TN:
SF:services\userErrorHandler.js
FN:34,sendError
FN:50,handleCatchError
FNF:2
FNH:0
FNDA:0,sendError
FNDA:0,handleCatchError
DA:6,1
DA:35,0
DA:37,0
DA:43,0
DA:44,0
DA:47,0
DA:51,0
DA:52,0
DA:55,1
LF:9
LH:2
BRDA:34,0,0,0
BRDA:35,1,0,0
BRDA:35,1,1,0
BRDA:43,2,0,0
BRDA:43,2,1,0
BRDA:50,3,0,0
BRF:6
BRH:0
end_of_record
TN:
SF:services\visionService.js
FN:17,loadModel
FN:33,parsePythonCommand
FN:47,runProcess
FN:48,(anonymous_3)
FN:53,(anonymous_4)
FN:57,(anonymous_5)
FN:61,(anonymous_6)
FN:62,(anonymous_7)
FN:72,detectWithYolo
FN:97,preprocessImage
FN:113,createFocusCrop
FN:147,rectIntersectsCircle
FN:156,normalizeYoloPredictions
FN:158,(anonymous_13)
FN:160,(anonymous_14)
FN:175,(anonymous_15)
FN:176,(anonymous_16)
FN:177,(anonymous_17)
FN:180,jimpToTensor
FN:197,detectOnImage
FN:198,(anonymous_20)
FN:206,mergePredictions
FN:232,(anonymous_22)
FN:235,detectImage
FN:268,(anonymous_24)
FN:291,(anonymous_25)
FN:292,(anonymous_26)
FN:298,(anonymous_27)
FN:299,(anonymous_28)
FN:315,(anonymous_29)
FNF:30
FNH:0
FNDA:0,loadModel
FNDA:0,parsePythonCommand
FNDA:0,runProcess
FNDA:0,(anonymous_3)
FNDA:0,(anonymous_4)
FNDA:0,(anonymous_5)
FNDA:0,(anonymous_6)
FNDA:0,(anonymous_7)
FNDA:0,detectWithYolo
FNDA:0,preprocessImage
FNDA:0,createFocusCrop
FNDA:0,rectIntersectsCircle
FNDA:0,normalizeYoloPredictions
FNDA:0,(anonymous_13)
FNDA:0,(anonymous_14)
FNDA:0,(anonymous_15)
FNDA:0,(anonymous_16)
FNDA:0,(anonymous_17)
FNDA:0,jimpToTensor
FNDA:0,detectOnImage
FNDA:0,(anonymous_20)
FNDA:0,mergePredictions
FNDA:0,(anonymous_22)
FNDA:0,detectImage
FNDA:0,(anonymous_24)
FNDA:0,(anonymous_25)
FNDA:0,(anonymous_26)
FNDA:0,(anonymous_27)
FNDA:0,(anonymous_28)
FNDA:0,(anonymous_29)
DA:1,1
DA:2,1
DA:3,1
DA:4,1
DA:5,1
DA:6,1
DA:7,1
DA:9,1
DA:11,1
DA:12,1
DA:13,1
DA:15,1
DA:18,0
DA:19,0
DA:20,0
DA:21,0
DA:22,0
DA:23,0
DA:25,0
DA:26,0
DA:27,0
DA:30,0
DA:34,0
DA:35,0
DA:36,0
DA:37,0
DA:40,0
DA:48,0
DA:49,0
DA:50,0
DA:51,0
DA:53,0
DA:54,0
DA:57,0
DA:58,0
DA:61,0
DA:62,0
DA:63,0
DA:64,0
DA:65,0
DA:67,0
DA:73,0
DA:74,0
DA:76,0
DA:77,0
DA:78,0
DA:83,0
DA:84,0
DA:85,0
DA:88,0
DA:90,0
DA:94,0
DA:98,0
DA:99,0
DA:102,0
DA:108,0
DA:109,0
DA:110,0
DA:114,0
DA:115,0
DA:116,0
DA:117,0
DA:118,0
DA:120,0
DA:121,0
DA:122,0
DA:123,0
DA:124,0
DA:126,0
DA:127,0
DA:128,0
DA:130,0
DA:137,0
DA:148,0
DA:149,0
DA:150,0
DA:151,0
DA:152,0
DA:153,0
DA:157,0
DA:159,0
DA:160,0
DA:161,0
DA:164,0
DA:165,0
DA:167,0
DA:175,0
DA:176,0
DA:177,0
DA:181,0
DA:182,0
DA:184,0
DA:185,0
DA:186,0
DA:187,0
DA:190,0
DA:198,0
DA:199,0
DA:200,0
DA:202,0
DA:207,0
DA:209,0
DA:210,0
DA:211,0
DA:212,0
DA:220,0
DA:221,0
DA:222,0
DA:223,0
DA:224,0
DA:232,0
DA:236,0
DA:237,0
DA:239,0
DA:240,0
DA:241,0
DA:242,0
DA:244,0
DA:245,0
DA:247,0
DA:248,0
DA:249,0
DA:251,0
DA:252,0
DA:253,0
DA:254,0
DA:256,0
DA:257,0
DA:259,0
DA:263,0
DA:264,0
DA:265,0
DA:268,0
DA:278,0
DA:279,0
DA:281,0
DA:289,0
DA:290,0
DA:291,0
DA:292,0
DA:298,0
DA:299,0
DA:301,0
DA:302,0
DA:310,0
DA:312,0
DA:315,0
DA:323,0
DA:324,0
DA:333,1
LF:150
LH:13
BRDA:18,0,0,0
BRDA:18,0,1,0
BRDA:35,1,0,0
BRDA:35,1,1,0
BRDA:35,2,0,0
BRDA:35,2,1,0
BRDA:63,3,0,0
BRDA:63,3,1,0
BRDA:67,4,0,0
BRDA:67,4,1,0
BRDA:83,5,0,0
BRDA:83,5,1,0
BRDA:84,6,0,0
BRDA:84,6,1,0
BRDA:88,7,0,0
BRDA:88,7,1,0
BRDA:94,8,0,0
BRDA:94,8,1,0
BRDA:98,9,0,0
BRDA:98,9,1,0
BRDA:113,10,0,0
BRDA:117,11,0,0
BRDA:117,11,1,0
BRDA:159,12,0,0
BRDA:159,12,1,0
BRDA:160,13,0,0
BRDA:160,13,1,0
BRDA:168,14,0,0
BRDA:168,14,1,0
BRDA:169,15,0,0
BRDA:169,15,1,0
BRDA:211,16,0,0
BRDA:211,16,1,0
BRDA:211,17,0,0
BRDA:211,17,1,0
BRDA:223,18,0,0
BRDA:223,18,1,0
BRDA:223,19,0,0
BRDA:223,19,1,0
BRDA:235,20,0,0
BRDA:236,21,0,0
BRDA:236,21,1,0
BRDA:237,22,0,0
BRDA:237,22,1,0
BRDA:247,23,0,0
BRDA:247,23,1,0
BRDA:263,24,0,0
BRDA:263,24,1,0
BRDA:263,25,0,0
BRDA:263,25,1,0
BRDA:285,26,0,0
BRDA:285,26,1,0
BRDA:301,27,0,0
BRDA:301,27,1,0
BRDA:306,28,0,0
BRDA:306,28,1,0
BRF:56
BRH:0
end_of_record
